[Wed Aug 09 14:14:49.694530 2023] [php7:error] [pid 5312:tid 1180] [client ::1:61997] script 'C:/MES/MES/home_htdocs/book.localhost/public_html/ch1/hellp.php' not found or unable to stat
[Wed Aug 09 14:15:06.155641 2023] [php7:error] [pid 5312:tid 1172] [client ::1:61998] PHP Parse error:  syntax error, unexpected '=' in C:\\MES\\MES\\home_htdocs\\book.localhost\\public_html\\ch1\\hello.php on line 2
[Wed Aug 09 14:15:28.039969 2023] [php7:error] [pid 5312:tid 1180] [client ::1:62013] PHP Parse error:  syntax error, unexpected '=' in C:\\MES\\MES\\home_htdocs\\book.localhost\\public_html\\ch1\\hello.php on line 2
[Wed Aug 09 14:15:28.468313 2023] [php7:error] [pid 5312:tid 1180] [client ::1:62013] PHP Parse error:  syntax error, unexpected '=' in C:\\MES\\MES\\home_htdocs\\book.localhost\\public_html\\ch1\\hello.php on line 2
[Wed Aug 09 14:15:28.620085 2023] [php7:error] [pid 5312:tid 1180] [client ::1:62013] PHP Parse error:  syntax error, unexpected '=' in C:\\MES\\MES\\home_htdocs\\book.localhost\\public_html\\ch1\\hello.php on line 2
[Wed Aug 09 14:15:28.770328 2023] [php7:error] [pid 5312:tid 1180] [client ::1:62013] PHP Parse error:  syntax error, unexpected '=' in C:\\MES\\MES\\home_htdocs\\book.localhost\\public_html\\ch1\\hello.php on line 2
[Wed Aug 09 14:15:28.934663 2023] [php7:error] [pid 5312:tid 1180] [client ::1:62013] PHP Parse error:  syntax error, unexpected '=' in C:\\MES\\MES\\home_htdocs\\book.localhost\\public_html\\ch1\\hello.php on line 2
[Wed Aug 09 14:15:29.110659 2023] [php7:error] [pid 5312:tid 1180] [client ::1:62013] PHP Parse error:  syntax error, unexpected '=' in C:\\MES\\MES\\home_htdocs\\book.localhost\\public_html\\ch1\\hello.php on line 2
[Wed Aug 09 14:15:29.514208 2023] [php7:error] [pid 5312:tid 1180] [client ::1:62013] PHP Parse error:  syntax error, unexpected '=' in C:\\MES\\MES\\home_htdocs\\book.localhost\\public_html\\ch1\\hello.php on line 2
[Wed Aug 09 14:53:58.284135 2023] [php7:error] [pid 5312:tid 1180] [client ::1:63715] PHP Parse error:  syntax error, unexpected 'echo' (T_ECHO), expecting ';' or ',' in C:\\MES\\MES\\home_htdocs\\book.localhost\\public_html\\ch2\\echo.php on line 14
[Wed Aug 09 15:11:01.193351 2023] [php7:notice] [pid 7408:tid 1172] [client ::1:64448] PHP Notice:  Undefined variable: name\xeb\x8b\x98 in C:\\MES\\MES\\home_htdocs\\book.localhost\\public_html\\ch2\\quot3.php on line 3
[Wed Aug 09 16:14:54.648755 2023] [php7:error] [pid 7408:tid 1172] [client ::1:51005] script 'C:/MES/MES/home_htdocs/book.localhost/public_html/ch4/print_100_300_while.php' not found or unable to stat
[Thu Aug 10 14:26:30.880352 2023] [php7:warn] [pid 4276:tid 1172] [client ::1:55867] PHP Warning:  Use of undefined constant i - assumed 'i' (this will throw an Error in a future version of PHP) in C:\\MES\\MES\\home_htdocs\\book.localhost\\public_html\\ch4\\array_gugudan.php on line 12
[Thu Aug 10 14:26:30.880352 2023] [php7:warn] [pid 4276:tid 1172] [client ::1:55867] PHP Warning:  A non-numeric value encountered in C:\\MES\\MES\\home_htdocs\\book.localhost\\public_html\\ch4\\array_gugudan.php on line 12
[Thu Aug 10 14:26:30.880352 2023] [php7:warn] [pid 4276:tid 1172] [client ::1:55867] PHP Warning:  Use of undefined constant i - assumed 'i' (this will throw an Error in a future version of PHP) in C:\\MES\\MES\\home_htdocs\\book.localhost\\public_html\\ch4\\array_gugudan.php on line 12
[Thu Aug 10 14:26:30.880352 2023] [php7:warn] [pid 4276:tid 1172] [client ::1:55867] PHP Warning:  A non-numeric value encountered in C:\\MES\\MES\\home_htdocs\\book.localhost\\public_html\\ch4\\array_gugudan.php on line 12
[Thu Aug 10 14:26:30.880352 2023] [php7:warn] [pid 4276:tid 1172] [client ::1:55867] PHP Warning:  Use of undefined constant i - assumed 'i' (this will throw an Error in a future version of PHP) in C:\\MES\\MES\\home_htdocs\\book.localhost\\public_html\\ch4\\array_gugudan.php on line 12
[Thu Aug 10 14:26:30.880352 2023] [php7:warn] [pid 4276:tid 1172] [client ::1:55867] PHP Warning:  A non-numeric value encountered in C:\\MES\\MES\\home_htdocs\\book.localhost\\public_html\\ch4\\array_gugudan.php on line 12
[Thu Aug 10 14:26:30.880352 2023] [php7:warn] [pid 4276:tid 1172] [client ::1:55867] PHP Warning:  Use of undefined constant i - assumed 'i' (this will throw an Error in a future version of PHP) in C:\\MES\\MES\\home_htdocs\\book.localhost\\public_html\\ch4\\array_gugudan.php on line 12
[Thu Aug 10 14:26:30.880352 2023] [php7:warn] [pid 4276:tid 1172] [client ::1:55867] PHP Warning:  A non-numeric value encountered in C:\\MES\\MES\\home_htdocs\\book.localhost\\public_html\\ch4\\array_gugudan.php on line 12
[Thu Aug 10 14:26:30.880352 2023] [php7:warn] [pid 4276:tid 1172] [client ::1:55867] PHP Warning:  Use of undefined constant i - assumed 'i' (this will throw an Error in a future version of PHP) in C:\\MES\\MES\\home_htdocs\\book.localhost\\public_html\\ch4\\array_gugudan.php on line 12
[Thu Aug 10 14:26:30.880352 2023] [php7:warn] [pid 4276:tid 1172] [client ::1:55867] PHP Warning:  A non-numeric value encountered in C:\\MES\\MES\\home_htdocs\\book.localhost\\public_html\\ch4\\array_gugudan.php on line 12
[Thu Aug 10 14:26:30.880352 2023] [php7:warn] [pid 4276:tid 1172] [client ::1:55867] PHP Warning:  Use of undefined constant i - assumed 'i' (this will throw an Error in a future version of PHP) in C:\\MES\\MES\\home_htdocs\\book.localhost\\public_html\\ch4\\array_gugudan.php on line 12
[Thu Aug 10 14:26:30.880352 2023] [php7:warn] [pid 4276:tid 1172] [client ::1:55867] PHP Warning:  A non-numeric value encountered in C:\\MES\\MES\\home_htdocs\\book.localhost\\public_html\\ch4\\array_gugudan.php on line 12
[Thu Aug 10 14:26:30.880352 2023] [php7:warn] [pid 4276:tid 1172] [client ::1:55867] PHP Warning:  Use of undefined constant i - assumed 'i' (this will throw an Error in a future version of PHP) in C:\\MES\\MES\\home_htdocs\\book.localhost\\public_html\\ch4\\array_gugudan.php on line 12
[Thu Aug 10 14:26:30.880352 2023] [php7:warn] [pid 4276:tid 1172] [client ::1:55867] PHP Warning:  A non-numeric value encountered in C:\\MES\\MES\\home_htdocs\\book.localhost\\public_html\\ch4\\array_gugudan.php on line 12
[Thu Aug 10 14:26:30.880352 2023] [php7:warn] [pid 4276:tid 1172] [client ::1:55867] PHP Warning:  Use of undefined constant i - assumed 'i' (this will throw an Error in a future version of PHP) in C:\\MES\\MES\\home_htdocs\\book.localhost\\public_html\\ch4\\array_gugudan.php on line 12
[Thu Aug 10 14:26:30.880352 2023] [php7:warn] [pid 4276:tid 1172] [client ::1:55867] PHP Warning:  A non-numeric value encountered in C:\\MES\\MES\\home_htdocs\\book.localhost\\public_html\\ch4\\array_gugudan.php on line 12
[Thu Aug 10 14:26:30.880352 2023] [php7:warn] [pid 4276:tid 1172] [client ::1:55867] PHP Warning:  Use of undefined constant i - assumed 'i' (this will throw an Error in a future version of PHP) in C:\\MES\\MES\\home_htdocs\\book.localhost\\public_html\\ch4\\array_gugudan.php on line 12
[Thu Aug 10 14:26:30.880352 2023] [php7:warn] [pid 4276:tid 1172] [client ::1:55867] PHP Warning:  A non-numeric value encountered in C:\\MES\\MES\\home_htdocs\\book.localhost\\public_html\\ch4\\array_gugudan.php on line 12
[Thu Aug 10 14:34:28.816740 2023] [php7:notice] [pid 4276:tid 1172] [client ::1:56091] PHP Notice:  Undefined variable: a in C:\\MES\\MES\\home_htdocs\\book.localhost\\public_html\\ch4\\array_gugudan.php on line 4
[Thu Aug 10 14:34:28.816740 2023] [php7:notice] [pid 4276:tid 1172] [client ::1:56091] PHP Notice:  Trying to access array offset on value of type null in C:\\MES\\MES\\home_htdocs\\book.localhost\\public_html\\ch4\\array_gugudan.php on line 4
[Thu Aug 10 14:34:28.816740 2023] [php7:notice] [pid 4276:tid 1172] [client ::1:56091] PHP Notice:  Undefined variable: a in C:\\MES\\MES\\home_htdocs\\book.localhost\\public_html\\ch4\\array_gugudan.php on line 4
[Thu Aug 10 14:34:28.816740 2023] [php7:notice] [pid 4276:tid 1172] [client ::1:56091] PHP Notice:  Trying to access array offset on value of type null in C:\\MES\\MES\\home_htdocs\\book.localhost\\public_html\\ch4\\array_gugudan.php on line 4
[Thu Aug 10 14:34:28.816740 2023] [php7:notice] [pid 4276:tid 1172] [client ::1:56091] PHP Notice:  Undefined variable: a in C:\\MES\\MES\\home_htdocs\\book.localhost\\public_html\\ch4\\array_gugudan.php on line 4
[Thu Aug 10 14:34:28.816740 2023] [php7:notice] [pid 4276:tid 1172] [client ::1:56091] PHP Notice:  Trying to access array offset on value of type null in C:\\MES\\MES\\home_htdocs\\book.localhost\\public_html\\ch4\\array_gugudan.php on line 4
[Thu Aug 10 14:34:28.816740 2023] [php7:notice] [pid 4276:tid 1172] [client ::1:56091] PHP Notice:  Undefined variable: a in C:\\MES\\MES\\home_htdocs\\book.localhost\\public_html\\ch4\\array_gugudan.php on line 4
[Thu Aug 10 14:34:28.816740 2023] [php7:notice] [pid 4276:tid 1172] [client ::1:56091] PHP Notice:  Trying to access array offset on value of type null in C:\\MES\\MES\\home_htdocs\\book.localhost\\public_html\\ch4\\array_gugudan.php on line 4
[Thu Aug 10 14:34:28.816740 2023] [php7:notice] [pid 4276:tid 1172] [client ::1:56091] PHP Notice:  Undefined variable: a in C:\\MES\\MES\\home_htdocs\\book.localhost\\public_html\\ch4\\array_gugudan.php on line 4
[Thu Aug 10 14:34:28.816740 2023] [php7:notice] [pid 4276:tid 1172] [client ::1:56091] PHP Notice:  Trying to access array offset on value of type null in C:\\MES\\MES\\home_htdocs\\book.localhost\\public_html\\ch4\\array_gugudan.php on line 4
[Thu Aug 10 14:34:28.816740 2023] [php7:notice] [pid 4276:tid 1172] [client ::1:56091] PHP Notice:  Undefined variable: a in C:\\MES\\MES\\home_htdocs\\book.localhost\\public_html\\ch4\\array_gugudan.php on line 4
[Thu Aug 10 14:34:28.816740 2023] [php7:notice] [pid 4276:tid 1172] [client ::1:56091] PHP Notice:  Trying to access array offset on value of type null in C:\\MES\\MES\\home_htdocs\\book.localhost\\public_html\\ch4\\array_gugudan.php on line 4
[Thu Aug 10 14:34:28.816740 2023] [php7:notice] [pid 4276:tid 1172] [client ::1:56091] PHP Notice:  Undefined variable: a in C:\\MES\\MES\\home_htdocs\\book.localhost\\public_html\\ch4\\array_gugudan.php on line 4
[Thu Aug 10 14:34:28.816740 2023] [php7:notice] [pid 4276:tid 1172] [client ::1:56091] PHP Notice:  Trying to access array offset on value of type null in C:\\MES\\MES\\home_htdocs\\book.localhost\\public_html\\ch4\\array_gugudan.php on line 4
[Thu Aug 10 14:34:28.816740 2023] [php7:notice] [pid 4276:tid 1172] [client ::1:56091] PHP Notice:  Undefined variable: a in C:\\MES\\MES\\home_htdocs\\book.localhost\\public_html\\ch4\\array_gugudan.php on line 4
[Thu Aug 10 14:34:28.816740 2023] [php7:notice] [pid 4276:tid 1172] [client ::1:56091] PHP Notice:  Trying to access array offset on value of type null in C:\\MES\\MES\\home_htdocs\\book.localhost\\public_html\\ch4\\array_gugudan.php on line 4
[Thu Aug 10 14:34:28.816740 2023] [php7:notice] [pid 4276:tid 1172] [client ::1:56091] PHP Notice:  Undefined variable: a in C:\\MES\\MES\\home_htdocs\\book.localhost\\public_html\\ch4\\array_gugudan.php on line 8
[Thu Aug 10 14:34:28.816740 2023] [php7:notice] [pid 4276:tid 1172] [client ::1:56091] PHP Notice:  Undefined variable: a in C:\\MES\\MES\\home_htdocs\\book.localhost\\public_html\\ch4\\array_gugudan.php on line 21
[Thu Aug 10 14:34:28.816740 2023] [php7:warn] [pid 4276:tid 1172] [client ::1:56091] PHP Warning:  sizeof(): Parameter must be an array or an object that implements Countable in C:\\MES\\MES\\home_htdocs\\book.localhost\\public_html\\ch4\\array_gugudan.php on line 21
[Thu Aug 10 14:34:51.259388 2023] [php7:notice] [pid 4276:tid 1164] [client ::1:56092] PHP Notice:  Undefined variable: a in C:\\MES\\MES\\home_htdocs\\book.localhost\\public_html\\ch4\\array_gugudan.php on line 4
[Thu Aug 10 14:34:51.259388 2023] [php7:notice] [pid 4276:tid 1164] [client ::1:56092] PHP Notice:  Trying to access array offset on value of type null in C:\\MES\\MES\\home_htdocs\\book.localhost\\public_html\\ch4\\array_gugudan.php on line 4
[Thu Aug 10 14:34:51.259388 2023] [php7:notice] [pid 4276:tid 1164] [client ::1:56092] PHP Notice:  Undefined variable: a in C:\\MES\\MES\\home_htdocs\\book.localhost\\public_html\\ch4\\array_gugudan.php on line 4
[Thu Aug 10 14:34:51.259388 2023] [php7:notice] [pid 4276:tid 1164] [client ::1:56092] PHP Notice:  Trying to access array offset on value of type null in C:\\MES\\MES\\home_htdocs\\book.localhost\\public_html\\ch4\\array_gugudan.php on line 4
[Thu Aug 10 14:34:51.259388 2023] [php7:notice] [pid 4276:tid 1164] [client ::1:56092] PHP Notice:  Undefined variable: a in C:\\MES\\MES\\home_htdocs\\book.localhost\\public_html\\ch4\\array_gugudan.php on line 4
[Thu Aug 10 14:34:51.259388 2023] [php7:notice] [pid 4276:tid 1164] [client ::1:56092] PHP Notice:  Trying to access array offset on value of type null in C:\\MES\\MES\\home_htdocs\\book.localhost\\public_html\\ch4\\array_gugudan.php on line 4
[Thu Aug 10 14:34:51.259388 2023] [php7:notice] [pid 4276:tid 1164] [client ::1:56092] PHP Notice:  Undefined variable: a in C:\\MES\\MES\\home_htdocs\\book.localhost\\public_html\\ch4\\array_gugudan.php on line 4
[Thu Aug 10 14:34:51.259388 2023] [php7:notice] [pid 4276:tid 1164] [client ::1:56092] PHP Notice:  Trying to access array offset on value of type null in C:\\MES\\MES\\home_htdocs\\book.localhost\\public_html\\ch4\\array_gugudan.php on line 4
[Thu Aug 10 14:34:51.259388 2023] [php7:notice] [pid 4276:tid 1164] [client ::1:56092] PHP Notice:  Undefined variable: a in C:\\MES\\MES\\home_htdocs\\book.localhost\\public_html\\ch4\\array_gugudan.php on line 4
[Thu Aug 10 14:34:51.259388 2023] [php7:notice] [pid 4276:tid 1164] [client ::1:56092] PHP Notice:  Trying to access array offset on value of type null in C:\\MES\\MES\\home_htdocs\\book.localhost\\public_html\\ch4\\array_gugudan.php on line 4
[Thu Aug 10 14:34:51.259388 2023] [php7:notice] [pid 4276:tid 1164] [client ::1:56092] PHP Notice:  Undefined variable: a in C:\\MES\\MES\\home_htdocs\\book.localhost\\public_html\\ch4\\array_gugudan.php on line 4
[Thu Aug 10 14:34:51.259388 2023] [php7:notice] [pid 4276:tid 1164] [client ::1:56092] PHP Notice:  Trying to access array offset on value of type null in C:\\MES\\MES\\home_htdocs\\book.localhost\\public_html\\ch4\\array_gugudan.php on line 4
[Thu Aug 10 14:34:51.259388 2023] [php7:notice] [pid 4276:tid 1164] [client ::1:56092] PHP Notice:  Undefined variable: a in C:\\MES\\MES\\home_htdocs\\book.localhost\\public_html\\ch4\\array_gugudan.php on line 4
[Thu Aug 10 14:34:51.259388 2023] [php7:notice] [pid 4276:tid 1164] [client ::1:56092] PHP Notice:  Trying to access array offset on value of type null in C:\\MES\\MES\\home_htdocs\\book.localhost\\public_html\\ch4\\array_gugudan.php on line 4
[Thu Aug 10 14:34:51.259388 2023] [php7:notice] [pid 4276:tid 1164] [client ::1:56092] PHP Notice:  Undefined variable: a in C:\\MES\\MES\\home_htdocs\\book.localhost\\public_html\\ch4\\array_gugudan.php on line 4
[Thu Aug 10 14:34:51.259388 2023] [php7:notice] [pid 4276:tid 1164] [client ::1:56092] PHP Notice:  Trying to access array offset on value of type null in C:\\MES\\MES\\home_htdocs\\book.localhost\\public_html\\ch4\\array_gugudan.php on line 4
[Thu Aug 10 14:34:51.259388 2023] [php7:notice] [pid 4276:tid 1164] [client ::1:56092] PHP Notice:  Undefined variable: a in C:\\MES\\MES\\home_htdocs\\book.localhost\\public_html\\ch4\\array_gugudan.php on line 8
[Thu Aug 10 14:34:51.259388 2023] [php7:notice] [pid 4276:tid 1164] [client ::1:56092] PHP Notice:  Undefined variable: a in C:\\MES\\MES\\home_htdocs\\book.localhost\\public_html\\ch4\\array_gugudan.php on line 21
[Thu Aug 10 14:34:51.259388 2023] [php7:warn] [pid 4276:tid 1164] [client ::1:56092] PHP Warning:  sizeof(): Parameter must be an array or an object that implements Countable in C:\\MES\\MES\\home_htdocs\\book.localhost\\public_html\\ch4\\array_gugudan.php on line 21
[Thu Aug 10 14:35:38.682414 2023] [php7:notice] [pid 4276:tid 1172] [client ::1:56103] PHP Notice:  Undefined variable: a in C:\\MES\\MES\\home_htdocs\\book.localhost\\public_html\\ch4\\array_gugudan.php on line 4
[Thu Aug 10 14:35:38.682414 2023] [php7:notice] [pid 4276:tid 1172] [client ::1:56103] PHP Notice:  Trying to access array offset on value of type null in C:\\MES\\MES\\home_htdocs\\book.localhost\\public_html\\ch4\\array_gugudan.php on line 4
[Thu Aug 10 14:35:38.682414 2023] [php7:notice] [pid 4276:tid 1172] [client ::1:56103] PHP Notice:  Undefined variable: a in C:\\MES\\MES\\home_htdocs\\book.localhost\\public_html\\ch4\\array_gugudan.php on line 4
[Thu Aug 10 14:35:38.682414 2023] [php7:notice] [pid 4276:tid 1172] [client ::1:56103] PHP Notice:  Trying to access array offset on value of type null in C:\\MES\\MES\\home_htdocs\\book.localhost\\public_html\\ch4\\array_gugudan.php on line 4
[Thu Aug 10 14:35:38.682414 2023] [php7:notice] [pid 4276:tid 1172] [client ::1:56103] PHP Notice:  Undefined variable: a in C:\\MES\\MES\\home_htdocs\\book.localhost\\public_html\\ch4\\array_gugudan.php on line 4
[Thu Aug 10 14:35:38.682414 2023] [php7:notice] [pid 4276:tid 1172] [client ::1:56103] PHP Notice:  Trying to access array offset on value of type null in C:\\MES\\MES\\home_htdocs\\book.localhost\\public_html\\ch4\\array_gugudan.php on line 4
[Thu Aug 10 14:35:38.682414 2023] [php7:notice] [pid 4276:tid 1172] [client ::1:56103] PHP Notice:  Undefined variable: a in C:\\MES\\MES\\home_htdocs\\book.localhost\\public_html\\ch4\\array_gugudan.php on line 4
[Thu Aug 10 14:35:38.682414 2023] [php7:notice] [pid 4276:tid 1172] [client ::1:56103] PHP Notice:  Trying to access array offset on value of type null in C:\\MES\\MES\\home_htdocs\\book.localhost\\public_html\\ch4\\array_gugudan.php on line 4
[Thu Aug 10 14:35:38.682414 2023] [php7:notice] [pid 4276:tid 1172] [client ::1:56103] PHP Notice:  Undefined variable: a in C:\\MES\\MES\\home_htdocs\\book.localhost\\public_html\\ch4\\array_gugudan.php on line 4
[Thu Aug 10 14:35:38.682414 2023] [php7:notice] [pid 4276:tid 1172] [client ::1:56103] PHP Notice:  Trying to access array offset on value of type null in C:\\MES\\MES\\home_htdocs\\book.localhost\\public_html\\ch4\\array_gugudan.php on line 4
[Thu Aug 10 14:35:38.682414 2023] [php7:notice] [pid 4276:tid 1172] [client ::1:56103] PHP Notice:  Undefined variable: a in C:\\MES\\MES\\home_htdocs\\book.localhost\\public_html\\ch4\\array_gugudan.php on line 4
[Thu Aug 10 14:35:38.682414 2023] [php7:notice] [pid 4276:tid 1172] [client ::1:56103] PHP Notice:  Trying to access array offset on value of type null in C:\\MES\\MES\\home_htdocs\\book.localhost\\public_html\\ch4\\array_gugudan.php on line 4
[Thu Aug 10 14:35:38.682414 2023] [php7:notice] [pid 4276:tid 1172] [client ::1:56103] PHP Notice:  Undefined variable: a in C:\\MES\\MES\\home_htdocs\\book.localhost\\public_html\\ch4\\array_gugudan.php on line 4
[Thu Aug 10 14:35:38.682414 2023] [php7:notice] [pid 4276:tid 1172] [client ::1:56103] PHP Notice:  Trying to access array offset on value of type null in C:\\MES\\MES\\home_htdocs\\book.localhost\\public_html\\ch4\\array_gugudan.php on line 4
[Thu Aug 10 14:35:38.682414 2023] [php7:notice] [pid 4276:tid 1172] [client ::1:56103] PHP Notice:  Undefined variable: a in C:\\MES\\MES\\home_htdocs\\book.localhost\\public_html\\ch4\\array_gugudan.php on line 4
[Thu Aug 10 14:35:38.682414 2023] [php7:notice] [pid 4276:tid 1172] [client ::1:56103] PHP Notice:  Trying to access array offset on value of type null in C:\\MES\\MES\\home_htdocs\\book.localhost\\public_html\\ch4\\array_gugudan.php on line 4
[Thu Aug 10 14:35:38.682414 2023] [php7:notice] [pid 4276:tid 1172] [client ::1:56103] PHP Notice:  Undefined variable: a in C:\\MES\\MES\\home_htdocs\\book.localhost\\public_html\\ch4\\array_gugudan.php on line 8
[Thu Aug 10 14:35:39.865886 2023] [php7:notice] [pid 4276:tid 1172] [client ::1:56103] PHP Notice:  Undefined variable: a in C:\\MES\\MES\\home_htdocs\\book.localhost\\public_html\\ch4\\array_gugudan.php on line 4
[Thu Aug 10 14:35:39.865886 2023] [php7:notice] [pid 4276:tid 1172] [client ::1:56103] PHP Notice:  Trying to access array offset on value of type null in C:\\MES\\MES\\home_htdocs\\book.localhost\\public_html\\ch4\\array_gugudan.php on line 4
[Thu Aug 10 14:35:39.865886 2023] [php7:notice] [pid 4276:tid 1172] [client ::1:56103] PHP Notice:  Undefined variable: a in C:\\MES\\MES\\home_htdocs\\book.localhost\\public_html\\ch4\\array_gugudan.php on line 4
[Thu Aug 10 14:35:39.865886 2023] [php7:notice] [pid 4276:tid 1172] [client ::1:56103] PHP Notice:  Trying to access array offset on value of type null in C:\\MES\\MES\\home_htdocs\\book.localhost\\public_html\\ch4\\array_gugudan.php on line 4
[Thu Aug 10 14:35:39.865886 2023] [php7:notice] [pid 4276:tid 1172] [client ::1:56103] PHP Notice:  Undefined variable: a in C:\\MES\\MES\\home_htdocs\\book.localhost\\public_html\\ch4\\array_gugudan.php on line 4
[Thu Aug 10 14:35:39.865886 2023] [php7:notice] [pid 4276:tid 1172] [client ::1:56103] PHP Notice:  Trying to access array offset on value of type null in C:\\MES\\MES\\home_htdocs\\book.localhost\\public_html\\ch4\\array_gugudan.php on line 4
[Thu Aug 10 14:35:39.865886 2023] [php7:notice] [pid 4276:tid 1172] [client ::1:56103] PHP Notice:  Undefined variable: a in C:\\MES\\MES\\home_htdocs\\book.localhost\\public_html\\ch4\\array_gugudan.php on line 4
[Thu Aug 10 14:35:39.865886 2023] [php7:notice] [pid 4276:tid 1172] [client ::1:56103] PHP Notice:  Trying to access array offset on value of type null in C:\\MES\\MES\\home_htdocs\\book.localhost\\public_html\\ch4\\array_gugudan.php on line 4
[Thu Aug 10 14:35:39.865886 2023] [php7:notice] [pid 4276:tid 1172] [client ::1:56103] PHP Notice:  Undefined variable: a in C:\\MES\\MES\\home_htdocs\\book.localhost\\public_html\\ch4\\array_gugudan.php on line 4
[Thu Aug 10 14:35:39.865886 2023] [php7:notice] [pid 4276:tid 1172] [client ::1:56103] PHP Notice:  Trying to access array offset on value of type null in C:\\MES\\MES\\home_htdocs\\book.localhost\\public_html\\ch4\\array_gugudan.php on line 4
[Thu Aug 10 14:35:39.865886 2023] [php7:notice] [pid 4276:tid 1172] [client ::1:56103] PHP Notice:  Undefined variable: a in C:\\MES\\MES\\home_htdocs\\book.localhost\\public_html\\ch4\\array_gugudan.php on line 4
[Thu Aug 10 14:35:39.865886 2023] [php7:notice] [pid 4276:tid 1172] [client ::1:56103] PHP Notice:  Trying to access array offset on value of type null in C:\\MES\\MES\\home_htdocs\\book.localhost\\public_html\\ch4\\array_gugudan.php on line 4
[Thu Aug 10 14:35:39.865886 2023] [php7:notice] [pid 4276:tid 1172] [client ::1:56103] PHP Notice:  Undefined variable: a in C:\\MES\\MES\\home_htdocs\\book.localhost\\public_html\\ch4\\array_gugudan.php on line 4
[Thu Aug 10 14:35:39.865886 2023] [php7:notice] [pid 4276:tid 1172] [client ::1:56103] PHP Notice:  Trying to access array offset on value of type null in C:\\MES\\MES\\home_htdocs\\book.localhost\\public_html\\ch4\\array_gugudan.php on line 4
[Thu Aug 10 14:35:39.865886 2023] [php7:notice] [pid 4276:tid 1172] [client ::1:56103] PHP Notice:  Undefined variable: a in C:\\MES\\MES\\home_htdocs\\book.localhost\\public_html\\ch4\\array_gugudan.php on line 4
[Thu Aug 10 14:35:39.865886 2023] [php7:notice] [pid 4276:tid 1172] [client ::1:56103] PHP Notice:  Trying to access array offset on value of type null in C:\\MES\\MES\\home_htdocs\\book.localhost\\public_html\\ch4\\array_gugudan.php on line 4
[Thu Aug 10 14:35:39.865886 2023] [php7:notice] [pid 4276:tid 1172] [client ::1:56103] PHP Notice:  Undefined variable: a in C:\\MES\\MES\\home_htdocs\\book.localhost\\public_html\\ch4\\array_gugudan.php on line 8
[Thu Aug 10 14:35:40.017895 2023] [php7:notice] [pid 4276:tid 1172] [client ::1:56103] PHP Notice:  Undefined variable: a in C:\\MES\\MES\\home_htdocs\\book.localhost\\public_html\\ch4\\array_gugudan.php on line 4
[Thu Aug 10 14:35:40.017895 2023] [php7:notice] [pid 4276:tid 1172] [client ::1:56103] PHP Notice:  Trying to access array offset on value of type null in C:\\MES\\MES\\home_htdocs\\book.localhost\\public_html\\ch4\\array_gugudan.php on line 4
[Thu Aug 10 14:35:40.017895 2023] [php7:notice] [pid 4276:tid 1172] [client ::1:56103] PHP Notice:  Undefined variable: a in C:\\MES\\MES\\home_htdocs\\book.localhost\\public_html\\ch4\\array_gugudan.php on line 4
[Thu Aug 10 14:35:40.017895 2023] [php7:notice] [pid 4276:tid 1172] [client ::1:56103] PHP Notice:  Trying to access array offset on value of type null in C:\\MES\\MES\\home_htdocs\\book.localhost\\public_html\\ch4\\array_gugudan.php on line 4
[Thu Aug 10 14:35:40.017895 2023] [php7:notice] [pid 4276:tid 1172] [client ::1:56103] PHP Notice:  Undefined variable: a in C:\\MES\\MES\\home_htdocs\\book.localhost\\public_html\\ch4\\array_gugudan.php on line 4
[Thu Aug 10 14:35:40.017895 2023] [php7:notice] [pid 4276:tid 1172] [client ::1:56103] PHP Notice:  Trying to access array offset on value of type null in C:\\MES\\MES\\home_htdocs\\book.localhost\\public_html\\ch4\\array_gugudan.php on line 4
[Thu Aug 10 14:35:40.017895 2023] [php7:notice] [pid 4276:tid 1172] [client ::1:56103] PHP Notice:  Undefined variable: a in C:\\MES\\MES\\home_htdocs\\book.localhost\\public_html\\ch4\\array_gugudan.php on line 4
[Thu Aug 10 14:35:40.017895 2023] [php7:notice] [pid 4276:tid 1172] [client ::1:56103] PHP Notice:  Trying to access array offset on value of type null in C:\\MES\\MES\\home_htdocs\\book.localhost\\public_html\\ch4\\array_gugudan.php on line 4
[Thu Aug 10 14:35:40.017895 2023] [php7:notice] [pid 4276:tid 1172] [client ::1:56103] PHP Notice:  Undefined variable: a in C:\\MES\\MES\\home_htdocs\\book.localhost\\public_html\\ch4\\array_gugudan.php on line 4
[Thu Aug 10 14:35:40.017895 2023] [php7:notice] [pid 4276:tid 1172] [client ::1:56103] PHP Notice:  Trying to access array offset on value of type null in C:\\MES\\MES\\home_htdocs\\book.localhost\\public_html\\ch4\\array_gugudan.php on line 4
[Thu Aug 10 14:35:40.017895 2023] [php7:notice] [pid 4276:tid 1172] [client ::1:56103] PHP Notice:  Undefined variable: a in C:\\MES\\MES\\home_htdocs\\book.localhost\\public_html\\ch4\\array_gugudan.php on line 4
[Thu Aug 10 14:35:40.017895 2023] [php7:notice] [pid 4276:tid 1172] [client ::1:56103] PHP Notice:  Trying to access array offset on value of type null in C:\\MES\\MES\\home_htdocs\\book.localhost\\public_html\\ch4\\array_gugudan.php on line 4
[Thu Aug 10 14:35:40.017895 2023] [php7:notice] [pid 4276:tid 1172] [client ::1:56103] PHP Notice:  Undefined variable: a in C:\\MES\\MES\\home_htdocs\\book.localhost\\public_html\\ch4\\array_gugudan.php on line 4
[Thu Aug 10 14:35:40.017895 2023] [php7:notice] [pid 4276:tid 1172] [client ::1:56103] PHP Notice:  Trying to access array offset on value of type null in C:\\MES\\MES\\home_htdocs\\book.localhost\\public_html\\ch4\\array_gugudan.php on line 4
[Thu Aug 10 14:35:40.017895 2023] [php7:notice] [pid 4276:tid 1172] [client ::1:56103] PHP Notice:  Undefined variable: a in C:\\MES\\MES\\home_htdocs\\book.localhost\\public_html\\ch4\\array_gugudan.php on line 4
[Thu Aug 10 14:35:40.017895 2023] [php7:notice] [pid 4276:tid 1172] [client ::1:56103] PHP Notice:  Trying to access array offset on value of type null in C:\\MES\\MES\\home_htdocs\\book.localhost\\public_html\\ch4\\array_gugudan.php on line 4
[Thu Aug 10 14:35:40.017895 2023] [php7:notice] [pid 4276:tid 1172] [client ::1:56103] PHP Notice:  Undefined variable: a in C:\\MES\\MES\\home_htdocs\\book.localhost\\public_html\\ch4\\array_gugudan.php on line 8
[Thu Aug 10 14:57:04.179339 2023] [php7:error] [pid 4276:tid 1172] [client ::1:56805] PHP Parse error:  syntax error, unexpected '}', expecting ';' or ',' in C:\\MES\\MES\\home_htdocs\\book.localhost\\public_html\\ch4\\array_2d_avg.php on line 18
[Thu Aug 10 14:57:25.520616 2023] [php7:notice] [pid 4276:tid 1164] [client ::1:56811] PHP Notice:  Undefined variable: std_num\xeb\xb2\x88 in C:\\MES\\MES\\home_htdocs\\book.localhost\\public_html\\ch4\\array_2d_avg.php on line 16
[Thu Aug 10 14:57:25.520616 2023] [php7:notice] [pid 4276:tid 1164] [client ::1:56811] PHP Notice:  Undefined variable: avb in C:\\MES\\MES\\home_htdocs\\book.localhost\\public_html\\ch4\\array_2d_avg.php on line 16
[Thu Aug 10 14:57:25.520616 2023] [php7:notice] [pid 4276:tid 1164] [client ::1:56811] PHP Notice:  Undefined variable: std_num\xeb\xb2\x88 in C:\\MES\\MES\\home_htdocs\\book.localhost\\public_html\\ch4\\array_2d_avg.php on line 16
[Thu Aug 10 14:57:25.520616 2023] [php7:notice] [pid 4276:tid 1164] [client ::1:56811] PHP Notice:  Undefined variable: avb in C:\\MES\\MES\\home_htdocs\\book.localhost\\public_html\\ch4\\array_2d_avg.php on line 16
[Thu Aug 10 14:57:25.520616 2023] [php7:notice] [pid 4276:tid 1164] [client ::1:56811] PHP Notice:  Undefined variable: std_num\xeb\xb2\x88 in C:\\MES\\MES\\home_htdocs\\book.localhost\\public_html\\ch4\\array_2d_avg.php on line 16
[Thu Aug 10 14:57:25.520616 2023] [php7:notice] [pid 4276:tid 1164] [client ::1:56811] PHP Notice:  Undefined variable: avb in C:\\MES\\MES\\home_htdocs\\book.localhost\\public_html\\ch4\\array_2d_avg.php on line 16
[Thu Aug 10 14:57:34.324809 2023] [php7:notice] [pid 4276:tid 1172] [client ::1:56822] PHP Notice:  Undefined variable: std_num\xeb\xb2\x88 in C:\\MES\\MES\\home_htdocs\\book.localhost\\public_html\\ch4\\array_2d_avg.php on line 16
[Thu Aug 10 14:57:34.324809 2023] [php7:notice] [pid 4276:tid 1172] [client ::1:56822] PHP Notice:  Undefined variable: std_num\xeb\xb2\x88 in C:\\MES\\MES\\home_htdocs\\book.localhost\\public_html\\ch4\\array_2d_avg.php on line 16
[Thu Aug 10 14:57:34.324809 2023] [php7:notice] [pid 4276:tid 1172] [client ::1:56822] PHP Notice:  Undefined variable: std_num\xeb\xb2\x88 in C:\\MES\\MES\\home_htdocs\\book.localhost\\public_html\\ch4\\array_2d_avg.php on line 16
[Thu Aug 10 14:58:27.088161 2023] [php7:notice] [pid 4276:tid 1164] [client ::1:56839] PHP Notice:  Array to string conversion in C:\\MES\\MES\\home_htdocs\\book.localhost\\public_html\\ch4\\array_2d_avg.php on line 12
[Thu Aug 10 14:58:27.088161 2023] [php7:notice] [pid 4276:tid 1164] [client ::1:56839] PHP Notice:  Array to string conversion in C:\\MES\\MES\\home_htdocs\\book.localhost\\public_html\\ch4\\array_2d_avg.php on line 12
[Thu Aug 10 14:58:27.088161 2023] [php7:notice] [pid 4276:tid 1164] [client ::1:56839] PHP Notice:  Array to string conversion in C:\\MES\\MES\\home_htdocs\\book.localhost\\public_html\\ch4\\array_2d_avg.php on line 12
[Thu Aug 10 14:58:27.088161 2023] [php7:notice] [pid 4276:tid 1164] [client ::1:56839] PHP Notice:  Array to string conversion in C:\\MES\\MES\\home_htdocs\\book.localhost\\public_html\\ch4\\array_2d_avg.php on line 12
[Thu Aug 10 14:58:27.088161 2023] [php7:notice] [pid 4276:tid 1164] [client ::1:56839] PHP Notice:  Array to string conversion in C:\\MES\\MES\\home_htdocs\\book.localhost\\public_html\\ch4\\array_2d_avg.php on line 12
[Thu Aug 10 14:58:27.088161 2023] [php7:notice] [pid 4276:tid 1164] [client ::1:56839] PHP Notice:  Array to string conversion in C:\\MES\\MES\\home_htdocs\\book.localhost\\public_html\\ch4\\array_2d_avg.php on line 12
[Thu Aug 10 14:58:27.088161 2023] [php7:notice] [pid 4276:tid 1164] [client ::1:56839] PHP Notice:  Array to string conversion in C:\\MES\\MES\\home_htdocs\\book.localhost\\public_html\\ch4\\array_2d_avg.php on line 12
[Thu Aug 10 14:58:27.088161 2023] [php7:notice] [pid 4276:tid 1164] [client ::1:56839] PHP Notice:  Array to string conversion in C:\\MES\\MES\\home_htdocs\\book.localhost\\public_html\\ch4\\array_2d_avg.php on line 12
[Thu Aug 10 14:58:27.088161 2023] [php7:notice] [pid 4276:tid 1164] [client ::1:56839] PHP Notice:  Array to string conversion in C:\\MES\\MES\\home_htdocs\\book.localhost\\public_html\\ch4\\array_2d_avg.php on line 12
[Thu Aug 10 14:58:27.088161 2023] [php7:notice] [pid 4276:tid 1164] [client ::1:56839] PHP Notice:  Array to string conversion in C:\\MES\\MES\\home_htdocs\\book.localhost\\public_html\\ch4\\array_2d_avg.php on line 12
[Thu Aug 10 14:58:27.088161 2023] [php7:notice] [pid 4276:tid 1164] [client ::1:56839] PHP Notice:  Array to string conversion in C:\\MES\\MES\\home_htdocs\\book.localhost\\public_html\\ch4\\array_2d_avg.php on line 12
[Thu Aug 10 14:58:27.088161 2023] [php7:notice] [pid 4276:tid 1164] [client ::1:56839] PHP Notice:  Array to string conversion in C:\\MES\\MES\\home_htdocs\\book.localhost\\public_html\\ch4\\array_2d_avg.php on line 12
[Thu Aug 10 14:58:27.088161 2023] [php7:notice] [pid 4276:tid 1164] [client ::1:56839] PHP Notice:  Array to string conversion in C:\\MES\\MES\\home_htdocs\\book.localhost\\public_html\\ch4\\array_2d_avg.php on line 12
[Thu Aug 10 14:58:27.088161 2023] [php7:notice] [pid 4276:tid 1164] [client ::1:56839] PHP Notice:  Array to string conversion in C:\\MES\\MES\\home_htdocs\\book.localhost\\public_html\\ch4\\array_2d_avg.php on line 12
[Thu Aug 10 14:58:27.088161 2023] [php7:notice] [pid 4276:tid 1164] [client ::1:56839] PHP Notice:  Array to string conversion in C:\\MES\\MES\\home_htdocs\\book.localhost\\public_html\\ch4\\array_2d_avg.php on line 12
[Thu Aug 10 14:59:42.737889 2023] [php7:notice] [pid 4276:tid 1172] [client ::1:56871] PHP Notice:  Array to string conversion in C:\\MES\\MES\\home_htdocs\\book.localhost\\public_html\\ch4\\array_2d_avg.php on line 12
[Thu Aug 10 14:59:42.737889 2023] [php7:notice] [pid 4276:tid 1172] [client ::1:56871] PHP Notice:  Array to string conversion in C:\\MES\\MES\\home_htdocs\\book.localhost\\public_html\\ch4\\array_2d_avg.php on line 12
[Thu Aug 10 14:59:42.737889 2023] [php7:notice] [pid 4276:tid 1172] [client ::1:56871] PHP Notice:  Array to string conversion in C:\\MES\\MES\\home_htdocs\\book.localhost\\public_html\\ch4\\array_2d_avg.php on line 12
[Thu Aug 10 14:59:42.737889 2023] [php7:notice] [pid 4276:tid 1172] [client ::1:56871] PHP Notice:  Array to string conversion in C:\\MES\\MES\\home_htdocs\\book.localhost\\public_html\\ch4\\array_2d_avg.php on line 12
[Thu Aug 10 14:59:42.738885 2023] [php7:notice] [pid 4276:tid 1172] [client ::1:56871] PHP Notice:  Array to string conversion in C:\\MES\\MES\\home_htdocs\\book.localhost\\public_html\\ch4\\array_2d_avg.php on line 12
[Thu Aug 10 14:59:42.738885 2023] [php7:notice] [pid 4276:tid 1172] [client ::1:56871] PHP Notice:  Array to string conversion in C:\\MES\\MES\\home_htdocs\\book.localhost\\public_html\\ch4\\array_2d_avg.php on line 12
[Thu Aug 10 14:59:42.738885 2023] [php7:notice] [pid 4276:tid 1172] [client ::1:56871] PHP Notice:  Array to string conversion in C:\\MES\\MES\\home_htdocs\\book.localhost\\public_html\\ch4\\array_2d_avg.php on line 12
[Thu Aug 10 14:59:42.738885 2023] [php7:notice] [pid 4276:tid 1172] [client ::1:56871] PHP Notice:  Array to string conversion in C:\\MES\\MES\\home_htdocs\\book.localhost\\public_html\\ch4\\array_2d_avg.php on line 12
[Thu Aug 10 14:59:42.738885 2023] [php7:notice] [pid 4276:tid 1172] [client ::1:56871] PHP Notice:  Array to string conversion in C:\\MES\\MES\\home_htdocs\\book.localhost\\public_html\\ch4\\array_2d_avg.php on line 12
[Thu Aug 10 14:59:42.738885 2023] [php7:notice] [pid 4276:tid 1172] [client ::1:56871] PHP Notice:  Array to string conversion in C:\\MES\\MES\\home_htdocs\\book.localhost\\public_html\\ch4\\array_2d_avg.php on line 12
[Thu Aug 10 14:59:42.738885 2023] [php7:notice] [pid 4276:tid 1172] [client ::1:56871] PHP Notice:  Array to string conversion in C:\\MES\\MES\\home_htdocs\\book.localhost\\public_html\\ch4\\array_2d_avg.php on line 12
[Thu Aug 10 14:59:42.738885 2023] [php7:notice] [pid 4276:tid 1172] [client ::1:56871] PHP Notice:  Array to string conversion in C:\\MES\\MES\\home_htdocs\\book.localhost\\public_html\\ch4\\array_2d_avg.php on line 12
[Thu Aug 10 14:59:42.738885 2023] [php7:notice] [pid 4276:tid 1172] [client ::1:56871] PHP Notice:  Array to string conversion in C:\\MES\\MES\\home_htdocs\\book.localhost\\public_html\\ch4\\array_2d_avg.php on line 12
[Thu Aug 10 14:59:42.738885 2023] [php7:notice] [pid 4276:tid 1172] [client ::1:56871] PHP Notice:  Array to string conversion in C:\\MES\\MES\\home_htdocs\\book.localhost\\public_html\\ch4\\array_2d_avg.php on line 12
[Thu Aug 10 14:59:42.738885 2023] [php7:notice] [pid 4276:tid 1172] [client ::1:56871] PHP Notice:  Array to string conversion in C:\\MES\\MES\\home_htdocs\\book.localhost\\public_html\\ch4\\array_2d_avg.php on line 12
[Thu Aug 10 16:51:13.098721 2023] [php7:notice] [pid 4276:tid 1164] [client ::1:60626] PHP Notice:  Undefined index: tem_name in C:\\MES\\MES\\home_htdocs\\book.localhost\\public_html\\ch7\\view8.php on line 12, referer: http://book.localhost/ch7/file_upload.php
[Thu Aug 10 16:51:13.098721 2023] [php7:notice] [pid 4276:tid 1164] [client ::1:60626] PHP Notice:  Undefined variable: img_path in C:\\MES\\MES\\home_htdocs\\book.localhost\\public_html\\ch7\\view8.php on line 18, referer: http://book.localhost/ch7/file_upload.php
[Thu Aug 10 16:51:26.424388 2023] [php7:notice] [pid 4276:tid 1172] [client ::1:60637] PHP Notice:  Undefined variable: img_path in C:\\MES\\MES\\home_htdocs\\book.localhost\\public_html\\ch7\\view8.php on line 18, referer: http://book.localhost/ch7/file_upload.php
[Thu Aug 10 16:51:29.239398 2023] [php7:notice] [pid 4276:tid 1172] [client ::1:60637] PHP Notice:  Undefined variable: img_path in C:\\MES\\MES\\home_htdocs\\book.localhost\\public_html\\ch7\\view8.php on line 18, referer: http://book.localhost/ch7/file_upload.php
[Thu Aug 10 17:39:50.055945 2023] [php7:error] [pid 4276:tid 1172] [client ::1:62647] PHP Parse error:  syntax error, unexpected '}', expecting ';' or ',' in C:\\MES\\MES\\home_htdocs\\book.localhost\\public_html\\ch8\\cookie_use.php on line 7
[Fri Aug 11 14:25:30.117590 2023] [php7:notice] [pid 5380:tid 1168] [client ::1:51012] PHP Notice:  Undefined variable: b in C:\\MES\\MES\\home_htdocs\\book.localhost\\public_html\\ch8\\cookie_del.php on line 17
[Fri Aug 11 14:47:23.693488 2023] [php7:notice] [pid 5380:tid 1176] [client ::1:51663] PHP Notice:  Undefined index: userid in C:\\MES\\MES\\home_htdocs\\book.localhost\\public_html\\ch8\\cookie_use.php on line 12
