::1 - - [08/Aug/2023:17:31:24 +0900] "GET / HTTP/1.1" 200 78790
::1 - - [08/Aug/2023:17:31:30 +0900] "GET / HTTP/1.1" 200 78790
::1 - - [08/Aug/2023:17:31:56 +0900] "GET / HTTP/1.1" 200 78579
::1 - - [08/Aug/2023:17:31:56 +0900] "GET /favicon.ico HTTP/1.1" 404 196
::1 - - [08/Aug/2023:17:32:30 +0900] "-" 408 -
::1 - - [08/Aug/2023:17:32:42 +0900] "-" 408 -
::1 - - [08/Aug/2023:17:32:56 +0900] "-" 408 -
::1 - - [08/Aug/2023:17:33:52 +0900] "GET / HTTP/1.1" 200 78830
::1 - - [08/Aug/2023:17:34:52 +0900] "-" 408 -
::1 - - [08/Aug/2023:17:51:41 +0900] "GET / HTTP/1.1" 200 78830
::1 - - [08/Aug/2023:17:52:41 +0900] "-" 408 -
::1 - - [08/Aug/2023:18:06:27 +0900] "-" 408 -
::1 - - [09/Aug/2023:14:08:44 +0900] "GET / HTTP/1.1" 200 78594
::1 - - [09/Aug/2023:14:08:44 +0900] "GET /favicon.ico HTTP/1.1" 404 196
::1 - - [09/Aug/2023:14:14:49 +0900] "GET /ch1/hellp.php HTTP/1.1" 404 196
::1 - - [09/Aug/2023:14:15:06 +0900] "GET /ch1/hello.php HTTP/1.1" 200 154
::1 - - [09/Aug/2023:14:15:28 +0900] "GET /ch1/hello.php HTTP/1.1" 200 154
::1 - - [09/Aug/2023:14:15:28 +0900] "GET /ch1/hello.php HTTP/1.1" 200 154
::1 - - [09/Aug/2023:14:15:28 +0900] "GET /ch1/hello.php HTTP/1.1" 200 154
::1 - - [09/Aug/2023:14:15:28 +0900] "GET /ch1/hello.php HTTP/1.1" 200 154
::1 - - [09/Aug/2023:14:15:28 +0900] "GET /ch1/hello.php HTTP/1.1" 200 154
::1 - - [09/Aug/2023:14:15:29 +0900] "GET /ch1/hello.php HTTP/1.1" 200 154
::1 - - [09/Aug/2023:14:15:29 +0900] "GET /ch1/hello.php HTTP/1.1" 200 154
::1 - - [09/Aug/2023:14:16:16 +0900] "GET /ch1/hello.php HTTP/1.1" 200 15
::1 - - [09/Aug/2023:14:17:16 +0900] "-" 408 -
::1 - - [09/Aug/2023:14:44:45 +0900] "GET /ch2/echo.php HTTP/1.1" 200 238
::1 - - [09/Aug/2023:14:44:45 +0900] "GET /ch2/cat.jpg HTTP/1.1" 404 196
::1 - - [09/Aug/2023:14:45:45 +0900] "-" 408 -
::1 - - [09/Aug/2023:14:48:25 +0900] "GET /ch2/echo.php HTTP/1.1" 200 238
::1 - - [09/Aug/2023:14:48:25 +0900] "GET /ch2/cat.jpg HTTP/1.1" 200 8368
::1 - - [09/Aug/2023:14:49:23 +0900] "GET /ch2/echo.php HTTP/1.1" 200 240
::1 - - [09/Aug/2023:14:49:23 +0900] "GET /ch2/rabit.jpg HTTP/1.1" 200 40386
::1 - - [09/Aug/2023:14:50:23 +0900] "-" 408 -
::1 - - [09/Aug/2023:14:53:51 +0900] "GET /ch2/echo.php HTTP/1.1" 200 261
::1 - - [09/Aug/2023:14:53:58 +0900] "GET /ch2/echo.php HTTP/1.1" 200 188
::1 - - [09/Aug/2023:14:54:05 +0900] "GET /ch2/echo.php HTTP/1.1" 200 265
::1 - - [09/Aug/2023:14:55:05 +0900] "-" 408 -
::1 - - [09/Aug/2023:15:06:15 +0900] "GET /ch2/echo.php HTTP/1.1" 200 265
::1 - - [09/Aug/2023:15:06:19 +0900] "GET /ch2/quot3.php HTTP/1.1" 200 17
::1 - - [09/Aug/2023:15:07:15 +0900] "-" 408 -
::1 - - [09/Aug/2023:15:09:22 +0900] "GET /ch2/quot3.php HTTP/1.1" 200 17
::1 - - [09/Aug/2023:15:09:23 +0900] "GET /ch2/quot3.php HTTP/1.1" 200 17
::1 - - [09/Aug/2023:15:09:23 +0900] "GET /ch2/quot3.php HTTP/1.1" 200 17
::1 - - [09/Aug/2023:15:09:24 +0900] "GET /ch2/quot3.php HTTP/1.1" 200 17
::1 - - [09/Aug/2023:15:09:24 +0900] "GET /ch2/quot3.php HTTP/1.1" 200 17
::1 - - [09/Aug/2023:15:10:22 +0900] "-" 408 -
::1 - - [09/Aug/2023:15:10:54 +0900] "GET / HTTP/1.1" 200 78595
::1 - - [09/Aug/2023:15:10:54 +0900] "GET /favicon.ico HTTP/1.1" 404 196
::1 - - [09/Aug/2023:15:11:01 +0900] "GET /ch2/quot3.php HTTP/1.1" 200 165
::1 - - [09/Aug/2023:15:12:01 +0900] "-" 408 -
::1 - - [09/Aug/2023:15:14:19 +0900] "GET /ch2/quot3.php HTTP/1.1" 200 29
::1 - - [09/Aug/2023:15:15:19 +0900] "-" 408 -
::1 - - [09/Aug/2023:15:18:03 +0900] "GET /ch2/quot3.php HTTP/1.1" 200 110
::1 - - [09/Aug/2023:15:19:03 +0900] "-" 408 -
::1 - - [09/Aug/2023:16:04:21 +0900] "GET /ch4/print_1_10_while.php HTTP/1.1" 200 51
::1 - - [09/Aug/2023:16:05:21 +0900] "-" 408 -
::1 - - [09/Aug/2023:16:12:38 +0900] "GET /ch4/print_1_10_while.php HTTP/1.1" 200 154
::1 - - [09/Aug/2023:16:12:59 +0900] "GET /ch4/print_1_10_while.php HTTP/1.1" 200 154
::1 - - [09/Aug/2023:16:13:59 +0900] "-" 408 -
::1 - - [09/Aug/2023:16:14:54 +0900] "GET /ch4/print_100_300_while.php HTTP/1.1" 404 196
::1 - - [09/Aug/2023:16:15:04 +0900] "GET /ch4/print_100_300_while.php HTTP/1.1" 200 58
::1 - - [09/Aug/2023:16:16:04 +0900] "-" 408 -
::1 - - [09/Aug/2023:16:17:50 +0900] "GET /ch4/print_not_1_100_while.php HTTP/1.1" 200 69
::1 - - [09/Aug/2023:16:18:50 +0900] "-" 408 -
::1 - - [09/Aug/2023:16:19:51 +0900] "GET /ch4/print_not_1_100_while.php HTTP/1.1" 200 124
::1 - - [09/Aug/2023:16:20:51 +0900] "-" 408 -
::1 - - [09/Aug/2023:16:34:32 +0900] "GET /ch4/inch_to_cm_while.php HTTP/1.1" 200 759
::1 - - [09/Aug/2023:16:35:06 +0900] "GET /ch4/inch_to_cm_while.php HTTP/1.1" 200 829
::1 - - [09/Aug/2023:16:35:25 +0900] "GET /ch4/inch_to_cm_while.php HTTP/1.1" 200 868
::1 - - [09/Aug/2023:16:35:37 +0900] "GET /ch4/inch_to_cm_while.php HTTP/1.1" 200 883
::1 - - [09/Aug/2023:16:35:44 +0900] "GET /ch4/inch_to_cm_while.php HTTP/1.1" 200 912
::1 - - [09/Aug/2023:16:35:59 +0900] "GET /ch4/inch_to_cm_while.php HTTP/1.1" 200 934
::1 - - [09/Aug/2023:16:36:05 +0900] "GET /ch4/inch_to_cm_while.php HTTP/1.1" 200 934
::1 - - [09/Aug/2023:16:36:09 +0900] "GET /ch4/inch_to_cm_while.php HTTP/1.1" 200 934
::1 - - [09/Aug/2023:16:36:55 +0900] "GET /ch4/inch_to_cm_while.php HTTP/1.1" 200 1000
::1 - - [09/Aug/2023:16:37:03 +0900] "GET /ch4/inch_to_cm_while.php HTTP/1.1" 200 1001
::1 - - [09/Aug/2023:16:37:08 +0900] "GET /ch4/inch_to_cm_while.php HTTP/1.1" 200 1001
::1 - - [09/Aug/2023:16:37:09 +0900] "GET /ch4/inch_to_cm_while.php HTTP/1.1" 200 1001
::1 - - [09/Aug/2023:16:37:37 +0900] "GET /ch4/inch_to_cm_while.php HTTP/1.1" 200 1000
::1 - - [09/Aug/2023:16:37:56 +0900] "GET /ch4/inch_to_cm_while.php HTTP/1.1" 200 1000
::1 - - [09/Aug/2023:16:37:56 +0900] "GET /ch4/inch_to_cm_while.php HTTP/1.1" 200 1000
::1 - - [09/Aug/2023:16:37:57 +0900] "GET /ch4/inch_to_cm_while.php HTTP/1.1" 200 1000
::1 - - [09/Aug/2023:16:37:57 +0900] "GET /ch4/inch_to_cm_while.php HTTP/1.1" 200 1000
::1 - - [09/Aug/2023:16:38:03 +0900] "GET /ch4/inch_to_cm_while.php HTTP/1.1" 200 1025
::1 - - [09/Aug/2023:16:38:13 +0900] "GET /ch4/inch_to_cm_while.php HTTP/1.1" 200 1025
::1 - - [09/Aug/2023:16:38:14 +0900] "GET /ch4/inch_to_cm_while.php HTTP/1.1" 200 1025
::1 - - [09/Aug/2023:16:38:18 +0900] "GET /ch4/inch_to_cm_while.php HTTP/1.1" 200 1025
::1 - - [09/Aug/2023:16:38:27 +0900] "GET /ch4/inch_to_cm_while.php HTTP/1.1" 200 1025
::1 - - [09/Aug/2023:16:38:28 +0900] "GET /ch4/inch_to_cm_while.php HTTP/1.1" 200 1025
::1 - - [09/Aug/2023:16:38:28 +0900] "GET /ch4/inch_to_cm_while.php HTTP/1.1" 200 1025
::1 - - [09/Aug/2023:16:38:29 +0900] "GET /ch4/inch_to_cm_while.php HTTP/1.1" 200 1025
::1 - - [09/Aug/2023:16:38:29 +0900] "GET /ch4/inch_to_cm_while.php HTTP/1.1" 200 1025
::1 - - [09/Aug/2023:16:38:29 +0900] "GET /ch4/inch_to_cm_while.php HTTP/1.1" 200 1025
::1 - - [09/Aug/2023:16:38:29 +0900] "GET /ch4/inch_to_cm_while.php HTTP/1.1" 200 1025
::1 - - [09/Aug/2023:16:38:35 +0900] "GET /ch4/inch_to_cm_while.php HTTP/1.1" 200 1024
::1 - - [09/Aug/2023:16:38:41 +0900] "GET /ch4/inch_to_cm_while.php HTTP/1.1" 200 1000
::1 - - [09/Aug/2023:16:39:41 +0900] "-" 408 -
::1 - - [09/Aug/2023:16:42:32 +0900] "GET /ch4/inch_to_cm_while.php HTTP/1.1" 200 1000
::1 - - [09/Aug/2023:16:43:32 +0900] "-" 408 -
::1 - - [09/Aug/2023:16:43:40 +0900] "GET /ch4/inch_to_cm_while.php HTTP/1.1" 200 934
::1 - - [09/Aug/2023:16:43:40 +0900] "GET /ch4/inch_to_cm_while.php HTTP/1.1" 200 934
::1 - - [09/Aug/2023:16:43:47 +0900] "GET /ch4/inch_to_cm_while.php HTTP/1.1" 200 937
::1 - - [09/Aug/2023:16:44:47 +0900] "-" 408 -
::1 - - [09/Aug/2023:16:47:44 +0900] "GET /ch4/inch_to_cm_while.php HTTP/1.1" 200 791
::1 - - [09/Aug/2023:16:47:58 +0900] "GET /ch4/inch_to_cm_while.php HTTP/1.1" 200 865
::1 - - [09/Aug/2023:16:48:58 +0900] "-" 408 -
::1 - - [09/Aug/2023:17:05:03 +0900] "GET /ch4/inch_to_cm_while.php HTTP/1.1" 200 865
::1 - - [09/Aug/2023:17:05:08 +0900] "GET /ch4/inch_to_cm_while.php HTTP/1.1" 200 865
::1 - - [09/Aug/2023:17:05:15 +0900] "GET /ch4/inch_to_cm_while.php HTTP/1.1" 200 865
::1 - - [09/Aug/2023:17:06:15 +0900] "-" 408 -
::1 - - [09/Aug/2023:17:07:36 +0900] "GET /ch4/print_1_10_for.php HTTP/1.1" 200 51
::1 - - [09/Aug/2023:17:08:36 +0900] "-" 408 -
::1 - - [09/Aug/2023:17:16:08 +0900] "GET /ch4/c_to_f_for.php HTTP/1.1" 200 873
::1 - - [09/Aug/2023:17:16:27 +0900] "GET /ch4/c_to_f_for.php HTTP/1.1" 200 918
::1 - - [09/Aug/2023:17:16:34 +0900] "GET /ch4/c_to_f_for.php HTTP/1.1" 200 918
::1 - - [09/Aug/2023:17:16:46 +0900] "GET /ch4/sum_besu_5_for.php HTTP/1.1" 200 124
::1 - - [09/Aug/2023:17:17:00 +0900] "GET /ch4/besu_4_no_for.php HTTP/1.1" 200 450
::1 - - [09/Aug/2023:17:17:07 +0900] "GET /ch4/besu_4_no_for.php HTTP/1.1" 200 1050
::1 - - [09/Aug/2023:17:17:51 +0900] "GET /ch4/c_to_f_for.php HTTP/1.1" 200 918
::1 - - [09/Aug/2023:17:17:59 +0900] "GET /ch4/sum_besu_5_for.php HTTP/1.1" 200 124
::1 - - [09/Aug/2023:17:18:59 +0900] "-" 408 -
::1 - - [09/Aug/2023:17:41:12 +0900] "GET /ch4/star1_for.php HTTP/1.1" 200 95
::1 - - [09/Aug/2023:17:41:22 +0900] "GET /ch4/star1_for.php HTTP/1.1" 200 150
::1 - - [09/Aug/2023:17:42:22 +0900] "-" 408 -
::1 - - [09/Aug/2023:17:47:32 +0900] "GET /ch4/star2_for.php HTTP/1.1" 200 140
::1 - - [09/Aug/2023:17:47:41 +0900] "GET /ch4/star2_for.php HTTP/1.1" 200 140
::1 - - [09/Aug/2023:17:47:54 +0900] "GET /ch4/star2_for.php HTTP/1.1" 200 140
::1 - - [09/Aug/2023:17:47:58 +0900] "GET /ch4/star2_for.php HTTP/1.1" 200 140
::1 - - [09/Aug/2023:17:47:58 +0900] "GET /ch4/star2_for.php HTTP/1.1" 200 140
::1 - - [09/Aug/2023:17:47:58 +0900] "GET /ch4/star2_for.php HTTP/1.1" 200 140
::1 - - [09/Aug/2023:17:47:59 +0900] "GET /ch4/star2_for.php HTTP/1.1" 200 140
::1 - - [09/Aug/2023:17:48:13 +0900] "GET /ch4/star2_for.php HTTP/1.1" 200 140
::1 - - [09/Aug/2023:17:48:20 +0900] "GET /ch4/star2_for.php HTTP/1.1" 200 140
::1 - - [09/Aug/2023:17:48:31 +0900] "GET /ch4/star2_for.php HTTP/1.1" 200 185
::1 - - [09/Aug/2023:17:48:39 +0900] "GET /ch4/star2_for.php HTTP/1.1" 200 140
::1 - - [09/Aug/2023:17:48:52 +0900] "GET /ch4/star2_for.php HTTP/1.1" 200 410
::1 - - [09/Aug/2023:17:48:58 +0900] "GET /ch4/star2_for.php HTTP/1.1" 200 320
::1 - - [09/Aug/2023:17:49:58 +0900] "-" 408 -
::1 - - [09/Aug/2023:17:50:13 +0900] "GET /ch4/star2_for.php HTTP/1.1" 200 365
::1 - - [09/Aug/2023:17:50:20 +0900] "GET /ch4/star2_for.php HTTP/1.1" 200 635
::1 - - [09/Aug/2023:17:50:27 +0900] "GET /ch4/star2_for.php HTTP/1.1" 200 365
::1 - - [09/Aug/2023:17:51:27 +0900] "-" 408 -
