Starting the 'Apache2.4' service
The 'Apache2.4' service is running.
ly determine the server's fully qualified domain name, using fe80::5d4c:791a:842f:cce6. Set the 'ServerName' directive globally to suppress this message
[Tue Aug 08 15:38:19.824676 2023] [mpm_winnt:notice] [pid 11388:tid 380] AH00455: Apache/2.4.56 (Win64) configured -- resuming normal operations
[Tue Aug 08 15:38:19.824676 2023] [mpm_winnt:notice] [pid 11388:tid 380] AH00456: Apache Lounge VS16 Server built: Mar  7 2023 13:21:03
[Tue Aug 08 15:38:19.824676 2023] [core:notice] [pid 11388:tid 380] AH00094: Command line: 'C:\\MES\\MES\\httpd-2.4.56-win64-VS16\\Apache24\\bin\\httpd.exe -d C:/MES/MES/httpd-2.4.56-win64-VS16/Apache24'
[Tue Aug 08 15:38:19.825704 2023] [mpm_winnt:notice] [pid 11388:tid 380] AH00418: Parent: Created child process 12432
AH00558: httpd.exe: Could not reliably determine the server's fully qualified domain name, using fe80::5d4c:791a:842f:cce6. Set the 'ServerName' directive globally to suppress this message
AH00558: httpd.exe: Could not reliably determine the server's fully qualified domain name, using fe80::5d4c:791a:842f:cce6. Set the 'ServerName' directive globally to suppress this message
[Tue Aug 08 15:38:19.991277 2023] [mpm_winnt:notice] [pid 12432:tid 396] AH00354: Child: Starting 64 worker threads.
[Tue Aug 08 15:39:26.926894 2023] [mpm_winnt:notice] [pid 11388:tid 380] AH00422: Parent: Received shutdown signal -- Shutting down the server.
[Tue Aug 08 15:39:28.950376 2023] [mpm_winnt:notice] [pid 12432:tid 396] AH00364: Child: All worker threads have exited.
[Tue Aug 08 15:39:28.968101 2023] [mpm_winnt:notice] [pid 11388:tid 380] AH00430: Parent: Child process 12432 exited successfully.
Starting the 'Apache2.4' service
The 'Apache2.4' service is running.
ly determine the server's fully qualified domain name, using fe80::5d4c:791a:842f:cce6. Set the 'ServerName' directive globally to suppress this message
[Tue Aug 08 15:39:40.644517 2023] [mpm_winnt:notice] [pid 3172:tid 388] AH00455: Apache/2.4.56 (Win64) configured -- resuming normal operations
[Tue Aug 08 15:39:40.644517 2023] [mpm_winnt:notice] [pid 3172:tid 388] AH00456: Apache Lounge VS16 Server built: Mar  7 2023 13:21:03
[Tue Aug 08 15:39:40.644517 2023] [core:notice] [pid 3172:tid 388] AH00094: Command line: 'C:\\MES\\MES\\httpd-2.4.56-win64-VS16\\Apache24\\bin\\httpd.exe -d C:/MES/MES/httpd-2.4.56-win64-VS16/Apache24'
[Tue Aug 08 15:39:40.644517 2023] [mpm_winnt:notice] [pid 3172:tid 388] AH00418: Parent: Created child process 9700
AH00558: httpd.exe: Could not reliably determine the server's fully qualified domain name, using fe80::5d4c:791a:842f:cce6. Set the 'ServerName' directive globally to suppress this message
AH00558: httpd.exe: Could not reliably determine the server's fully qualified domain name, using fe80::5d4c:791a:842f:cce6. Set the 'ServerName' directive globally to suppress this message
[Tue Aug 08 15:39:40.799208 2023] [mpm_winnt:notice] [pid 9700:tid 396] AH00354: Child: Starting 64 worker threads.
[Tue Aug 08 15:39:48.464457 2023] [mpm_winnt:notice] [pid 3172:tid 388] AH00422: Parent: Received shutdown signal -- Shutting down the server.
[Tue Aug 08 15:39:50.481251 2023] [mpm_winnt:notice] [pid 9700:tid 396] AH00364: Child: All worker threads have exited.
[Tue Aug 08 15:39:50.499300 2023] [mpm_winnt:notice] [pid 3172:tid 388] AH00430: Parent: Child process 9700 exited successfully.
Starting the 'Apache2.4' service
The 'Apache2.4' service is running.
ly determine the server's fully qualified domain name, using fe80::5d4c:791a:842f:cce6. Set the 'ServerName' directive globally to suppress this message
[Tue Aug 08 15:39:55.920148 2023] [mpm_winnt:notice] [pid 10808:tid 380] AH00455: Apache/2.4.56 (Win64) configured -- resuming normal operations
[Tue Aug 08 15:39:55.920148 2023] [mpm_winnt:notice] [pid 10808:tid 380] AH00456: Apache Lounge VS16 Server built: Mar  7 2023 13:21:03
[Tue Aug 08 15:39:55.920148 2023] [core:notice] [pid 10808:tid 380] AH00094: Command line: 'C:\\MES\\MES\\httpd-2.4.56-win64-VS16\\Apache24\\bin\\httpd.exe -d C:/MES/MES/httpd-2.4.56-win64-VS16/Apache24'
[Tue Aug 08 15:39:55.921145 2023] [mpm_winnt:notice] [pid 10808:tid 380] AH00418: Parent: Created child process 11360
AH00558: httpd.exe: Could not reliably determine the server's fully qualified domain name, using fe80::5d4c:791a:842f:cce6. Set the 'ServerName' directive globally to suppress this message
AH00558: httpd.exe: Could not reliably determine the server's fully qualified domain name, using fe80::5d4c:791a:842f:cce6. Set the 'ServerName' directive globally to suppress this message
[Tue Aug 08 15:39:56.072736 2023] [mpm_winnt:notice] [pid 11360:tid 404] AH00354: Child: Starting 64 worker threads.
[Tue Aug 08 15:41:09.391597 2023] [mpm_winnt:notice] [pid 10808:tid 380] AH00422: Parent: Received shutdown signal -- Shutting down the server.
[Tue Aug 08 15:41:11.395858 2023] [mpm_winnt:notice] [pid 11360:tid 404] AH00364: Child: All worker threads have exited.
[Tue Aug 08 15:41:11.414761 2023] [mpm_winnt:notice] [pid 10808:tid 380] AH00430: Parent: Child process 11360 exited successfully.
Starting the 'Apache2.4' service
The 'Apache2.4' service is running.
pm_winnt:notice] [pid 4944:tid 388] AH00455: Apache/2.4.56 (Win64) configured -- resuming normal operations
[Tue Aug 08 15:41:45.878323 2023] [mpm_winnt:notice] [pid 4944:tid 388] AH00456: Apache Lounge VS16 Server built: Mar  7 2023 13:21:03
[Tue Aug 08 15:41:45.878323 2023] [core:notice] [pid 4944:tid 388] AH00094: Command line: 'C:\\MES\\MES\\httpd-2.4.56-win64-VS16\\Apache24\\bin\\httpd.exe -d C:/MES/MES/httpd-2.4.56-win64-VS16/Apache24'
[Tue Aug 08 15:41:45.878323 2023] [mpm_winnt:notice] [pid 4944:tid 388] AH00418: Parent: Created child process 13980
[Tue Aug 08 15:41:46.030963 2023] [mpm_winnt:notice] [pid 13980:tid 400] AH00354: Child: Starting 64 worker threads.
[Tue Aug 08 16:25:44.632728 2023] [mpm_winnt:notice] [pid 4944:tid 388] AH00422: Parent: Received shutdown signal -- Shutting down the server.
[Tue Aug 08 16:25:46.655326 2023] [mpm_winnt:notice] [pid 13980:tid 400] AH00364: Child: All worker threads have exited.
[Tue Aug 08 16:25:46.673064 2023] [mpm_winnt:notice] [pid 4944:tid 388] AH00430: Parent: Child process 13980 exited successfully.
Starting the 'Apache2.4' service
The 'Apache2.4' service is running.
 load dynamic library 'php_curl.dll' (tried: C:\\MES\\MES\\php-7.4.33-Win32-vc15-x64\\ext\\php_curl.dll (\xec\xa7\x80\xec\xa0\x95\xeb\x90\x9c \xeb\xaa\xa8\xeb\x93\x88\xec\x9d\x84 \xec\xb0\xbe\xec\x9d\x84 \xec\x88\x98 \xec\x97\x86\xec\x8a\xb5\xeb\x8b\x88\xeb\x8b\xa4.), C:\\MES\\MES\\php-7.4.33-Win32-vc15-x64\\ext\\php_php_curl.dll.dll (\xec\xa7\x80\xec\xa0\x95\xeb\x90\x9c \xeb\xaa\xa8\xeb\x93\x88\xec\x9d\x84 \xec\xb0\xbe\xec\x9d\x84 \xec\x88\x98 \xec\x97\x86\xec\x8a\xb5\xeb\x8b\x88\xeb\x8b\xa4.)) in Unknown on line 0
PHP Warning:  PHP Startup: Unable to load dynamic library 'php_ssh2.dll' (tried: C:\\MES\\MES\\php-7.4.33-Win32-vc15-x64\\ext\\php_ssh2.dll (\xec\xa7\x80\xec\xa0\x95\xeb\x90\x9c \xeb\xaa\xa8\xeb\x93\x88\xec\x9d\x84 \xec\xb0\xbe\xec\x9d\x84 \xec\x88\x98 \xec\x97\x86\xec\x8a\xb5\xeb\x8b\x88\xeb\x8b\xa4.), C:\\MES\\MES\\php-7.4.33-Win32-vc15-x64\\ext\\php_php_ssh2.dll.dll (\xec\xa7\x80\xec\xa0\x95\xeb\x90\x9c \xeb\xaa\xa8\xeb\x93\x88\xec\x9d\x84 \xec\xb0\xbe\xec\x9d\x84 \xec\x88\x98 \xec\x97\x86\xec\x8a\xb5\xeb\x8b\x88\xeb\x8b\xa4.)) in Unknown on line 0
PHP Warning:  PHP Startup: Unable to load dynamic library 'php_mysql.dll' (tried: C:\\MES\\MES\\php-7.4.33-Win32-vc15-x64\\ext\\php_mysql.dll (\xec\xa7\x80\xec\xa0\x95\xeb\x90\x9c \xeb\xaa\xa8\xeb\x93\x88\xec\x9d\x84 \xec\xb0\xbe\xec\x9d\x84 \xec\x88\x98 \xec\x97\x86\xec\x8a\xb5\xeb\x8b\x88\xeb\x8b\xa4.), C:\\MES\\MES\\php-7.4.33-Win32-vc15-x64\\ext\\php_php_mysql.dll.dll (\xec\xa7\x80\xec\xa0\x95\xeb\x90\x9c \xeb\xaa\xa8\xeb\x93\x88\xec\x9d\x84 \xec\xb0\xbe\xec\x9d\x84 \xec\x88\x98 \xec\x97\x86\xec\x8a\xb5\xeb\x8b\x88\xeb\x8b\xa4.)) in Unknown on line 0
[Tue Aug 08 16:29:44.785691 2023] [mpm_winnt:notice] [pid 1724:tid 380] AH00455: Apache/2.4.56 (Win64) PHP/7.4.33 configured -- resuming normal operations
[Tue Aug 08 16:29:44.785691 2023] [mpm_winnt:notice] [pid 1724:tid 380] AH00456: Apache Lounge VS16 Server built: Mar  7 2023 13:21:03
[Tue Aug 08 16:29:44.785691 2023] [core:notice] [pid 1724:tid 380] AH00094: Command line: 'C:\\MES\\MES\\httpd-2.4.56-win64-VS16\\Apache24\\bin\\httpd.exe -d C:/MES/MES/httpd-2.4.56-win64-VS16/Apache24'
[Tue Aug 08 16:29:44.785691 2023] [mpm_winnt:notice] [pid 1724:tid 380] AH00418: Parent: Created child process 9496
PHP Warning:  PHP Startup: Unable to load dynamic library 'php_curl.dll' (tried: C:\\MES\\MES\\php-7.4.33-Win32-vc15-x64\\ext\\php_curl.dll (\xec\xa7\x80\xec\xa0\x95\xeb\x90\x9c \xeb\xaa\xa8\xeb\x93\x88\xec\x9d\x84 \xec\xb0\xbe\xec\x9d\x84 \xec\x88\x98 \xec\x97\x86\xec\x8a\xb5\xeb\x8b\x88\xeb\x8b\xa4.), C:\\MES\\MES\\php-7.4.33-Win32-vc15-x64\\ext\\php_php_curl.dll.dll (\xec\xa7\x80\xec\xa0\x95\xeb\x90\x9c \xeb\xaa\xa8\xeb\x93\x88\xec\x9d\x84 \xec\xb0\xbe\xec\x9d\x84 \xec\x88\x98 \xec\x97\x86\xec\x8a\xb5\xeb\x8b\x88\xeb\x8b\xa4.)) in Unknown on line 0
PHP Warning:  PHP Startup: Unable to load dynamic library 'php_ssh2.dll' (tried: C:\\MES\\MES\\php-7.4.33-Win32-vc15-x64\\ext\\php_ssh2.dll (\xec\xa7\x80\xec\xa0\x95\xeb\x90\x9c \xeb\xaa\xa8\xeb\x93\x88\xec\x9d\x84 \xec\xb0\xbe\xec\x9d\x84 \xec\x88\x98 \xec\x97\x86\xec\x8a\xb5\xeb\x8b\x88\xeb\x8b\xa4.), C:\\MES\\MES\\php-7.4.33-Win32-vc15-x64\\ext\\php_php_ssh2.dll.dll (\xec\xa7\x80\xec\xa0\x95\xeb\x90\x9c \xeb\xaa\xa8\xeb\x93\x88\xec\x9d\x84 \xec\xb0\xbe\xec\x9d\x84 \xec\x88\x98 \xec\x97\x86\xec\x8a\xb5\xeb\x8b\x88\xeb\x8b\xa4.)) in Unknown on line 0
PHP Warning:  PHP Startup: Unable to load dynamic library 'php_mysql.dll' (tried: C:\\MES\\MES\\php-7.4.33-Win32-vc15-x64\\ext\\php_mysql.dll (\xec\xa7\x80\xec\xa0\x95\xeb\x90\x9c \xeb\xaa\xa8\xeb\x93\x88\xec\x9d\x84 \xec\xb0\xbe\xec\x9d\x84 \xec\x88\x98 \xec\x97\x86\xec\x8a\xb5\xeb\x8b\x88\xeb\x8b\xa4.), C:\\MES\\MES\\php-7.4.33-Win32-vc15-x64\\ext\\php_php_mysql.dll.dll (\xec\xa7\x80\xec\xa0\x95\xeb\x90\x9c \xeb\xaa\xa8\xeb\x93\x88\xec\x9d\x84 \xec\xb0\xbe\xec\x9d\x84 \xec\x88\x98 \xec\x97\x86\xec\x8a\xb5\xeb\x8b\x88\xeb\x8b\xa4.)) in Unknown on line 0
[Tue Aug 08 16:29:44.943272 2023] [mpm_winnt:notice] [pid 9496:tid 396] AH00354: Child: Starting 64 worker threads.
[Tue Aug 08 17:19:57.421717 2023] [mpm_winnt:notice] [pid 1724:tid 380] AH00422: Parent: Received shutdown signal -- Shutting down the server.
[Tue Aug 08 17:19:59.435409 2023] [mpm_winnt:notice] [pid 9496:tid 396] AH00364: Child: All worker threads have exited.
[Tue Aug 08 17:19:59.453828 2023] [mpm_winnt:notice] [pid 1724:tid 380] AH00430: Parent: Child process 9496 exited successfully.
Starting the 'Apache2.4' service
The 'Apache2.4' service is running.
ES/MES/httpd-2.4.56-win64-VS16/Apache24/$(htdocs)/book.localhost/public_html] does not exist
AH00112: Warning: DocumentRoot [C:/MES/MES/httpd-2.4.56-win64-VS16/Apache24/$(htdocs)/semi.localhost/public_html] does not exist
AH00112: Warning: DocumentRoot [C:/MES/MES/httpd-2.4.56-win64-VS16/Apache24/$(htdocs)/lib.localhost/public_html] does not exist
AH00112: Warning: DocumentRoot [C:/MES/MES/httpd-2.4.56-win64-VS16/Apache24/$(htdocs)/mvc.localhost/public_html] does not exist
AH00112: Warning: DocumentRoot [C:/MES/MES/httpd-2.4.56-win64-VS16/Apache24/$(htdocs)/mes.localhost/public_html] does not exist
PHP Warning:  PHP Startup: Unable to load dynamic library 'php_curl.dll' (tried: C:\\MES\\MES\\php-7.4.33-Win32-vc15-x64\\ext\\php_curl.dll (\xec\xa7\x80\xec\xa0\x95\xeb\x90\x9c \xeb\xaa\xa8\xeb\x93\x88\xec\x9d\x84 \xec\xb0\xbe\xec\x9d\x84 \xec\x88\x98 \xec\x97\x86\xec\x8a\xb5\xeb\x8b\x88\xeb\x8b\xa4.), C:\\MES\\MES\\php-7.4.33-Win32-vc15-x64\\ext\\php_php_curl.dll.dll (\xec\xa7\x80\xec\xa0\x95\xeb\x90\x9c \xeb\xaa\xa8\xeb\x93\x88\xec\x9d\x84 \xec\xb0\xbe\xec\x9d\x84 \xec\x88\x98 \xec\x97\x86\xec\x8a\xb5\xeb\x8b\x88\xeb\x8b\xa4.)) in Unknown on line 0
PHP Warning:  PHP Startup: Unable to load dynamic library 'php_ssh2.dll' (tried: C:\\MES\\MES\\php-7.4.33-Win32-vc15-x64\\ext\\php_ssh2.dll (\xec\xa7\x80\xec\xa0\x95\xeb\x90\x9c \xeb\xaa\xa8\xeb\x93\x88\xec\x9d\x84 \xec\xb0\xbe\xec\x9d\x84 \xec\x88\x98 \xec\x97\x86\xec\x8a\xb5\xeb\x8b\x88\xeb\x8b\xa4.), C:\\MES\\MES\\php-7.4.33-Win32-vc15-x64\\ext\\php_php_ssh2.dll.dll (\xec\xa7\x80\xec\xa0\x95\xeb\x90\x9c \xeb\xaa\xa8\xeb\x93\x88\xec\x9d\x84 \xec\xb0\xbe\xec\x9d\x84 \xec\x88\x98 \xec\x97\x86\xec\x8a\xb5\xeb\x8b\x88\xeb\x8b\xa4.)) in Unknown on line 0
PHP Warning:  PHP Startup: Unable to load dynamic library 'php_mysql.dll' (tried: C:\\MES\\MES\\php-7.4.33-Win32-vc15-x64\\ext\\php_mysql.dll (\xec\xa7\x80\xec\xa0\x95\xeb\x90\x9c \xeb\xaa\xa8\xeb\x93\x88\xec\x9d\x84 \xec\xb0\xbe\xec\x9d\x84 \xec\x88\x98 \xec\x97\x86\xec\x8a\xb5\xeb\x8b\x88\xeb\x8b\xa4.), C:\\MES\\MES\\php-7.4.33-Win32-vc15-x64\\ext\\php_php_mysql.dll.dll (\xec\xa7\x80\xec\xa0\x95\xeb\x90\x9c \xeb\xaa\xa8\xeb\x93\x88\xec\x9d\x84 \xec\xb0\xbe\xec\x9d\x84 \xec\x88\x98 \xec\x97\x86\xec\x8a\xb5\xeb\x8b\x88\xeb\x8b\xa4.)) in Unknown on line 0
[Tue Aug 08 17:22:24.940002 2023] [mpm_winnt:notice] [pid 3204:tid 380] AH00455: Apache/2.4.56 (Win64) PHP/7.4.33 configured -- resuming normal operations
[Tue Aug 08 17:22:24.940002 2023] [mpm_winnt:notice] [pid 3204:tid 380] AH00456: Apache Lounge VS16 Server built: Mar  7 2023 13:21:03
[Tue Aug 08 17:22:24.940002 2023] [core:notice] [pid 3204:tid 380] AH00094: Command line: 'C:\\MES\\MES\\httpd-2.4.56-win64-VS16\\Apache24\\bin\\httpd.exe -d C:/MES/MES/httpd-2.4.56-win64-VS16/Apache24'
[Tue Aug 08 17:22:24.940993 2023] [mpm_winnt:notice] [pid 3204:tid 380] AH00418: Parent: Created child process 13636
AH00112: Warning: DocumentRoot [C:/MES/MES/httpd-2.4.56-win64-VS16/Apache24/$(htdocs)/book.localhost/public_html] does not exist
AH00112: Warning: DocumentRoot [C:/MES/MES/httpd-2.4.56-win64-VS16/Apache24/$(htdocs)/semi.localhost/public_html] does not exist
AH00112: Warning: DocumentRoot [C:/MES/MES/httpd-2.4.56-win64-VS16/Apache24/$(htdocs)/lib.localhost/public_html] does not exist
AH00112: Warning: DocumentRoot [C:/MES/MES/httpd-2.4.56-win64-VS16/Apache24/$(htdocs)/mvc.localhost/public_html] does not exist
AH00112: Warning: DocumentRoot [C:/MES/MES/httpd-2.4.56-win64-VS16/Apache24/$(htdocs)/mes.localhost/public_html] does not exist
AH00112: Warning: DocumentRoot [C:/MES/MES/httpd-2.4.56-win64-VS16/Apache24/$(htdocs)/book.localhost/public_html] does not exist
AH00112: Warning: DocumentRoot [C:/MES/MES/httpd-2.4.56-win64-VS16/Apache24/$(htdocs)/semi.localhost/public_html] does not exist
AH00112: Warning: DocumentRoot [C:/MES/MES/httpd-2.4.56-win64-VS16/Apache24/$(htdocs)/lib.localhost/public_html] does not exist
AH00112: Warning: DocumentRoot [C:/MES/MES/httpd-2.4.56-win64-VS16/Apache24/$(htdocs)/mvc.localhost/public_html] does not exist
AH00112: Warning: DocumentRoot [C:/MES/MES/httpd-2.4.56-win64-VS16/Apache24/$(htdocs)/mes.localhost/public_html] does not exist
PHP Warning:  PHP Startup: Unable to load dynamic library 'php_curl.dll' (tried: C:\\MES\\MES\\php-7.4.33-Win32-vc15-x64\\ext\\php_curl.dll (\xec\xa7\x80\xec\xa0\x95\xeb\x90\x9c \xeb\xaa\xa8\xeb\x93\x88\xec\x9d\x84 \xec\xb0\xbe\xec\x9d\x84 \xec\x88\x98 \xec\x97\x86\xec\x8a\xb5\xeb\x8b\x88\xeb\x8b\xa4.), C:\\MES\\MES\\php-7.4.33-Win32-vc15-x64\\ext\\php_php_curl.dll.dll (\xec\xa7\x80\xec\xa0\x95\xeb\x90\x9c \xeb\xaa\xa8\xeb\x93\x88\xec\x9d\x84 \xec\xb0\xbe\xec\x9d\x84 \xec\x88\x98 \xec\x97\x86\xec\x8a\xb5\xeb\x8b\x88\xeb\x8b\xa4.)) in Unknown on line 0
PHP Warning:  PHP Startup: Unable to load dynamic library 'php_ssh2.dll' (tried: C:\\MES\\MES\\php-7.4.33-Win32-vc15-x64\\ext\\php_ssh2.dll (\xec\xa7\x80\xec\xa0\x95\xeb\x90\x9c \xeb\xaa\xa8\xeb\x93\x88\xec\x9d\x84 \xec\xb0\xbe\xec\x9d\x84 \xec\x88\x98 \xec\x97\x86\xec\x8a\xb5\xeb\x8b\x88\xeb\x8b\xa4.), C:\\MES\\MES\\php-7.4.33-Win32-vc15-x64\\ext\\php_php_ssh2.dll.dll (\xec\xa7\x80\xec\xa0\x95\xeb\x90\x9c \xeb\xaa\xa8\xeb\x93\x88\xec\x9d\x84 \xec\xb0\xbe\xec\x9d\x84 \xec\x88\x98 \xec\x97\x86\xec\x8a\xb5\xeb\x8b\x88\xeb\x8b\xa4.)) in Unknown on line 0
PHP Warning:  PHP Startup: Unable to load dynamic library 'php_mysql.dll' (tried: C:\\MES\\MES\\php-7.4.33-Win32-vc15-x64\\ext\\php_mysql.dll (\xec\xa7\x80\xec\xa0\x95\xeb\x90\x9c \xeb\xaa\xa8\xeb\x93\x88\xec\x9d\x84 \xec\xb0\xbe\xec\x9d\x84 \xec\x88\x98 \xec\x97\x86\xec\x8a\xb5\xeb\x8b\x88\xeb\x8b\xa4.), C:\\MES\\MES\\php-7.4.33-Win32-vc15-x64\\ext\\php_php_mysql.dll.dll (\xec\xa7\x80\xec\xa0\x95\xeb\x90\x9c \xeb\xaa\xa8\xeb\x93\x88\xec\x9d\x84 \xec\xb0\xbe\xec\x9d\x84 \xec\x88\x98 \xec\x97\x86\xec\x8a\xb5\xeb\x8b\x88\xeb\x8b\xa4.)) in Unknown on line 0
[Tue Aug 08 17:22:25.103616 2023] [mpm_winnt:notice] [pid 13636:tid 396] AH00354: Child: Starting 64 worker threads.
[Tue Aug 08 17:23:07.575977 2023] [mpm_winnt:notice] [pid 3204:tid 380] AH00422: Parent: Received shutdown signal -- Shutting down the server.
[Tue Aug 08 17:23:09.589787 2023] [mpm_winnt:notice] [pid 13636:tid 396] AH00364: Child: All worker threads have exited.
[Tue Aug 08 17:23:09.608636 2023] [mpm_winnt:notice] [pid 3204:tid 380] AH00430: Parent: Child process 13636 exited successfully.
Starting the 'Apache2.4' service
The 'Apache2.4' service is running.
ES/MES/httpd-2.4.56-win64-VS16/Apache24/$(htdocs)/book.localhost/public_html] does not exist
AH00112: Warning: DocumentRoot [C:/MES/MES/httpd-2.4.56-win64-VS16/Apache24/$(htdocs)/semi.localhost/public_html] does not exist
AH00112: Warning: DocumentRoot [C:/MES/MES/httpd-2.4.56-win64-VS16/Apache24/$(htdocs)/lib.localhost/public_html] does not exist
AH00112: Warning: DocumentRoot [C:/MES/MES/httpd-2.4.56-win64-VS16/Apache24/$(htdocs)/mvc.localhost/public_html] does not exist
AH00112: Warning: DocumentRoot [C:/MES/MES/httpd-2.4.56-win64-VS16/Apache24/$(htdocs)/mes.localhost/public_html] does not exist
PHP Warning:  PHP Startup: Unable to load dynamic library 'php_curl.dll' (tried: C:\\MES\\MES\\php-7.4.33-Win32-vc15-x64\\ext\\php_curl.dll (\xec\xa7\x80\xec\xa0\x95\xeb\x90\x9c \xeb\xaa\xa8\xeb\x93\x88\xec\x9d\x84 \xec\xb0\xbe\xec\x9d\x84 \xec\x88\x98 \xec\x97\x86\xec\x8a\xb5\xeb\x8b\x88\xeb\x8b\xa4.), C:\\MES\\MES\\php-7.4.33-Win32-vc15-x64\\ext\\php_php_curl.dll.dll (\xec\xa7\x80\xec\xa0\x95\xeb\x90\x9c \xeb\xaa\xa8\xeb\x93\x88\xec\x9d\x84 \xec\xb0\xbe\xec\x9d\x84 \xec\x88\x98 \xec\x97\x86\xec\x8a\xb5\xeb\x8b\x88\xeb\x8b\xa4.)) in Unknown on line 0
PHP Warning:  PHP Startup: Unable to load dynamic library 'php_ssh2.dll' (tried: C:\\MES\\MES\\php-7.4.33-Win32-vc15-x64\\ext\\php_ssh2.dll (\xec\xa7\x80\xec\xa0\x95\xeb\x90\x9c \xeb\xaa\xa8\xeb\x93\x88\xec\x9d\x84 \xec\xb0\xbe\xec\x9d\x84 \xec\x88\x98 \xec\x97\x86\xec\x8a\xb5\xeb\x8b\x88\xeb\x8b\xa4.), C:\\MES\\MES\\php-7.4.33-Win32-vc15-x64\\ext\\php_php_ssh2.dll.dll (\xec\xa7\x80\xec\xa0\x95\xeb\x90\x9c \xeb\xaa\xa8\xeb\x93\x88\xec\x9d\x84 \xec\xb0\xbe\xec\x9d\x84 \xec\x88\x98 \xec\x97\x86\xec\x8a\xb5\xeb\x8b\x88\xeb\x8b\xa4.)) in Unknown on line 0
PHP Warning:  PHP Startup: Unable to load dynamic library 'php_mysql.dll' (tried: C:\\MES\\MES\\php-7.4.33-Win32-vc15-x64\\ext\\php_mysql.dll (\xec\xa7\x80\xec\xa0\x95\xeb\x90\x9c \xeb\xaa\xa8\xeb\x93\x88\xec\x9d\x84 \xec\xb0\xbe\xec\x9d\x84 \xec\x88\x98 \xec\x97\x86\xec\x8a\xb5\xeb\x8b\x88\xeb\x8b\xa4.), C:\\MES\\MES\\php-7.4.33-Win32-vc15-x64\\ext\\php_php_mysql.dll.dll (\xec\xa7\x80\xec\xa0\x95\xeb\x90\x9c \xeb\xaa\xa8\xeb\x93\x88\xec\x9d\x84 \xec\xb0\xbe\xec\x9d\x84 \xec\x88\x98 \xec\x97\x86\xec\x8a\xb5\xeb\x8b\x88\xeb\x8b\xa4.)) in Unknown on line 0
[Tue Aug 08 17:23:14.765198 2023] [mpm_winnt:notice] [pid 8244:tid 380] AH00455: Apache/2.4.56 (Win64) PHP/7.4.33 configured -- resuming normal operations
[Tue Aug 08 17:23:14.765198 2023] [mpm_winnt:notice] [pid 8244:tid 380] AH00456: Apache Lounge VS16 Server built: Mar  7 2023 13:21:03
[Tue Aug 08 17:23:14.765198 2023] [core:notice] [pid 8244:tid 380] AH00094: Command line: 'C:\\MES\\MES\\httpd-2.4.56-win64-VS16\\Apache24\\bin\\httpd.exe -d C:/MES/MES/httpd-2.4.56-win64-VS16/Apache24'
[Tue Aug 08 17:23:14.766196 2023] [mpm_winnt:notice] [pid 8244:tid 380] AH00418: Parent: Created child process 11296
AH00112: Warning: DocumentRoot [C:/MES/MES/httpd-2.4.56-win64-VS16/Apache24/$(htdocs)/book.localhost/public_html] does not exist
AH00112: Warning: DocumentRoot [C:/MES/MES/httpd-2.4.56-win64-VS16/Apache24/$(htdocs)/semi.localhost/public_html] does not exist
AH00112: Warning: DocumentRoot [C:/MES/MES/httpd-2.4.56-win64-VS16/Apache24/$(htdocs)/lib.localhost/public_html] does not exist
AH00112: Warning: DocumentRoot [C:/MES/MES/httpd-2.4.56-win64-VS16/Apache24/$(htdocs)/mvc.localhost/public_html] does not exist
AH00112: Warning: DocumentRoot [C:/MES/MES/httpd-2.4.56-win64-VS16/Apache24/$(htdocs)/mes.localhost/public_html] does not exist
AH00112: Warning: DocumentRoot [C:/MES/MES/httpd-2.4.56-win64-VS16/Apache24/$(htdocs)/book.localhost/public_html] does not exist
AH00112: Warning: DocumentRoot [C:/MES/MES/httpd-2.4.56-win64-VS16/Apache24/$(htdocs)/semi.localhost/public_html] does not exist
AH00112: Warning: DocumentRoot [C:/MES/MES/httpd-2.4.56-win64-VS16/Apache24/$(htdocs)/lib.localhost/public_html] does not exist
AH00112: Warning: DocumentRoot [C:/MES/MES/httpd-2.4.56-win64-VS16/Apache24/$(htdocs)/mvc.localhost/public_html] does not exist
AH00112: Warning: DocumentRoot [C:/MES/MES/httpd-2.4.56-win64-VS16/Apache24/$(htdocs)/mes.localhost/public_html] does not exist
PHP Warning:  PHP Startup: Unable to load dynamic library 'php_curl.dll' (tried: C:\\MES\\MES\\php-7.4.33-Win32-vc15-x64\\ext\\php_curl.dll (\xec\xa7\x80\xec\xa0\x95\xeb\x90\x9c \xeb\xaa\xa8\xeb\x93\x88\xec\x9d\x84 \xec\xb0\xbe\xec\x9d\x84 \xec\x88\x98 \xec\x97\x86\xec\x8a\xb5\xeb\x8b\x88\xeb\x8b\xa4.), C:\\MES\\MES\\php-7.4.33-Win32-vc15-x64\\ext\\php_php_curl.dll.dll (\xec\xa7\x80\xec\xa0\x95\xeb\x90\x9c \xeb\xaa\xa8\xeb\x93\x88\xec\x9d\x84 \xec\xb0\xbe\xec\x9d\x84 \xec\x88\x98 \xec\x97\x86\xec\x8a\xb5\xeb\x8b\x88\xeb\x8b\xa4.)) in Unknown on line 0
PHP Warning:  PHP Startup: Unable to load dynamic library 'php_ssh2.dll' (tried: C:\\MES\\MES\\php-7.4.33-Win32-vc15-x64\\ext\\php_ssh2.dll (\xec\xa7\x80\xec\xa0\x95\xeb\x90\x9c \xeb\xaa\xa8\xeb\x93\x88\xec\x9d\x84 \xec\xb0\xbe\xec\x9d\x84 \xec\x88\x98 \xec\x97\x86\xec\x8a\xb5\xeb\x8b\x88\xeb\x8b\xa4.), C:\\MES\\MES\\php-7.4.33-Win32-vc15-x64\\ext\\php_php_ssh2.dll.dll (\xec\xa7\x80\xec\xa0\x95\xeb\x90\x9c \xeb\xaa\xa8\xeb\x93\x88\xec\x9d\x84 \xec\xb0\xbe\xec\x9d\x84 \xec\x88\x98 \xec\x97\x86\xec\x8a\xb5\xeb\x8b\x88\xeb\x8b\xa4.)) in Unknown on line 0
PHP Warning:  PHP Startup: Unable to load dynamic library 'php_mysql.dll' (tried: C:\\MES\\MES\\php-7.4.33-Win32-vc15-x64\\ext\\php_mysql.dll (\xec\xa7\x80\xec\xa0\x95\xeb\x90\x9c \xeb\xaa\xa8\xeb\x93\x88\xec\x9d\x84 \xec\xb0\xbe\xec\x9d\x84 \xec\x88\x98 \xec\x97\x86\xec\x8a\xb5\xeb\x8b\x88\xeb\x8b\xa4.), C:\\MES\\MES\\php-7.4.33-Win32-vc15-x64\\ext\\php_php_mysql.dll.dll (\xec\xa7\x80\xec\xa0\x95\xeb\x90\x9c \xeb\xaa\xa8\xeb\x93\x88\xec\x9d\x84 \xec\xb0\xbe\xec\x9d\x84 \xec\x88\x98 \xec\x97\x86\xec\x8a\xb5\xeb\x8b\x88\xeb\x8b\xa4.)) in Unknown on line 0
[Tue Aug 08 17:23:14.929795 2023] [mpm_winnt:notice] [pid 11296:tid 396] AH00354: Child: Starting 64 worker threads.
[Tue Aug 08 17:24:07.755640 2023] [mpm_winnt:notice] [pid 8244:tid 380] AH00422: Parent: Received shutdown signal -- Shutting down the server.
[Tue Aug 08 17:24:09.776004 2023] [mpm_winnt:notice] [pid 11296:tid 396] AH00364: Child: All worker threads have exited.
[Tue Aug 08 17:24:09.795932 2023] [mpm_winnt:notice] [pid 8244:tid 380] AH00430: Parent: Child process 11296 exited successfully.
Starting the 'Apache2.4' service
The 'Apache2.4' service is running.
ES/MES/httpd-2.4.56-win64-VS16/Apache24/$(htdocs)/book.localhost/public_html] does not exist
AH00112: Warning: DocumentRoot [C:/MES/MES/httpd-2.4.56-win64-VS16/Apache24/$(htdocs)/semi.localhost/public_html] does not exist
AH00112: Warning: DocumentRoot [C:/MES/MES/httpd-2.4.56-win64-VS16/Apache24/$(htdocs)/lib.localhost/public_html] does not exist
AH00112: Warning: DocumentRoot [C:/MES/MES/httpd-2.4.56-win64-VS16/Apache24/$(htdocs)/mvc.localhost/public_html] does not exist
AH00112: Warning: DocumentRoot [C:/MES/MES/httpd-2.4.56-win64-VS16/Apache24/$(htdocs)/mes.localhost/public_html] does not exist
PHP Warning:  PHP Startup: Unable to load dynamic library 'php_curl.dll' (tried: C:\\MES\\MES\\php-7.4.33-Win32-vc15-x64\\ext\\php_curl.dll (\xec\xa7\x80\xec\xa0\x95\xeb\x90\x9c \xeb\xaa\xa8\xeb\x93\x88\xec\x9d\x84 \xec\xb0\xbe\xec\x9d\x84 \xec\x88\x98 \xec\x97\x86\xec\x8a\xb5\xeb\x8b\x88\xeb\x8b\xa4.), C:\\MES\\MES\\php-7.4.33-Win32-vc15-x64\\ext\\php_php_curl.dll.dll (\xec\xa7\x80\xec\xa0\x95\xeb\x90\x9c \xeb\xaa\xa8\xeb\x93\x88\xec\x9d\x84 \xec\xb0\xbe\xec\x9d\x84 \xec\x88\x98 \xec\x97\x86\xec\x8a\xb5\xeb\x8b\x88\xeb\x8b\xa4.)) in Unknown on line 0
PHP Warning:  PHP Startup: Unable to load dynamic library 'php_ssh2.dll' (tried: C:\\MES\\MES\\php-7.4.33-Win32-vc15-x64\\ext\\php_ssh2.dll (\xec\xa7\x80\xec\xa0\x95\xeb\x90\x9c \xeb\xaa\xa8\xeb\x93\x88\xec\x9d\x84 \xec\xb0\xbe\xec\x9d\x84 \xec\x88\x98 \xec\x97\x86\xec\x8a\xb5\xeb\x8b\x88\xeb\x8b\xa4.), C:\\MES\\MES\\php-7.4.33-Win32-vc15-x64\\ext\\php_php_ssh2.dll.dll (\xec\xa7\x80\xec\xa0\x95\xeb\x90\x9c \xeb\xaa\xa8\xeb\x93\x88\xec\x9d\x84 \xec\xb0\xbe\xec\x9d\x84 \xec\x88\x98 \xec\x97\x86\xec\x8a\xb5\xeb\x8b\x88\xeb\x8b\xa4.)) in Unknown on line 0
PHP Warning:  PHP Startup: Unable to load dynamic library 'php_mysql.dll' (tried: C:\\MES\\MES\\php-7.4.33-Win32-vc15-x64\\ext\\php_mysql.dll (\xec\xa7\x80\xec\xa0\x95\xeb\x90\x9c \xeb\xaa\xa8\xeb\x93\x88\xec\x9d\x84 \xec\xb0\xbe\xec\x9d\x84 \xec\x88\x98 \xec\x97\x86\xec\x8a\xb5\xeb\x8b\x88\xeb\x8b\xa4.), C:\\MES\\MES\\php-7.4.33-Win32-vc15-x64\\ext\\php_php_mysql.dll.dll (\xec\xa7\x80\xec\xa0\x95\xeb\x90\x9c \xeb\xaa\xa8\xeb\x93\x88\xec\x9d\x84 \xec\xb0\xbe\xec\x9d\x84 \xec\x88\x98 \xec\x97\x86\xec\x8a\xb5\xeb\x8b\x88\xeb\x8b\xa4.)) in Unknown on line 0
[Tue Aug 08 17:24:15.666974 2023] [mpm_winnt:notice] [pid 13252:tid 380] AH00455: Apache/2.4.56 (Win64) PHP/7.4.33 configured -- resuming normal operations
[Tue Aug 08 17:24:15.666974 2023] [mpm_winnt:notice] [pid 13252:tid 380] AH00456: Apache Lounge VS16 Server built: Mar  7 2023 13:21:03
[Tue Aug 08 17:24:15.666974 2023] [core:notice] [pid 13252:tid 380] AH00094: Command line: 'C:\\MES\\MES\\httpd-2.4.56-win64-VS16\\Apache24\\bin\\httpd.exe -d C:/MES/MES/httpd-2.4.56-win64-VS16/Apache24'
[Tue Aug 08 17:24:15.666974 2023] [mpm_winnt:notice] [pid 13252:tid 380] AH00418: Parent: Created child process 1468
AH00112: Warning: DocumentRoot [C:/MES/MES/httpd-2.4.56-win64-VS16/Apache24/$(htdocs)/book.localhost/public_html] does not exist
AH00112: Warning: DocumentRoot [C:/MES/MES/httpd-2.4.56-win64-VS16/Apache24/$(htdocs)/semi.localhost/public_html] does not exist
AH00112: Warning: DocumentRoot [C:/MES/MES/httpd-2.4.56-win64-VS16/Apache24/$(htdocs)/lib.localhost/public_html] does not exist
AH00112: Warning: DocumentRoot [C:/MES/MES/httpd-2.4.56-win64-VS16/Apache24/$(htdocs)/mvc.localhost/public_html] does not exist
AH00112: Warning: DocumentRoot [C:/MES/MES/httpd-2.4.56-win64-VS16/Apache24/$(htdocs)/mes.localhost/public_html] does not exist
AH00112: Warning: DocumentRoot [C:/MES/MES/httpd-2.4.56-win64-VS16/Apache24/$(htdocs)/book.localhost/public_html] does not exist
AH00112: Warning: DocumentRoot [C:/MES/MES/httpd-2.4.56-win64-VS16/Apache24/$(htdocs)/semi.localhost/public_html] does not exist
AH00112: Warning: DocumentRoot [C:/MES/MES/httpd-2.4.56-win64-VS16/Apache24/$(htdocs)/lib.localhost/public_html] does not exist
AH00112: Warning: DocumentRoot [C:/MES/MES/httpd-2.4.56-win64-VS16/Apache24/$(htdocs)/mvc.localhost/public_html] does not exist
AH00112: Warning: DocumentRoot [C:/MES/MES/httpd-2.4.56-win64-VS16/Apache24/$(htdocs)/mes.localhost/public_html] does not exist
PHP Warning:  PHP Startup: Unable to load dynamic library 'php_curl.dll' (tried: C:\\MES\\MES\\php-7.4.33-Win32-vc15-x64\\ext\\php_curl.dll (\xec\xa7\x80\xec\xa0\x95\xeb\x90\x9c \xeb\xaa\xa8\xeb\x93\x88\xec\x9d\x84 \xec\xb0\xbe\xec\x9d\x84 \xec\x88\x98 \xec\x97\x86\xec\x8a\xb5\xeb\x8b\x88\xeb\x8b\xa4.), C:\\MES\\MES\\php-7.4.33-Win32-vc15-x64\\ext\\php_php_curl.dll.dll (\xec\xa7\x80\xec\xa0\x95\xeb\x90\x9c \xeb\xaa\xa8\xeb\x93\x88\xec\x9d\x84 \xec\xb0\xbe\xec\x9d\x84 \xec\x88\x98 \xec\x97\x86\xec\x8a\xb5\xeb\x8b\x88\xeb\x8b\xa4.)) in Unknown on line 0
PHP Warning:  PHP Startup: Unable to load dynamic library 'php_ssh2.dll' (tried: C:\\MES\\MES\\php-7.4.33-Win32-vc15-x64\\ext\\php_ssh2.dll (\xec\xa7\x80\xec\xa0\x95\xeb\x90\x9c \xeb\xaa\xa8\xeb\x93\x88\xec\x9d\x84 \xec\xb0\xbe\xec\x9d\x84 \xec\x88\x98 \xec\x97\x86\xec\x8a\xb5\xeb\x8b\x88\xeb\x8b\xa4.), C:\\MES\\MES\\php-7.4.33-Win32-vc15-x64\\ext\\php_php_ssh2.dll.dll (\xec\xa7\x80\xec\xa0\x95\xeb\x90\x9c \xeb\xaa\xa8\xeb\x93\x88\xec\x9d\x84 \xec\xb0\xbe\xec\x9d\x84 \xec\x88\x98 \xec\x97\x86\xec\x8a\xb5\xeb\x8b\x88\xeb\x8b\xa4.)) in Unknown on line 0
PHP Warning:  PHP Startup: Unable to load dynamic library 'php_mysql.dll' (tried: C:\\MES\\MES\\php-7.4.33-Win32-vc15-x64\\ext\\php_mysql.dll (\xec\xa7\x80\xec\xa0\x95\xeb\x90\x9c \xeb\xaa\xa8\xeb\x93\x88\xec\x9d\x84 \xec\xb0\xbe\xec\x9d\x84 \xec\x88\x98 \xec\x97\x86\xec\x8a\xb5\xeb\x8b\x88\xeb\x8b\xa4.), C:\\MES\\MES\\php-7.4.33-Win32-vc15-x64\\ext\\php_php_mysql.dll.dll (\xec\xa7\x80\xec\xa0\x95\xeb\x90\x9c \xeb\xaa\xa8\xeb\x93\x88\xec\x9d\x84 \xec\xb0\xbe\xec\x9d\x84 \xec\x88\x98 \xec\x97\x86\xec\x8a\xb5\xeb\x8b\x88\xeb\x8b\xa4.)) in Unknown on line 0
[Tue Aug 08 17:24:15.931455 2023] [mpm_winnt:notice] [pid 1468:tid 396] AH00354: Child: Starting 64 worker threads.
[Tue Aug 08 17:26:07.775253 2023] [mpm_winnt:notice] [pid 13252:tid 380] AH00422: Parent: Received shutdown signal -- Shutting down the server.
[Tue Aug 08 17:26:09.791448 2023] [mpm_winnt:notice] [pid 1468:tid 396] AH00364: Child: All worker threads have exited.
[Tue Aug 08 17:26:09.810009 2023] [mpm_winnt:notice] [pid 13252:tid 380] AH00430: Parent: Child process 1468 exited successfully.
Starting the 'Apache2.4' service
The 'Apache2.4' service is running.
ES/MES/httpd-2.4.56-win64-VS16/Apache24/$(htdocs)/book.localhost/public_html] does not exist
AH00112: Warning: DocumentRoot [C:/MES/MES/httpd-2.4.56-win64-VS16/Apache24/$(htdocs)/semi.localhost/public_html] does not exist
AH00112: Warning: DocumentRoot [C:/MES/MES/httpd-2.4.56-win64-VS16/Apache24/$(htdocs)/lib.localhost/public_html] does not exist
AH00112: Warning: DocumentRoot [C:/MES/MES/httpd-2.4.56-win64-VS16/Apache24/$(htdocs)/mvc.localhost/public_html] does not exist
AH00112: Warning: DocumentRoot [C:/MES/MES/httpd-2.4.56-win64-VS16/Apache24/$(htdocs)/mes.localhost/public_html] does not exist
PHP Warning:  PHP Startup: Unable to load dynamic library 'php_curl.dll' (tried: C:\\MES\\MES\\php-7.4.33-Win32-vc15-x64\\ext\\php_curl.dll (\xec\xa7\x80\xec\xa0\x95\xeb\x90\x9c \xeb\xaa\xa8\xeb\x93\x88\xec\x9d\x84 \xec\xb0\xbe\xec\x9d\x84 \xec\x88\x98 \xec\x97\x86\xec\x8a\xb5\xeb\x8b\x88\xeb\x8b\xa4.), C:\\MES\\MES\\php-7.4.33-Win32-vc15-x64\\ext\\php_php_curl.dll.dll (\xec\xa7\x80\xec\xa0\x95\xeb\x90\x9c \xeb\xaa\xa8\xeb\x93\x88\xec\x9d\x84 \xec\xb0\xbe\xec\x9d\x84 \xec\x88\x98 \xec\x97\x86\xec\x8a\xb5\xeb\x8b\x88\xeb\x8b\xa4.)) in Unknown on line 0
PHP Warning:  PHP Startup: Unable to load dynamic library 'php_ssh2.dll' (tried: C:\\MES\\MES\\php-7.4.33-Win32-vc15-x64\\ext\\php_ssh2.dll (\xec\xa7\x80\xec\xa0\x95\xeb\x90\x9c \xeb\xaa\xa8\xeb\x93\x88\xec\x9d\x84 \xec\xb0\xbe\xec\x9d\x84 \xec\x88\x98 \xec\x97\x86\xec\x8a\xb5\xeb\x8b\x88\xeb\x8b\xa4.), C:\\MES\\MES\\php-7.4.33-Win32-vc15-x64\\ext\\php_php_ssh2.dll.dll (\xec\xa7\x80\xec\xa0\x95\xeb\x90\x9c \xeb\xaa\xa8\xeb\x93\x88\xec\x9d\x84 \xec\xb0\xbe\xec\x9d\x84 \xec\x88\x98 \xec\x97\x86\xec\x8a\xb5\xeb\x8b\x88\xeb\x8b\xa4.)) in Unknown on line 0
PHP Warning:  PHP Startup: Unable to load dynamic library 'php_mysql.dll' (tried: C:\\MES\\MES\\php-7.4.33-Win32-vc15-x64\\ext\\php_mysql.dll (\xec\xa7\x80\xec\xa0\x95\xeb\x90\x9c \xeb\xaa\xa8\xeb\x93\x88\xec\x9d\x84 \xec\xb0\xbe\xec\x9d\x84 \xec\x88\x98 \xec\x97\x86\xec\x8a\xb5\xeb\x8b\x88\xeb\x8b\xa4.), C:\\MES\\MES\\php-7.4.33-Win32-vc15-x64\\ext\\php_php_mysql.dll.dll (\xec\xa7\x80\xec\xa0\x95\xeb\x90\x9c \xeb\xaa\xa8\xeb\x93\x88\xec\x9d\x84 \xec\xb0\xbe\xec\x9d\x84 \xec\x88\x98 \xec\x97\x86\xec\x8a\xb5\xeb\x8b\x88\xeb\x8b\xa4.)) in Unknown on line 0
[Tue Aug 08 17:29:13.366585 2023] [mpm_winnt:notice] [pid 1448:tid 380] AH00455: Apache/2.4.56 (Win64) PHP/7.4.33 configured -- resuming normal operations
[Tue Aug 08 17:29:13.366585 2023] [mpm_winnt:notice] [pid 1448:tid 380] AH00456: Apache Lounge VS16 Server built: Mar  7 2023 13:21:03
[Tue Aug 08 17:29:13.366585 2023] [core:notice] [pid 1448:tid 380] AH00094: Command line: 'C:\\MES\\MES\\httpd-2.4.56-win64-VS16\\Apache24\\bin\\httpd.exe -d C:/MES/MES/httpd-2.4.56-win64-VS16/Apache24'
[Tue Aug 08 17:29:13.366585 2023] [mpm_winnt:notice] [pid 1448:tid 380] AH00418: Parent: Created child process 14036
AH00112: Warning: DocumentRoot [C:/MES/MES/httpd-2.4.56-win64-VS16/Apache24/$(htdocs)/book.localhost/public_html] does not exist
AH00112: Warning: DocumentRoot [C:/MES/MES/httpd-2.4.56-win64-VS16/Apache24/$(htdocs)/semi.localhost/public_html] does not exist
AH00112: Warning: DocumentRoot [C:/MES/MES/httpd-2.4.56-win64-VS16/Apache24/$(htdocs)/lib.localhost/public_html] does not exist
AH00112: Warning: DocumentRoot [C:/MES/MES/httpd-2.4.56-win64-VS16/Apache24/$(htdocs)/mvc.localhost/public_html] does not exist
AH00112: Warning: DocumentRoot [C:/MES/MES/httpd-2.4.56-win64-VS16/Apache24/$(htdocs)/mes.localhost/public_html] does not exist
AH00112: Warning: DocumentRoot [C:/MES/MES/httpd-2.4.56-win64-VS16/Apache24/$(htdocs)/book.localhost/public_html] does not exist
AH00112: Warning: DocumentRoot [C:/MES/MES/httpd-2.4.56-win64-VS16/Apache24/$(htdocs)/semi.localhost/public_html] does not exist
AH00112: Warning: DocumentRoot [C:/MES/MES/httpd-2.4.56-win64-VS16/Apache24/$(htdocs)/lib.localhost/public_html] does not exist
AH00112: Warning: DocumentRoot [C:/MES/MES/httpd-2.4.56-win64-VS16/Apache24/$(htdocs)/mvc.localhost/public_html] does not exist
AH00112: Warning: DocumentRoot [C:/MES/MES/httpd-2.4.56-win64-VS16/Apache24/$(htdocs)/mes.localhost/public_html] does not exist
PHP Warning:  PHP Startup: Unable to load dynamic library 'php_curl.dll' (tried: C:\\MES\\MES\\php-7.4.33-Win32-vc15-x64\\ext\\php_curl.dll (\xec\xa7\x80\xec\xa0\x95\xeb\x90\x9c \xeb\xaa\xa8\xeb\x93\x88\xec\x9d\x84 \xec\xb0\xbe\xec\x9d\x84 \xec\x88\x98 \xec\x97\x86\xec\x8a\xb5\xeb\x8b\x88\xeb\x8b\xa4.), C:\\MES\\MES\\php-7.4.33-Win32-vc15-x64\\ext\\php_php_curl.dll.dll (\xec\xa7\x80\xec\xa0\x95\xeb\x90\x9c \xeb\xaa\xa8\xeb\x93\x88\xec\x9d\x84 \xec\xb0\xbe\xec\x9d\x84 \xec\x88\x98 \xec\x97\x86\xec\x8a\xb5\xeb\x8b\x88\xeb\x8b\xa4.)) in Unknown on line 0
PHP Warning:  PHP Startup: Unable to load dynamic library 'php_ssh2.dll' (tried: C:\\MES\\MES\\php-7.4.33-Win32-vc15-x64\\ext\\php_ssh2.dll (\xec\xa7\x80\xec\xa0\x95\xeb\x90\x9c \xeb\xaa\xa8\xeb\x93\x88\xec\x9d\x84 \xec\xb0\xbe\xec\x9d\x84 \xec\x88\x98 \xec\x97\x86\xec\x8a\xb5\xeb\x8b\x88\xeb\x8b\xa4.), C:\\MES\\MES\\php-7.4.33-Win32-vc15-x64\\ext\\php_php_ssh2.dll.dll (\xec\xa7\x80\xec\xa0\x95\xeb\x90\x9c \xeb\xaa\xa8\xeb\x93\x88\xec\x9d\x84 \xec\xb0\xbe\xec\x9d\x84 \xec\x88\x98 \xec\x97\x86\xec\x8a\xb5\xeb\x8b\x88\xeb\x8b\xa4.)) in Unknown on line 0
PHP Warning:  PHP Startup: Unable to load dynamic library 'php_mysql.dll' (tried: C:\\MES\\MES\\php-7.4.33-Win32-vc15-x64\\ext\\php_mysql.dll (\xec\xa7\x80\xec\xa0\x95\xeb\x90\x9c \xeb\xaa\xa8\xeb\x93\x88\xec\x9d\x84 \xec\xb0\xbe\xec\x9d\x84 \xec\x88\x98 \xec\x97\x86\xec\x8a\xb5\xeb\x8b\x88\xeb\x8b\xa4.), C:\\MES\\MES\\php-7.4.33-Win32-vc15-x64\\ext\\php_php_mysql.dll.dll (\xec\xa7\x80\xec\xa0\x95\xeb\x90\x9c \xeb\xaa\xa8\xeb\x93\x88\xec\x9d\x84 \xec\xb0\xbe\xec\x9d\x84 \xec\x88\x98 \xec\x97\x86\xec\x8a\xb5\xeb\x8b\x88\xeb\x8b\xa4.)) in Unknown on line 0
[Tue Aug 08 17:29:13.530271 2023] [mpm_winnt:notice] [pid 14036:tid 396] AH00354: Child: Starting 64 worker threads.
[Tue Aug 08 17:29:57.463773 2023] [mpm_winnt:notice] [pid 1448:tid 380] AH00422: Parent: Received shutdown signal -- Shutting down the server.
[Tue Aug 08 17:29:59.477521 2023] [mpm_winnt:notice] [pid 14036:tid 396] AH00364: Child: All worker threads have exited.
[Tue Aug 08 17:29:59.496463 2023] [mpm_winnt:notice] [pid 1448:tid 380] AH00430: Parent: Child process 14036 exited successfully.
Starting the 'Apache2.4' service
The 'Apache2.4' service is running.
ES/MES/httpd-2.4.56-win64-VS16/Apache24/$(htdocs)/book.localhost/public_html] does not exist
AH00112: Warning: DocumentRoot [C:/MES/MES/httpd-2.4.56-win64-VS16/Apache24/$(htdocs)/semi.localhost/public_html] does not exist
AH00112: Warning: DocumentRoot [C:/MES/MES/httpd-2.4.56-win64-VS16/Apache24/$(htdocs)/lib.localhost/public_html] does not exist
AH00112: Warning: DocumentRoot [C:/MES/MES/httpd-2.4.56-win64-VS16/Apache24/$(htdocs)/mvc.localhost/public_html] does not exist
AH00112: Warning: DocumentRoot [C:/MES/MES/httpd-2.4.56-win64-VS16/Apache24/$(htdocs)/mes.localhost/public_html] does not exist
PHP Warning:  PHP Startup: Unable to load dynamic library 'php_curl.dll' (tried: C:\\MES\\MES\\php-7.4.33-Win32-vc15-x64\\ext\\php_curl.dll (\xec\xa7\x80\xec\xa0\x95\xeb\x90\x9c \xeb\xaa\xa8\xeb\x93\x88\xec\x9d\x84 \xec\xb0\xbe\xec\x9d\x84 \xec\x88\x98 \xec\x97\x86\xec\x8a\xb5\xeb\x8b\x88\xeb\x8b\xa4.), C:\\MES\\MES\\php-7.4.33-Win32-vc15-x64\\ext\\php_php_curl.dll.dll (\xec\xa7\x80\xec\xa0\x95\xeb\x90\x9c \xeb\xaa\xa8\xeb\x93\x88\xec\x9d\x84 \xec\xb0\xbe\xec\x9d\x84 \xec\x88\x98 \xec\x97\x86\xec\x8a\xb5\xeb\x8b\x88\xeb\x8b\xa4.)) in Unknown on line 0
PHP Warning:  PHP Startup: Unable to load dynamic library 'php_ssh2.dll' (tried: C:\\MES\\MES\\php-7.4.33-Win32-vc15-x64\\ext\\php_ssh2.dll (\xec\xa7\x80\xec\xa0\x95\xeb\x90\x9c \xeb\xaa\xa8\xeb\x93\x88\xec\x9d\x84 \xec\xb0\xbe\xec\x9d\x84 \xec\x88\x98 \xec\x97\x86\xec\x8a\xb5\xeb\x8b\x88\xeb\x8b\xa4.), C:\\MES\\MES\\php-7.4.33-Win32-vc15-x64\\ext\\php_php_ssh2.dll.dll (\xec\xa7\x80\xec\xa0\x95\xeb\x90\x9c \xeb\xaa\xa8\xeb\x93\x88\xec\x9d\x84 \xec\xb0\xbe\xec\x9d\x84 \xec\x88\x98 \xec\x97\x86\xec\x8a\xb5\xeb\x8b\x88\xeb\x8b\xa4.)) in Unknown on line 0
PHP Warning:  PHP Startup: Unable to load dynamic library 'php_mysql.dll' (tried: C:\\MES\\MES\\php-7.4.33-Win32-vc15-x64\\ext\\php_mysql.dll (\xec\xa7\x80\xec\xa0\x95\xeb\x90\x9c \xeb\xaa\xa8\xeb\x93\x88\xec\x9d\x84 \xec\xb0\xbe\xec\x9d\x84 \xec\x88\x98 \xec\x97\x86\xec\x8a\xb5\xeb\x8b\x88\xeb\x8b\xa4.), C:\\MES\\MES\\php-7.4.33-Win32-vc15-x64\\ext\\php_php_mysql.dll.dll (\xec\xa7\x80\xec\xa0\x95\xeb\x90\x9c \xeb\xaa\xa8\xeb\x93\x88\xec\x9d\x84 \xec\xb0\xbe\xec\x9d\x84 \xec\x88\x98 \xec\x97\x86\xec\x8a\xb5\xeb\x8b\x88\xeb\x8b\xa4.)) in Unknown on line 0
[Tue Aug 08 17:30:03.205653 2023] [mpm_winnt:notice] [pid 6128:tid 380] AH00455: Apache/2.4.56 (Win64) PHP/7.4.33 configured -- resuming normal operations
[Tue Aug 08 17:30:03.205653 2023] [mpm_winnt:notice] [pid 6128:tid 380] AH00456: Apache Lounge VS16 Server built: Mar  7 2023 13:21:03
[Tue Aug 08 17:30:03.205653 2023] [core:notice] [pid 6128:tid 380] AH00094: Command line: 'C:\\MES\\MES\\httpd-2.4.56-win64-VS16\\Apache24\\bin\\httpd.exe -d C:/MES/MES/httpd-2.4.56-win64-VS16/Apache24'
[Tue Aug 08 17:30:03.205653 2023] [mpm_winnt:notice] [pid 6128:tid 380] AH00418: Parent: Created child process 552
AH00112: Warning: DocumentRoot [C:/MES/MES/httpd-2.4.56-win64-VS16/Apache24/$(htdocs)/book.localhost/public_html] does not exist
AH00112: Warning: DocumentRoot [C:/MES/MES/httpd-2.4.56-win64-VS16/Apache24/$(htdocs)/semi.localhost/public_html] does not exist
AH00112: Warning: DocumentRoot [C:/MES/MES/httpd-2.4.56-win64-VS16/Apache24/$(htdocs)/lib.localhost/public_html] does not exist
AH00112: Warning: DocumentRoot [C:/MES/MES/httpd-2.4.56-win64-VS16/Apache24/$(htdocs)/mvc.localhost/public_html] does not exist
AH00112: Warning: DocumentRoot [C:/MES/MES/httpd-2.4.56-win64-VS16/Apache24/$(htdocs)/mes.localhost/public_html] does not exist
AH00112: Warning: DocumentRoot [C:/MES/MES/httpd-2.4.56-win64-VS16/Apache24/$(htdocs)/book.localhost/public_html] does not exist
AH00112: Warning: DocumentRoot [C:/MES/MES/httpd-2.4.56-win64-VS16/Apache24/$(htdocs)/semi.localhost/public_html] does not exist
AH00112: Warning: DocumentRoot [C:/MES/MES/httpd-2.4.56-win64-VS16/Apache24/$(htdocs)/lib.localhost/public_html] does not exist
AH00112: Warning: DocumentRoot [C:/MES/MES/httpd-2.4.56-win64-VS16/Apache24/$(htdocs)/mvc.localhost/public_html] does not exist
AH00112: Warning: DocumentRoot [C:/MES/MES/httpd-2.4.56-win64-VS16/Apache24/$(htdocs)/mes.localhost/public_html] does not exist
PHP Warning:  PHP Startup: Unable to load dynamic library 'php_curl.dll' (tried: C:\\MES\\MES\\php-7.4.33-Win32-vc15-x64\\ext\\php_curl.dll (\xec\xa7\x80\xec\xa0\x95\xeb\x90\x9c \xeb\xaa\xa8\xeb\x93\x88\xec\x9d\x84 \xec\xb0\xbe\xec\x9d\x84 \xec\x88\x98 \xec\x97\x86\xec\x8a\xb5\xeb\x8b\x88\xeb\x8b\xa4.), C:\\MES\\MES\\php-7.4.33-Win32-vc15-x64\\ext\\php_php_curl.dll.dll (\xec\xa7\x80\xec\xa0\x95\xeb\x90\x9c \xeb\xaa\xa8\xeb\x93\x88\xec\x9d\x84 \xec\xb0\xbe\xec\x9d\x84 \xec\x88\x98 \xec\x97\x86\xec\x8a\xb5\xeb\x8b\x88\xeb\x8b\xa4.)) in Unknown on line 0
PHP Warning:  PHP Startup: Unable to load dynamic library 'php_ssh2.dll' (tried: C:\\MES\\MES\\php-7.4.33-Win32-vc15-x64\\ext\\php_ssh2.dll (\xec\xa7\x80\xec\xa0\x95\xeb\x90\x9c \xeb\xaa\xa8\xeb\x93\x88\xec\x9d\x84 \xec\xb0\xbe\xec\x9d\x84 \xec\x88\x98 \xec\x97\x86\xec\x8a\xb5\xeb\x8b\x88\xeb\x8b\xa4.), C:\\MES\\MES\\php-7.4.33-Win32-vc15-x64\\ext\\php_php_ssh2.dll.dll (\xec\xa7\x80\xec\xa0\x95\xeb\x90\x9c \xeb\xaa\xa8\xeb\x93\x88\xec\x9d\x84 \xec\xb0\xbe\xec\x9d\x84 \xec\x88\x98 \xec\x97\x86\xec\x8a\xb5\xeb\x8b\x88\xeb\x8b\xa4.)) in Unknown on line 0
PHP Warning:  PHP Startup: Unable to load dynamic library 'php_mysql.dll' (tried: C:\\MES\\MES\\php-7.4.33-Win32-vc15-x64\\ext\\php_mysql.dll (\xec\xa7\x80\xec\xa0\x95\xeb\x90\x9c \xeb\xaa\xa8\xeb\x93\x88\xec\x9d\x84 \xec\xb0\xbe\xec\x9d\x84 \xec\x88\x98 \xec\x97\x86\xec\x8a\xb5\xeb\x8b\x88\xeb\x8b\xa4.), C:\\MES\\MES\\php-7.4.33-Win32-vc15-x64\\ext\\php_php_mysql.dll.dll (\xec\xa7\x80\xec\xa0\x95\xeb\x90\x9c \xeb\xaa\xa8\xeb\x93\x88\xec\x9d\x84 \xec\xb0\xbe\xec\x9d\x84 \xec\x88\x98 \xec\x97\x86\xec\x8a\xb5\xeb\x8b\x88\xeb\x8b\xa4.)) in Unknown on line 0
[Tue Aug 08 17:30:03.369278 2023] [mpm_winnt:notice] [pid 552:tid 396] AH00354: Child: Starting 64 worker threads.
[Tue Aug 08 17:31:08.905072 2023] [mpm_winnt:notice] [pid 6128:tid 380] AH00422: Parent: Received shutdown signal -- Shutting down the server.
[Tue Aug 08 17:31:10.914925 2023] [mpm_winnt:notice] [pid 552:tid 396] AH00364: Child: All worker threads have exited.
[Tue Aug 08 17:31:10.933658 2023] [mpm_winnt:notice] [pid 6128:tid 380] AH00430: Parent: Child process 552 exited successfully.
Starting the 'Apache2.4' service
The 'Apache2.4' service is running.
 load dynamic library 'php_curl.dll' (tried: C:\\MES\\MES\\php-7.4.33-Win32-vc15-x64\\ext\\php_curl.dll (\xec\xa7\x80\xec\xa0\x95\xeb\x90\x9c \xeb\xaa\xa8\xeb\x93\x88\xec\x9d\x84 \xec\xb0\xbe\xec\x9d\x84 \xec\x88\x98 \xec\x97\x86\xec\x8a\xb5\xeb\x8b\x88\xeb\x8b\xa4.), C:\\MES\\MES\\php-7.4.33-Win32-vc15-x64\\ext\\php_php_curl.dll.dll (\xec\xa7\x80\xec\xa0\x95\xeb\x90\x9c \xeb\xaa\xa8\xeb\x93\x88\xec\x9d\x84 \xec\xb0\xbe\xec\x9d\x84 \xec\x88\x98 \xec\x97\x86\xec\x8a\xb5\xeb\x8b\x88\xeb\x8b\xa4.)) in Unknown on line 0
PHP Warning:  PHP Startup: Unable to load dynamic library 'php_ssh2.dll' (tried: C:\\MES\\MES\\php-7.4.33-Win32-vc15-x64\\ext\\php_ssh2.dll (\xec\xa7\x80\xec\xa0\x95\xeb\x90\x9c \xeb\xaa\xa8\xeb\x93\x88\xec\x9d\x84 \xec\xb0\xbe\xec\x9d\x84 \xec\x88\x98 \xec\x97\x86\xec\x8a\xb5\xeb\x8b\x88\xeb\x8b\xa4.), C:\\MES\\MES\\php-7.4.33-Win32-vc15-x64\\ext\\php_php_ssh2.dll.dll (\xec\xa7\x80\xec\xa0\x95\xeb\x90\x9c \xeb\xaa\xa8\xeb\x93\x88\xec\x9d\x84 \xec\xb0\xbe\xec\x9d\x84 \xec\x88\x98 \xec\x97\x86\xec\x8a\xb5\xeb\x8b\x88\xeb\x8b\xa4.)) in Unknown on line 0
PHP Warning:  PHP Startup: Unable to load dynamic library 'php_mysql.dll' (tried: C:\\MES\\MES\\php-7.4.33-Win32-vc15-x64\\ext\\php_mysql.dll (\xec\xa7\x80\xec\xa0\x95\xeb\x90\x9c \xeb\xaa\xa8\xeb\x93\x88\xec\x9d\x84 \xec\xb0\xbe\xec\x9d\x84 \xec\x88\x98 \xec\x97\x86\xec\x8a\xb5\xeb\x8b\x88\xeb\x8b\xa4.), C:\\MES\\MES\\php-7.4.33-Win32-vc15-x64\\ext\\php_php_mysql.dll.dll (\xec\xa7\x80\xec\xa0\x95\xeb\x90\x9c \xeb\xaa\xa8\xeb\x93\x88\xec\x9d\x84 \xec\xb0\xbe\xec\x9d\x84 \xec\x88\x98 \xec\x97\x86\xec\x8a\xb5\xeb\x8b\x88\xeb\x8b\xa4.)) in Unknown on line 0
[Tue Aug 08 17:31:14.745369 2023] [mpm_winnt:notice] [pid 7112:tid 380] AH00455: Apache/2.4.56 (Win64) PHP/7.4.33 configured -- resuming normal operations
[Tue Aug 08 17:31:14.745369 2023] [mpm_winnt:notice] [pid 7112:tid 380] AH00456: Apache Lounge VS16 Server built: Mar  7 2023 13:21:03
[Tue Aug 08 17:31:14.745369 2023] [core:notice] [pid 7112:tid 380] AH00094: Command line: 'C:\\MES\\MES\\httpd-2.4.56-win64-VS16\\Apache24\\bin\\httpd.exe -d C:/MES/MES/httpd-2.4.56-win64-VS16/Apache24'
[Tue Aug 08 17:31:14.746365 2023] [mpm_winnt:notice] [pid 7112:tid 380] AH00418: Parent: Created child process 11300
PHP Warning:  PHP Startup: Unable to load dynamic library 'php_curl.dll' (tried: C:\\MES\\MES\\php-7.4.33-Win32-vc15-x64\\ext\\php_curl.dll (\xec\xa7\x80\xec\xa0\x95\xeb\x90\x9c \xeb\xaa\xa8\xeb\x93\x88\xec\x9d\x84 \xec\xb0\xbe\xec\x9d\x84 \xec\x88\x98 \xec\x97\x86\xec\x8a\xb5\xeb\x8b\x88\xeb\x8b\xa4.), C:\\MES\\MES\\php-7.4.33-Win32-vc15-x64\\ext\\php_php_curl.dll.dll (\xec\xa7\x80\xec\xa0\x95\xeb\x90\x9c \xeb\xaa\xa8\xeb\x93\x88\xec\x9d\x84 \xec\xb0\xbe\xec\x9d\x84 \xec\x88\x98 \xec\x97\x86\xec\x8a\xb5\xeb\x8b\x88\xeb\x8b\xa4.)) in Unknown on line 0
PHP Warning:  PHP Startup: Unable to load dynamic library 'php_ssh2.dll' (tried: C:\\MES\\MES\\php-7.4.33-Win32-vc15-x64\\ext\\php_ssh2.dll (\xec\xa7\x80\xec\xa0\x95\xeb\x90\x9c \xeb\xaa\xa8\xeb\x93\x88\xec\x9d\x84 \xec\xb0\xbe\xec\x9d\x84 \xec\x88\x98 \xec\x97\x86\xec\x8a\xb5\xeb\x8b\x88\xeb\x8b\xa4.), C:\\MES\\MES\\php-7.4.33-Win32-vc15-x64\\ext\\php_php_ssh2.dll.dll (\xec\xa7\x80\xec\xa0\x95\xeb\x90\x9c \xeb\xaa\xa8\xeb\x93\x88\xec\x9d\x84 \xec\xb0\xbe\xec\x9d\x84 \xec\x88\x98 \xec\x97\x86\xec\x8a\xb5\xeb\x8b\x88\xeb\x8b\xa4.)) in Unknown on line 0
PHP Warning:  PHP Startup: Unable to load dynamic library 'php_mysql.dll' (tried: C:\\MES\\MES\\php-7.4.33-Win32-vc15-x64\\ext\\php_mysql.dll (\xec\xa7\x80\xec\xa0\x95\xeb\x90\x9c \xeb\xaa\xa8\xeb\x93\x88\xec\x9d\x84 \xec\xb0\xbe\xec\x9d\x84 \xec\x88\x98 \xec\x97\x86\xec\x8a\xb5\xeb\x8b\x88\xeb\x8b\xa4.), C:\\MES\\MES\\php-7.4.33-Win32-vc15-x64\\ext\\php_php_mysql.dll.dll (\xec\xa7\x80\xec\xa0\x95\xeb\x90\x9c \xeb\xaa\xa8\xeb\x93\x88\xec\x9d\x84 \xec\xb0\xbe\xec\x9d\x84 \xec\x88\x98 \xec\x97\x86\xec\x8a\xb5\xeb\x8b\x88\xeb\x8b\xa4.)) in Unknown on line 0
[Tue Aug 08 17:31:14.907994 2023] [mpm_winnt:notice] [pid 11300:tid 400] AH00354: Child: Starting 64 worker threads.
[Tue Aug 08 18:06:46.990139 2023] [mpm_winnt:notice] [pid 7112:tid 380] AH00422: Parent: Received shutdown signal -- Shutting down the server.
[Tue Aug 08 18:06:49.021997 2023] [mpm_winnt:notice] [pid 11300:tid 400] AH00364: Child: All worker threads have exited.
[Tue Aug 08 18:06:49.037620 2023] [mpm_winnt:notice] [pid 7112:tid 380] AH00430: Parent: Child process 11300 exited successfully.
PHP Warning:  PHP Startup: Unable to load dynamic library 'php_curl.dll' (tried: C:\\MES\\MES\\php-7.4.33-Win32-vc15-x64\\ext\\php_curl.dll (\xec\xa7\x80\xec\xa0\x95\xeb\x90\x9c \xeb\xaa\xa8\xeb\x93\x88\xec\x9d\x84 \xec\xb0\xbe\xec\x9d\x84 \xec\x88\x98 \xec\x97\x86\xec\x8a\xb5\xeb\x8b\x88\xeb\x8b\xa4.), C:\\MES\\MES\\php-7.4.33-Win32-vc15-x64\\ext\\php_php_curl.dll.dll (\xec\xa7\x80\xec\xa0\x95\xeb\x90\x9c \xeb\xaa\xa8\xeb\x93\x88\xec\x9d\x84 \xec\xb0\xbe\xec\x9d\x84 \xec\x88\x98 \xec\x97\x86\xec\x8a\xb5\xeb\x8b\x88\xeb\x8b\xa4.)) in Unknown on line 0
PHP Warning:  PHP Startup: Unable to load dynamic library 'php_ssh2.dll' (tried: C:\\MES\\MES\\php-7.4.33-Win32-vc15-x64\\ext\\php_ssh2.dll (\xec\xa7\x80\xec\xa0\x95\xeb\x90\x9c \xeb\xaa\xa8\xeb\x93\x88\xec\x9d\x84 \xec\xb0\xbe\xec\x9d\x84 \xec\x88\x98 \xec\x97\x86\xec\x8a\xb5\xeb\x8b\x88\xeb\x8b\xa4.), C:\\MES\\MES\\php-7.4.33-Win32-vc15-x64\\ext\\php_php_ssh2.dll.dll (\xec\xa7\x80\xec\xa0\x95\xeb\x90\x9c \xeb\xaa\xa8\xeb\x93\x88\xec\x9d\x84 \xec\xb0\xbe\xec\x9d\x84 \xec\x88\x98 \xec\x97\x86\xec\x8a\xb5\xeb\x8b\x88\xeb\x8b\xa4.)) in Unknown on line 0
PHP Warning:  PHP Startup: Unable to load dynamic library 'php_mysql.dll' (tried: C:\\MES\\MES\\php-7.4.33-Win32-vc15-x64\\ext\\php_mysql.dll (\xec\xa7\x80\xec\xa0\x95\xeb\x90\x9c \xeb\xaa\xa8\xeb\x93\x88\xec\x9d\x84 \xec\xb0\xbe\xec\x9d\x84 \xec\x88\x98 \xec\x97\x86\xec\x8a\xb5\xeb\x8b\x88\xeb\x8b\xa4.), C:\\MES\\MES\\php-7.4.33-Win32-vc15-x64\\ext\\php_php_mysql.dll.dll (\xec\xa7\x80\xec\xa0\x95\xeb\x90\x9c \xeb\xaa\xa8\xeb\x93\x88\xec\x9d\x84 \xec\xb0\xbe\xec\x9d\x84 \xec\x88\x98 \xec\x97\x86\xec\x8a\xb5\xeb\x8b\x88\xeb\x8b\xa4.)) in Unknown on line 0
[Tue Aug 08 18:07:02.323268 2023] [mpm_winnt:notice] [pid 3276:tid 388] AH00455: Apache/2.4.56 (Win64) PHP/7.4.33 configured -- resuming normal operations
[Tue Aug 08 18:07:02.323268 2023] [mpm_winnt:notice] [pid 3276:tid 388] AH00456: Apache Lounge VS16 Server built: Mar  7 2023 13:21:03
[Tue Aug 08 18:07:02.323268 2023] [core:notice] [pid 3276:tid 388] AH00094: Command line: 'C:\\MES\\MES\\httpd-2.4.56-win64-VS16\\Apache24\\bin\\httpd.exe -d C:/MES/MES/httpd-2.4.56-win64-VS16/Apache24'
[Tue Aug 08 18:07:02.323268 2023] [mpm_winnt:notice] [pid 3276:tid 388] AH00418: Parent: Created child process 4760
PHP Warning:  PHP Startup: Unable to load dynamic library 'php_curl.dll' (tried: C:\\MES\\MES\\php-7.4.33-Win32-vc15-x64\\ext\\php_curl.dll (\xec\xa7\x80\xec\xa0\x95\xeb\x90\x9c \xeb\xaa\xa8\xeb\x93\x88\xec\x9d\x84 \xec\xb0\xbe\xec\x9d\x84 \xec\x88\x98 \xec\x97\x86\xec\x8a\xb5\xeb\x8b\x88\xeb\x8b\xa4.), C:\\MES\\MES\\php-7.4.33-Win32-vc15-x64\\ext\\php_php_curl.dll.dll (\xec\xa7\x80\xec\xa0\x95\xeb\x90\x9c \xeb\xaa\xa8\xeb\x93\x88\xec\x9d\x84 \xec\xb0\xbe\xec\x9d\x84 \xec\x88\x98 \xec\x97\x86\xec\x8a\xb5\xeb\x8b\x88\xeb\x8b\xa4.)) in Unknown on line 0
PHP Warning:  PHP Startup: Unable to load dynamic library 'php_ssh2.dll' (tried: C:\\MES\\MES\\php-7.4.33-Win32-vc15-x64\\ext\\php_ssh2.dll (\xec\xa7\x80\xec\xa0\x95\xeb\x90\x9c \xeb\xaa\xa8\xeb\x93\x88\xec\x9d\x84 \xec\xb0\xbe\xec\x9d\x84 \xec\x88\x98 \xec\x97\x86\xec\x8a\xb5\xeb\x8b\x88\xeb\x8b\xa4.), C:\\MES\\MES\\php-7.4.33-Win32-vc15-x64\\ext\\php_php_ssh2.dll.dll (\xec\xa7\x80\xec\xa0\x95\xeb\x90\x9c \xeb\xaa\xa8\xeb\x93\x88\xec\x9d\x84 \xec\xb0\xbe\xec\x9d\x84 \xec\x88\x98 \xec\x97\x86\xec\x8a\xb5\xeb\x8b\x88\xeb\x8b\xa4.)) in Unknown on line 0
PHP Warning:  PHP Startup: Unable to load dynamic library 'php_mysql.dll' (tried: C:\\MES\\MES\\php-7.4.33-Win32-vc15-x64\\ext\\php_mysql.dll (\xec\xa7\x80\xec\xa0\x95\xeb\x90\x9c \xeb\xaa\xa8\xeb\x93\x88\xec\x9d\x84 \xec\xb0\xbe\xec\x9d\x84 \xec\x88\x98 \xec\x97\x86\xec\x8a\xb5\xeb\x8b\x88\xeb\x8b\xa4.), C:\\MES\\MES\\php-7.4.33-Win32-vc15-x64\\ext\\php_php_mysql.dll.dll (\xec\xa7\x80\xec\xa0\x95\xeb\x90\x9c \xeb\xaa\xa8\xeb\x93\x88\xec\x9d\x84 \xec\xb0\xbe\xec\x9d\x84 \xec\x88\x98 \xec\x97\x86\xec\x8a\xb5\xeb\x8b\x88\xeb\x8b\xa4.)) in Unknown on line 0
[Tue Aug 08 18:07:02.526343 2023] [mpm_winnt:notice] [pid 4760:tid 412] AH00354: Child: Starting 64 worker threads.
[Tue Aug 08 18:07:18.922239 2023] [mpm_winnt:notice] [pid 3276:tid 388] AH00422: Parent: Received shutdown signal -- Shutting down the server.
[Tue Aug 08 18:07:20.953510 2023] [mpm_winnt:notice] [pid 4760:tid 412] AH00364: Child: All worker threads have exited.
[Tue Aug 08 18:07:20.969132 2023] [mpm_winnt:notice] [pid 3276:tid 388] AH00430: Parent: Child process 4760 exited successfully.
PHP Warning:  PHP Startup: Unable to load dynamic library 'php_curl.dll' (tried: C:\\MES\\MES\\php-7.4.33-Win32-vc15-x64\\ext\\php_curl.dll (\xec\xa7\x80\xec\xa0\x95\xeb\x90\x9c \xeb\xaa\xa8\xeb\x93\x88\xec\x9d\x84 \xec\xb0\xbe\xec\x9d\x84 \xec\x88\x98 \xec\x97\x86\xec\x8a\xb5\xeb\x8b\x88\xeb\x8b\xa4.), C:\\MES\\MES\\php-7.4.33-Win32-vc15-x64\\ext\\php_php_curl.dll.dll (\xec\xa7\x80\xec\xa0\x95\xeb\x90\x9c \xeb\xaa\xa8\xeb\x93\x88\xec\x9d\x84 \xec\xb0\xbe\xec\x9d\x84 \xec\x88\x98 \xec\x97\x86\xec\x8a\xb5\xeb\x8b\x88\xeb\x8b\xa4.)) in Unknown on line 0
PHP Warning:  PHP Startup: Unable to load dynamic library 'php_ssh2.dll' (tried: C:\\MES\\MES\\php-7.4.33-Win32-vc15-x64\\ext\\php_ssh2.dll (\xec\xa7\x80\xec\xa0\x95\xeb\x90\x9c \xeb\xaa\xa8\xeb\x93\x88\xec\x9d\x84 \xec\xb0\xbe\xec\x9d\x84 \xec\x88\x98 \xec\x97\x86\xec\x8a\xb5\xeb\x8b\x88\xeb\x8b\xa4.), C:\\MES\\MES\\php-7.4.33-Win32-vc15-x64\\ext\\php_php_ssh2.dll.dll (\xec\xa7\x80\xec\xa0\x95\xeb\x90\x9c \xeb\xaa\xa8\xeb\x93\x88\xec\x9d\x84 \xec\xb0\xbe\xec\x9d\x84 \xec\x88\x98 \xec\x97\x86\xec\x8a\xb5\xeb\x8b\x88\xeb\x8b\xa4.)) in Unknown on line 0
PHP Warning:  PHP Startup: Unable to load dynamic library 'php_mysql.dll' (tried: C:\\MES\\MES\\php-7.4.33-Win32-vc15-x64\\ext\\php_mysql.dll (\xec\xa7\x80\xec\xa0\x95\xeb\x90\x9c \xeb\xaa\xa8\xeb\x93\x88\xec\x9d\x84 \xec\xb0\xbe\xec\x9d\x84 \xec\x88\x98 \xec\x97\x86\xec\x8a\xb5\xeb\x8b\x88\xeb\x8b\xa4.), C:\\MES\\MES\\php-7.4.33-Win32-vc15-x64\\ext\\php_php_mysql.dll.dll (\xec\xa7\x80\xec\xa0\x95\xeb\x90\x9c \xeb\xaa\xa8\xeb\x93\x88\xec\x9d\x84 \xec\xb0\xbe\xec\x9d\x84 \xec\x88\x98 \xec\x97\x86\xec\x8a\xb5\xeb\x8b\x88\xeb\x8b\xa4.)) in Unknown on line 0
[Tue Aug 08 18:50:54.143142 2023] [mpm_winnt:notice] [pid 3736:tid 380] AH00455: Apache/2.4.56 (Win64) PHP/7.4.33 configured -- resuming normal operations
[Tue Aug 08 18:50:54.143142 2023] [mpm_winnt:notice] [pid 3736:tid 380] AH00456: Apache Lounge VS16 Server built: Mar  7 2023 13:21:03
[Tue Aug 08 18:50:54.143142 2023] [core:notice] [pid 3736:tid 380] AH00094: Command line: 'C:\\MES\\MES\\httpd-2.4.56-win64-VS16\\Apache24\\bin\\httpd.exe -d C:/MES/MES/httpd-2.4.56-win64-VS16/Apache24'
[Tue Aug 08 18:50:54.158625 2023] [mpm_winnt:notice] [pid 3736:tid 380] AH00418: Parent: Created child process 5460
PHP Warning:  PHP Startup: Unable to load dynamic library 'php_curl.dll' (tried: C:\\MES\\MES\\php-7.4.33-Win32-vc15-x64\\ext\\php_curl.dll (\xec\xa7\x80\xec\xa0\x95\xeb\x90\x9c \xeb\xaa\xa8\xeb\x93\x88\xec\x9d\x84 \xec\xb0\xbe\xec\x9d\x84 \xec\x88\x98 \xec\x97\x86\xec\x8a\xb5\xeb\x8b\x88\xeb\x8b\xa4.), C:\\MES\\MES\\php-7.4.33-Win32-vc15-x64\\ext\\php_php_curl.dll.dll (\xec\xa7\x80\xec\xa0\x95\xeb\x90\x9c \xeb\xaa\xa8\xeb\x93\x88\xec\x9d\x84 \xec\xb0\xbe\xec\x9d\x84 \xec\x88\x98 \xec\x97\x86\xec\x8a\xb5\xeb\x8b\x88\xeb\x8b\xa4.)) in Unknown on line 0
PHP Warning:  PHP Startup: Unable to load dynamic library 'php_ssh2.dll' (tried: C:\\MES\\MES\\php-7.4.33-Win32-vc15-x64\\ext\\php_ssh2.dll (\xec\xa7\x80\xec\xa0\x95\xeb\x90\x9c \xeb\xaa\xa8\xeb\x93\x88\xec\x9d\x84 \xec\xb0\xbe\xec\x9d\x84 \xec\x88\x98 \xec\x97\x86\xec\x8a\xb5\xeb\x8b\x88\xeb\x8b\xa4.), C:\\MES\\MES\\php-7.4.33-Win32-vc15-x64\\ext\\php_php_ssh2.dll.dll (\xec\xa7\x80\xec\xa0\x95\xeb\x90\x9c \xeb\xaa\xa8\xeb\x93\x88\xec\x9d\x84 \xec\xb0\xbe\xec\x9d\x84 \xec\x88\x98 \xec\x97\x86\xec\x8a\xb5\xeb\x8b\x88\xeb\x8b\xa4.)) in Unknown on line 0
PHP Warning:  PHP Startup: Unable to load dynamic library 'php_mysql.dll' (tried: C:\\MES\\MES\\php-7.4.33-Win32-vc15-x64\\ext\\php_mysql.dll (\xec\xa7\x80\xec\xa0\x95\xeb\x90\x9c \xeb\xaa\xa8\xeb\x93\x88\xec\x9d\x84 \xec\xb0\xbe\xec\x9d\x84 \xec\x88\x98 \xec\x97\x86\xec\x8a\xb5\xeb\x8b\x88\xeb\x8b\xa4.), C:\\MES\\MES\\php-7.4.33-Win32-vc15-x64\\ext\\php_php_mysql.dll.dll (\xec\xa7\x80\xec\xa0\x95\xeb\x90\x9c \xeb\xaa\xa8\xeb\x93\x88\xec\x9d\x84 \xec\xb0\xbe\xec\x9d\x84 \xec\x88\x98 \xec\x97\x86\xec\x8a\xb5\xeb\x8b\x88\xeb\x8b\xa4.)) in Unknown on line 0
[Tue Aug 08 18:50:54.455453 2023] [mpm_winnt:notice] [pid 5460:tid 396] AH00354: Child: Starting 64 worker threads.
[Tue Aug 08 21:08:11.865930 2023] [mpm_winnt:notice] [pid 3736:tid 380] AH00422: Parent: Received shutdown signal -- Shutting down the server.
[Tue Aug 08 21:08:13.881650 2023] [mpm_winnt:notice] [pid 5460:tid 396] AH00364: Child: All worker threads have exited.
[Tue Aug 08 21:08:13.897277 2023] [mpm_winnt:notice] [pid 3736:tid 380] AH00430: Parent: Child process 5460 exited successfully.
PHP Warning:  PHP Startup: Unable to load dynamic library 'php_curl.dll' (tried: C:\\MES\\MES\\php-7.4.33-Win32-vc15-x64\\ext\\php_curl.dll (\xec\xa7\x80\xec\xa0\x95\xeb\x90\x9c \xeb\xaa\xa8\xeb\x93\x88\xec\x9d\x84 \xec\xb0\xbe\xec\x9d\x84 \xec\x88\x98 \xec\x97\x86\xec\x8a\xb5\xeb\x8b\x88\xeb\x8b\xa4.), C:\\MES\\MES\\php-7.4.33-Win32-vc15-x64\\ext\\php_php_curl.dll.dll (\xec\xa7\x80\xec\xa0\x95\xeb\x90\x9c \xeb\xaa\xa8\xeb\x93\x88\xec\x9d\x84 \xec\xb0\xbe\xec\x9d\x84 \xec\x88\x98 \xec\x97\x86\xec\x8a\xb5\xeb\x8b\x88\xeb\x8b\xa4.)) in Unknown on line 0
PHP Warning:  PHP Startup: Unable to load dynamic library 'php_ssh2.dll' (tried: C:\\MES\\MES\\php-7.4.33-Win32-vc15-x64\\ext\\php_ssh2.dll (\xec\xa7\x80\xec\xa0\x95\xeb\x90\x9c \xeb\xaa\xa8\xeb\x93\x88\xec\x9d\x84 \xec\xb0\xbe\xec\x9d\x84 \xec\x88\x98 \xec\x97\x86\xec\x8a\xb5\xeb\x8b\x88\xeb\x8b\xa4.), C:\\MES\\MES\\php-7.4.33-Win32-vc15-x64\\ext\\php_php_ssh2.dll.dll (\xec\xa7\x80\xec\xa0\x95\xeb\x90\x9c \xeb\xaa\xa8\xeb\x93\x88\xec\x9d\x84 \xec\xb0\xbe\xec\x9d\x84 \xec\x88\x98 \xec\x97\x86\xec\x8a\xb5\xeb\x8b\x88\xeb\x8b\xa4.)) in Unknown on line 0
PHP Warning:  PHP Startup: Unable to load dynamic library 'php_mysql.dll' (tried: C:\\MES\\MES\\php-7.4.33-Win32-vc15-x64\\ext\\php_mysql.dll (\xec\xa7\x80\xec\xa0\x95\xeb\x90\x9c \xeb\xaa\xa8\xeb\x93\x88\xec\x9d\x84 \xec\xb0\xbe\xec\x9d\x84 \xec\x88\x98 \xec\x97\x86\xec\x8a\xb5\xeb\x8b\x88\xeb\x8b\xa4.), C:\\MES\\MES\\php-7.4.33-Win32-vc15-x64\\ext\\php_php_mysql.dll.dll (\xec\xa7\x80\xec\xa0\x95\xeb\x90\x9c \xeb\xaa\xa8\xeb\x93\x88\xec\x9d\x84 \xec\xb0\xbe\xec\x9d\x84 \xec\x88\x98 \xec\x97\x86\xec\x8a\xb5\xeb\x8b\x88\xeb\x8b\xa4.)) in Unknown on line 0
[Wed Aug 09 09:11:26.870253 2023] [mpm_winnt:notice] [pid 3732:tid 384] AH00455: Apache/2.4.56 (Win64) PHP/7.4.33 configured -- resuming normal operations
[Wed Aug 09 09:11:26.870253 2023] [mpm_winnt:notice] [pid 3732:tid 384] AH00456: Apache Lounge VS16 Server built: Mar  7 2023 13:21:03
[Wed Aug 09 09:11:26.870253 2023] [core:notice] [pid 3732:tid 384] AH00094: Command line: 'C:\\MES\\MES\\httpd-2.4.56-win64-VS16\\Apache24\\bin\\httpd.exe -d C:/MES/MES/httpd-2.4.56-win64-VS16/Apache24'
[Wed Aug 09 09:11:26.870253 2023] [mpm_winnt:notice] [pid 3732:tid 384] AH00418: Parent: Created child process 5312
PHP Warning:  PHP Startup: Unable to load dynamic library 'php_curl.dll' (tried: C:\\MES\\MES\\php-7.4.33-Win32-vc15-x64\\ext\\php_curl.dll (\xec\xa7\x80\xec\xa0\x95\xeb\x90\x9c \xeb\xaa\xa8\xeb\x93\x88\xec\x9d\x84 \xec\xb0\xbe\xec\x9d\x84 \xec\x88\x98 \xec\x97\x86\xec\x8a\xb5\xeb\x8b\x88\xeb\x8b\xa4.), C:\\MES\\MES\\php-7.4.33-Win32-vc15-x64\\ext\\php_php_curl.dll.dll (\xec\xa7\x80\xec\xa0\x95\xeb\x90\x9c \xeb\xaa\xa8\xeb\x93\x88\xec\x9d\x84 \xec\xb0\xbe\xec\x9d\x84 \xec\x88\x98 \xec\x97\x86\xec\x8a\xb5\xeb\x8b\x88\xeb\x8b\xa4.)) in Unknown on line 0
PHP Warning:  PHP Startup: Unable to load dynamic library 'php_ssh2.dll' (tried: C:\\MES\\MES\\php-7.4.33-Win32-vc15-x64\\ext\\php_ssh2.dll (\xec\xa7\x80\xec\xa0\x95\xeb\x90\x9c \xeb\xaa\xa8\xeb\x93\x88\xec\x9d\x84 \xec\xb0\xbe\xec\x9d\x84 \xec\x88\x98 \xec\x97\x86\xec\x8a\xb5\xeb\x8b\x88\xeb\x8b\xa4.), C:\\MES\\MES\\php-7.4.33-Win32-vc15-x64\\ext\\php_php_ssh2.dll.dll (\xec\xa7\x80\xec\xa0\x95\xeb\x90\x9c \xeb\xaa\xa8\xeb\x93\x88\xec\x9d\x84 \xec\xb0\xbe\xec\x9d\x84 \xec\x88\x98 \xec\x97\x86\xec\x8a\xb5\xeb\x8b\x88\xeb\x8b\xa4.)) in Unknown on line 0
PHP Warning:  PHP Startup: Unable to load dynamic library 'php_mysql.dll' (tried: C:\\MES\\MES\\php-7.4.33-Win32-vc15-x64\\ext\\php_mysql.dll (\xec\xa7\x80\xec\xa0\x95\xeb\x90\x9c \xeb\xaa\xa8\xeb\x93\x88\xec\x9d\x84 \xec\xb0\xbe\xec\x9d\x84 \xec\x88\x98 \xec\x97\x86\xec\x8a\xb5\xeb\x8b\x88\xeb\x8b\xa4.), C:\\MES\\MES\\php-7.4.33-Win32-vc15-x64\\ext\\php_php_mysql.dll.dll (\xec\xa7\x80\xec\xa0\x95\xeb\x90\x9c \xeb\xaa\xa8\xeb\x93\x88\xec\x9d\x84 \xec\xb0\xbe\xec\x9d\x84 \xec\x88\x98 \xec\x97\x86\xec\x8a\xb5\xeb\x8b\x88\xeb\x8b\xa4.)) in Unknown on line 0
[Wed Aug 09 09:11:27.088952 2023] [mpm_winnt:notice] [pid 5312:tid 412] AH00354: Child: Starting 64 worker threads.
[Wed Aug 09 15:09:13.133646 2023] [mpm_winnt:notice] [pid 3732:tid 384] AH00422: Parent: Received shutdown signal -- Shutting down the server.
[Wed Aug 09 15:09:15.145573 2023] [mpm_winnt:notice] [pid 5312:tid 412] AH00364: Child: All worker threads have exited.
[Wed Aug 09 15:09:15.163669 2023] [mpm_winnt:notice] [pid 3732:tid 384] AH00430: Parent: Child process 5312 exited successfully.
Starting the 'Apache2.4' service
The 'Apache2.4' service is running.
 load dynamic library 'php_curl.dll' (tried: C:\\MES\\MES\\php-7.4.33-Win32-vc15-x64\\ext\\php_curl.dll (\xec\xa7\x80\xec\xa0\x95\xeb\x90\x9c \xeb\xaa\xa8\xeb\x93\x88\xec\x9d\x84 \xec\xb0\xbe\xec\x9d\x84 \xec\x88\x98 \xec\x97\x86\xec\x8a\xb5\xeb\x8b\x88\xeb\x8b\xa4.), C:\\MES\\MES\\php-7.4.33-Win32-vc15-x64\\ext\\php_php_curl.dll.dll (\xec\xa7\x80\xec\xa0\x95\xeb\x90\x9c \xeb\xaa\xa8\xeb\x93\x88\xec\x9d\x84 \xec\xb0\xbe\xec\x9d\x84 \xec\x88\x98 \xec\x97\x86\xec\x8a\xb5\xeb\x8b\x88\xeb\x8b\xa4.)) in Unknown on line 0
PHP Warning:  PHP Startup: Unable to load dynamic library 'php_ssh2.dll' (tried: C:\\MES\\MES\\php-7.4.33-Win32-vc15-x64\\ext\\php_ssh2.dll (\xec\xa7\x80\xec\xa0\x95\xeb\x90\x9c \xeb\xaa\xa8\xeb\x93\x88\xec\x9d\x84 \xec\xb0\xbe\xec\x9d\x84 \xec\x88\x98 \xec\x97\x86\xec\x8a\xb5\xeb\x8b\x88\xeb\x8b\xa4.), C:\\MES\\MES\\php-7.4.33-Win32-vc15-x64\\ext\\php_php_ssh2.dll.dll (\xec\xa7\x80\xec\xa0\x95\xeb\x90\x9c \xeb\xaa\xa8\xeb\x93\x88\xec\x9d\x84 \xec\xb0\xbe\xec\x9d\x84 \xec\x88\x98 \xec\x97\x86\xec\x8a\xb5\xeb\x8b\x88\xeb\x8b\xa4.)) in Unknown on line 0
PHP Warning:  PHP Startup: Unable to load dynamic library 'php_mysql.dll' (tried: C:\\MES\\MES\\php-7.4.33-Win32-vc15-x64\\ext\\php_mysql.dll (\xec\xa7\x80\xec\xa0\x95\xeb\x90\x9c \xeb\xaa\xa8\xeb\x93\x88\xec\x9d\x84 \xec\xb0\xbe\xec\x9d\x84 \xec\x88\x98 \xec\x97\x86\xec\x8a\xb5\xeb\x8b\x88\xeb\x8b\xa4.), C:\\MES\\MES\\php-7.4.33-Win32-vc15-x64\\ext\\php_php_mysql.dll.dll (\xec\xa7\x80\xec\xa0\x95\xeb\x90\x9c \xeb\xaa\xa8\xeb\x93\x88\xec\x9d\x84 \xec\xb0\xbe\xec\x9d\x84 \xec\x88\x98 \xec\x97\x86\xec\x8a\xb5\xeb\x8b\x88\xeb\x8b\xa4.)) in Unknown on line 0
[Wed Aug 09 15:09:19.216562 2023] [mpm_winnt:notice] [pid 11324:tid 380] AH00455: Apache/2.4.56 (Win64) PHP/7.4.33 configured -- resuming normal operations
[Wed Aug 09 15:09:19.216562 2023] [mpm_winnt:notice] [pid 11324:tid 380] AH00456: Apache Lounge VS16 Server built: Mar  7 2023 13:21:03
[Wed Aug 09 15:09:19.216562 2023] [core:notice] [pid 11324:tid 380] AH00094: Command line: 'C:\\MES\\MES\\httpd-2.4.56-win64-VS16\\Apache24\\bin\\httpd.exe -d C:/MES/MES/httpd-2.4.56-win64-VS16/Apache24'
[Wed Aug 09 15:09:19.218557 2023] [mpm_winnt:notice] [pid 11324:tid 380] AH00418: Parent: Created child process 3280
PHP Warning:  PHP Startup: Unable to load dynamic library 'php_curl.dll' (tried: C:\\MES\\MES\\php-7.4.33-Win32-vc15-x64\\ext\\php_curl.dll (\xec\xa7\x80\xec\xa0\x95\xeb\x90\x9c \xeb\xaa\xa8\xeb\x93\x88\xec\x9d\x84 \xec\xb0\xbe\xec\x9d\x84 \xec\x88\x98 \xec\x97\x86\xec\x8a\xb5\xeb\x8b\x88\xeb\x8b\xa4.), C:\\MES\\MES\\php-7.4.33-Win32-vc15-x64\\ext\\php_php_curl.dll.dll (\xec\xa7\x80\xec\xa0\x95\xeb\x90\x9c \xeb\xaa\xa8\xeb\x93\x88\xec\x9d\x84 \xec\xb0\xbe\xec\x9d\x84 \xec\x88\x98 \xec\x97\x86\xec\x8a\xb5\xeb\x8b\x88\xeb\x8b\xa4.)) in Unknown on line 0
PHP Warning:  PHP Startup: Unable to load dynamic library 'php_ssh2.dll' (tried: C:\\MES\\MES\\php-7.4.33-Win32-vc15-x64\\ext\\php_ssh2.dll (\xec\xa7\x80\xec\xa0\x95\xeb\x90\x9c \xeb\xaa\xa8\xeb\x93\x88\xec\x9d\x84 \xec\xb0\xbe\xec\x9d\x84 \xec\x88\x98 \xec\x97\x86\xec\x8a\xb5\xeb\x8b\x88\xeb\x8b\xa4.), C:\\MES\\MES\\php-7.4.33-Win32-vc15-x64\\ext\\php_php_ssh2.dll.dll (\xec\xa7\x80\xec\xa0\x95\xeb\x90\x9c \xeb\xaa\xa8\xeb\x93\x88\xec\x9d\x84 \xec\xb0\xbe\xec\x9d\x84 \xec\x88\x98 \xec\x97\x86\xec\x8a\xb5\xeb\x8b\x88\xeb\x8b\xa4.)) in Unknown on line 0
PHP Warning:  PHP Startup: Unable to load dynamic library 'php_mysql.dll' (tried: C:\\MES\\MES\\php-7.4.33-Win32-vc15-x64\\ext\\php_mysql.dll (\xec\xa7\x80\xec\xa0\x95\xeb\x90\x9c \xeb\xaa\xa8\xeb\x93\x88\xec\x9d\x84 \xec\xb0\xbe\xec\x9d\x84 \xec\x88\x98 \xec\x97\x86\xec\x8a\xb5\xeb\x8b\x88\xeb\x8b\xa4.), C:\\MES\\MES\\php-7.4.33-Win32-vc15-x64\\ext\\php_php_mysql.dll.dll (\xec\xa7\x80\xec\xa0\x95\xeb\x90\x9c \xeb\xaa\xa8\xeb\x93\x88\xec\x9d\x84 \xec\xb0\xbe\xec\x9d\x84 \xec\x88\x98 \xec\x97\x86\xec\x8a\xb5\xeb\x8b\x88\xeb\x8b\xa4.)) in Unknown on line 0
[Wed Aug 09 15:09:19.509842 2023] [mpm_winnt:notice] [pid 3280:tid 396] AH00354: Child: Starting 64 worker threads.
[Wed Aug 09 15:10:02.870245 2023] [mpm_winnt:notice] [pid 11324:tid 380] AH00422: Parent: Received shutdown signal -- Shutting down the server.
[Wed Aug 09 15:10:24.970034 2023] [mpm_winnt:notice] [pid 3280:tid 396] AH00364: Child: All worker threads have exited.
[Wed Aug 09 15:10:24.988343 2023] [mpm_winnt:notice] [pid 11324:tid 380] AH00430: Parent: Child process 3280 exited successfully.
Starting the 'Apache2.4' service
The 'Apache2.4' service is running.
 load dynamic library 'php_curl.dll' (tried: C:\\MES\\MES\\php-7.4.33-Win32-vc15-x64\\ext\\php_curl.dll (\xec\xa7\x80\xec\xa0\x95\xeb\x90\x9c \xeb\xaa\xa8\xeb\x93\x88\xec\x9d\x84 \xec\xb0\xbe\xec\x9d\x84 \xec\x88\x98 \xec\x97\x86\xec\x8a\xb5\xeb\x8b\x88\xeb\x8b\xa4.), C:\\MES\\MES\\php-7.4.33-Win32-vc15-x64\\ext\\php_php_curl.dll.dll (\xec\xa7\x80\xec\xa0\x95\xeb\x90\x9c \xeb\xaa\xa8\xeb\x93\x88\xec\x9d\x84 \xec\xb0\xbe\xec\x9d\x84 \xec\x88\x98 \xec\x97\x86\xec\x8a\xb5\xeb\x8b\x88\xeb\x8b\xa4.)) in Unknown on line 0
PHP Warning:  PHP Startup: Unable to load dynamic library 'php_ssh2.dll' (tried: C:\\MES\\MES\\php-7.4.33-Win32-vc15-x64\\ext\\php_ssh2.dll (\xec\xa7\x80\xec\xa0\x95\xeb\x90\x9c \xeb\xaa\xa8\xeb\x93\x88\xec\x9d\x84 \xec\xb0\xbe\xec\x9d\x84 \xec\x88\x98 \xec\x97\x86\xec\x8a\xb5\xeb\x8b\x88\xeb\x8b\xa4.), C:\\MES\\MES\\php-7.4.33-Win32-vc15-x64\\ext\\php_php_ssh2.dll.dll (\xec\xa7\x80\xec\xa0\x95\xeb\x90\x9c \xeb\xaa\xa8\xeb\x93\x88\xec\x9d\x84 \xec\xb0\xbe\xec\x9d\x84 \xec\x88\x98 \xec\x97\x86\xec\x8a\xb5\xeb\x8b\x88\xeb\x8b\xa4.)) in Unknown on line 0
PHP Warning:  PHP Startup: Unable to load dynamic library 'php_mysql.dll' (tried: C:\\MES\\MES\\php-7.4.33-Win32-vc15-x64\\ext\\php_mysql.dll (\xec\xa7\x80\xec\xa0\x95\xeb\x90\x9c \xeb\xaa\xa8\xeb\x93\x88\xec\x9d\x84 \xec\xb0\xbe\xec\x9d\x84 \xec\x88\x98 \xec\x97\x86\xec\x8a\xb5\xeb\x8b\x88\xeb\x8b\xa4.), C:\\MES\\MES\\php-7.4.33-Win32-vc15-x64\\ext\\php_php_mysql.dll.dll (\xec\xa7\x80\xec\xa0\x95\xeb\x90\x9c \xeb\xaa\xa8\xeb\x93\x88\xec\x9d\x84 \xec\xb0\xbe\xec\x9d\x84 \xec\x88\x98 \xec\x97\x86\xec\x8a\xb5\xeb\x8b\x88\xeb\x8b\xa4.)) in Unknown on line 0
[Wed Aug 09 15:10:48.569110 2023] [mpm_winnt:notice] [pid 10248:tid 380] AH00455: Apache/2.4.56 (Win64) PHP/7.4.33 configured -- resuming normal operations
[Wed Aug 09 15:10:48.569110 2023] [mpm_winnt:notice] [pid 10248:tid 380] AH00456: Apache Lounge VS16 Server built: Mar  7 2023 13:21:03
[Wed Aug 09 15:10:48.569110 2023] [core:notice] [pid 10248:tid 380] AH00094: Command line: 'C:\\MES\\MES\\httpd-2.4.56-win64-VS16\\Apache24\\bin\\httpd.exe -d C:/MES/MES/httpd-2.4.56-win64-VS16/Apache24'
[Wed Aug 09 15:10:48.571105 2023] [mpm_winnt:notice] [pid 10248:tid 380] AH00418: Parent: Created child process 7408
PHP Warning:  PHP Startup: Unable to load dynamic library 'php_curl.dll' (tried: C:\\MES\\MES\\php-7.4.33-Win32-vc15-x64\\ext\\php_curl.dll (\xec\xa7\x80\xec\xa0\x95\xeb\x90\x9c \xeb\xaa\xa8\xeb\x93\x88\xec\x9d\x84 \xec\xb0\xbe\xec\x9d\x84 \xec\x88\x98 \xec\x97\x86\xec\x8a\xb5\xeb\x8b\x88\xeb\x8b\xa4.), C:\\MES\\MES\\php-7.4.33-Win32-vc15-x64\\ext\\php_php_curl.dll.dll (\xec\xa7\x80\xec\xa0\x95\xeb\x90\x9c \xeb\xaa\xa8\xeb\x93\x88\xec\x9d\x84 \xec\xb0\xbe\xec\x9d\x84 \xec\x88\x98 \xec\x97\x86\xec\x8a\xb5\xeb\x8b\x88\xeb\x8b\xa4.)) in Unknown on line 0
PHP Warning:  PHP Startup: Unable to load dynamic library 'php_ssh2.dll' (tried: C:\\MES\\MES\\php-7.4.33-Win32-vc15-x64\\ext\\php_ssh2.dll (\xec\xa7\x80\xec\xa0\x95\xeb\x90\x9c \xeb\xaa\xa8\xeb\x93\x88\xec\x9d\x84 \xec\xb0\xbe\xec\x9d\x84 \xec\x88\x98 \xec\x97\x86\xec\x8a\xb5\xeb\x8b\x88\xeb\x8b\xa4.), C:\\MES\\MES\\php-7.4.33-Win32-vc15-x64\\ext\\php_php_ssh2.dll.dll (\xec\xa7\x80\xec\xa0\x95\xeb\x90\x9c \xeb\xaa\xa8\xeb\x93\x88\xec\x9d\x84 \xec\xb0\xbe\xec\x9d\x84 \xec\x88\x98 \xec\x97\x86\xec\x8a\xb5\xeb\x8b\x88\xeb\x8b\xa4.)) in Unknown on line 0
PHP Warning:  PHP Startup: Unable to load dynamic library 'php_mysql.dll' (tried: C:\\MES\\MES\\php-7.4.33-Win32-vc15-x64\\ext\\php_mysql.dll (\xec\xa7\x80\xec\xa0\x95\xeb\x90\x9c \xeb\xaa\xa8\xeb\x93\x88\xec\x9d\x84 \xec\xb0\xbe\xec\x9d\x84 \xec\x88\x98 \xec\x97\x86\xec\x8a\xb5\xeb\x8b\x88\xeb\x8b\xa4.), C:\\MES\\MES\\php-7.4.33-Win32-vc15-x64\\ext\\php_php_mysql.dll.dll (\xec\xa7\x80\xec\xa0\x95\xeb\x90\x9c \xeb\xaa\xa8\xeb\x93\x88\xec\x9d\x84 \xec\xb0\xbe\xec\x9d\x84 \xec\x88\x98 \xec\x97\x86\xec\x8a\xb5\xeb\x8b\x88\xeb\x8b\xa4.)) in Unknown on line 0
[Wed Aug 09 15:10:48.862388 2023] [mpm_winnt:notice] [pid 7408:tid 396] AH00354: Child: Starting 64 worker threads.
[Wed Aug 09 17:52:49.371931 2023] [mpm_winnt:notice] [pid 10248:tid 380] AH00422: Parent: Received shutdown signal -- Shutting down the server.
[Wed Aug 09 17:52:51.403358 2023] [mpm_winnt:notice] [pid 7408:tid 396] AH00364: Child: All worker threads have exited.
[Wed Aug 09 17:52:51.418976 2023] [mpm_winnt:notice] [pid 10248:tid 380] AH00430: Parent: Child process 7408 exited successfully.
PHP Warning:  PHP Startup: Unable to load dynamic library 'php_curl.dll' (tried: C:\\MES\\MES\\php-7.4.33-Win32-vc15-x64\\ext\\php_curl.dll (\xec\xa7\x80\xec\xa0\x95\xeb\x90\x9c \xeb\xaa\xa8\xeb\x93\x88\xec\x9d\x84 \xec\xb0\xbe\xec\x9d\x84 \xec\x88\x98 \xec\x97\x86\xec\x8a\xb5\xeb\x8b\x88\xeb\x8b\xa4.), C:\\MES\\MES\\php-7.4.33-Win32-vc15-x64\\ext\\php_php_curl.dll.dll (\xec\xa7\x80\xec\xa0\x95\xeb\x90\x9c \xeb\xaa\xa8\xeb\x93\x88\xec\x9d\x84 \xec\xb0\xbe\xec\x9d\x84 \xec\x88\x98 \xec\x97\x86\xec\x8a\xb5\xeb\x8b\x88\xeb\x8b\xa4.)) in Unknown on line 0
PHP Warning:  PHP Startup: Unable to load dynamic library 'php_ssh2.dll' (tried: C:\\MES\\MES\\php-7.4.33-Win32-vc15-x64\\ext\\php_ssh2.dll (\xec\xa7\x80\xec\xa0\x95\xeb\x90\x9c \xeb\xaa\xa8\xeb\x93\x88\xec\x9d\x84 \xec\xb0\xbe\xec\x9d\x84 \xec\x88\x98 \xec\x97\x86\xec\x8a\xb5\xeb\x8b\x88\xeb\x8b\xa4.), C:\\MES\\MES\\php-7.4.33-Win32-vc15-x64\\ext\\php_php_ssh2.dll.dll (\xec\xa7\x80\xec\xa0\x95\xeb\x90\x9c \xeb\xaa\xa8\xeb\x93\x88\xec\x9d\x84 \xec\xb0\xbe\xec\x9d\x84 \xec\x88\x98 \xec\x97\x86\xec\x8a\xb5\xeb\x8b\x88\xeb\x8b\xa4.)) in Unknown on line 0
PHP Warning:  PHP Startup: Unable to load dynamic library 'php_mysql.dll' (tried: C:\\MES\\MES\\php-7.4.33-Win32-vc15-x64\\ext\\php_mysql.dll (\xec\xa7\x80\xec\xa0\x95\xeb\x90\x9c \xeb\xaa\xa8\xeb\x93\x88\xec\x9d\x84 \xec\xb0\xbe\xec\x9d\x84 \xec\x88\x98 \xec\x97\x86\xec\x8a\xb5\xeb\x8b\x88\xeb\x8b\xa4.), C:\\MES\\MES\\php-7.4.33-Win32-vc15-x64\\ext\\php_php_mysql.dll.dll (\xec\xa7\x80\xec\xa0\x95\xeb\x90\x9c \xeb\xaa\xa8\xeb\x93\x88\xec\x9d\x84 \xec\xb0\xbe\xec\x9d\x84 \xec\x88\x98 \xec\x97\x86\xec\x8a\xb5\xeb\x8b\x88\xeb\x8b\xa4.)) in Unknown on line 0
[Wed Aug 09 17:57:24.746331 2023] [mpm_winnt:notice] [pid 3820:tid 180] AH00455: Apache/2.4.56 (Win64) PHP/7.4.33 configured -- resuming normal operations
[Wed Aug 09 17:57:24.746331 2023] [mpm_winnt:notice] [pid 3820:tid 180] AH00456: Apache Lounge VS16 Server built: Mar  7 2023 13:21:03
[Wed Aug 09 17:57:24.746331 2023] [core:notice] [pid 3820:tid 180] AH00094: Command line: 'C:\\MES\\MES\\httpd-2.4.56-win64-VS16\\Apache24\\bin\\httpd.exe -d C:/MES/MES/httpd-2.4.56-win64-VS16/Apache24'
[Wed Aug 09 17:57:24.746331 2023] [mpm_winnt:notice] [pid 3820:tid 180] AH00418: Parent: Created child process 5256
PHP Warning:  PHP Startup: Unable to load dynamic library 'php_curl.dll' (tried: C:\\MES\\MES\\php-7.4.33-Win32-vc15-x64\\ext\\php_curl.dll (\xec\xa7\x80\xec\xa0\x95\xeb\x90\x9c \xeb\xaa\xa8\xeb\x93\x88\xec\x9d\x84 \xec\xb0\xbe\xec\x9d\x84 \xec\x88\x98 \xec\x97\x86\xec\x8a\xb5\xeb\x8b\x88\xeb\x8b\xa4.), C:\\MES\\MES\\php-7.4.33-Win32-vc15-x64\\ext\\php_php_curl.dll.dll (\xec\xa7\x80\xec\xa0\x95\xeb\x90\x9c \xeb\xaa\xa8\xeb\x93\x88\xec\x9d\x84 \xec\xb0\xbe\xec\x9d\x84 \xec\x88\x98 \xec\x97\x86\xec\x8a\xb5\xeb\x8b\x88\xeb\x8b\xa4.)) in Unknown on line 0
PHP Warning:  PHP Startup: Unable to load dynamic library 'php_ssh2.dll' (tried: C:\\MES\\MES\\php-7.4.33-Win32-vc15-x64\\ext\\php_ssh2.dll (\xec\xa7\x80\xec\xa0\x95\xeb\x90\x9c \xeb\xaa\xa8\xeb\x93\x88\xec\x9d\x84 \xec\xb0\xbe\xec\x9d\x84 \xec\x88\x98 \xec\x97\x86\xec\x8a\xb5\xeb\x8b\x88\xeb\x8b\xa4.), C:\\MES\\MES\\php-7.4.33-Win32-vc15-x64\\ext\\php_php_ssh2.dll.dll (\xec\xa7\x80\xec\xa0\x95\xeb\x90\x9c \xeb\xaa\xa8\xeb\x93\x88\xec\x9d\x84 \xec\xb0\xbe\xec\x9d\x84 \xec\x88\x98 \xec\x97\x86\xec\x8a\xb5\xeb\x8b\x88\xeb\x8b\xa4.)) in Unknown on line 0
PHP Warning:  PHP Startup: Unable to load dynamic library 'php_mysql.dll' (tried: C:\\MES\\MES\\php-7.4.33-Win32-vc15-x64\\ext\\php_mysql.dll (\xec\xa7\x80\xec\xa0\x95\xeb\x90\x9c \xeb\xaa\xa8\xeb\x93\x88\xec\x9d\x84 \xec\xb0\xbe\xec\x9d\x84 \xec\x88\x98 \xec\x97\x86\xec\x8a\xb5\xeb\x8b\x88\xeb\x8b\xa4.), C:\\MES\\MES\\php-7.4.33-Win32-vc15-x64\\ext\\php_php_mysql.dll.dll (\xec\xa7\x80\xec\xa0\x95\xeb\x90\x9c \xeb\xaa\xa8\xeb\x93\x88\xec\x9d\x84 \xec\xb0\xbe\xec\x9d\x84 \xec\x88\x98 \xec\x97\x86\xec\x8a\xb5\xeb\x8b\x88\xeb\x8b\xa4.)) in Unknown on line 0
[Wed Aug 09 17:57:24.949408 2023] [mpm_winnt:notice] [pid 5256:tid 396] AH00354: Child: Starting 64 worker threads.
[Wed Aug 09 18:06:32.476822 2023] [mpm_winnt:notice] [pid 3820:tid 180] AH00422: Parent: Received shutdown signal -- Shutting down the server.
[Wed Aug 09 18:06:34.508938 2023] [mpm_winnt:notice] [pid 5256:tid 396] AH00364: Child: All worker threads have exited.
[Wed Aug 09 18:06:34.524559 2023] [mpm_winnt:notice] [pid 3820:tid 180] AH00430: Parent: Child process 5256 exited successfully.
PHP Warning:  PHP Startup: Unable to load dynamic library 'php_curl.dll' (tried: C:\\MES\\MES\\php-7.4.33-Win32-vc15-x64\\ext\\php_curl.dll (\xec\xa7\x80\xec\xa0\x95\xeb\x90\x9c \xeb\xaa\xa8\xeb\x93\x88\xec\x9d\x84 \xec\xb0\xbe\xec\x9d\x84 \xec\x88\x98 \xec\x97\x86\xec\x8a\xb5\xeb\x8b\x88\xeb\x8b\xa4.), C:\\MES\\MES\\php-7.4.33-Win32-vc15-x64\\ext\\php_php_curl.dll.dll (\xec\xa7\x80\xec\xa0\x95\xeb\x90\x9c \xeb\xaa\xa8\xeb\x93\x88\xec\x9d\x84 \xec\xb0\xbe\xec\x9d\x84 \xec\x88\x98 \xec\x97\x86\xec\x8a\xb5\xeb\x8b\x88\xeb\x8b\xa4.)) in Unknown on line 0
PHP Warning:  PHP Startup: Unable to load dynamic library 'php_ssh2.dll' (tried: C:\\MES\\MES\\php-7.4.33-Win32-vc15-x64\\ext\\php_ssh2.dll (\xec\xa7\x80\xec\xa0\x95\xeb\x90\x9c \xeb\xaa\xa8\xeb\x93\x88\xec\x9d\x84 \xec\xb0\xbe\xec\x9d\x84 \xec\x88\x98 \xec\x97\x86\xec\x8a\xb5\xeb\x8b\x88\xeb\x8b\xa4.), C:\\MES\\MES\\php-7.4.33-Win32-vc15-x64\\ext\\php_php_ssh2.dll.dll (\xec\xa7\x80\xec\xa0\x95\xeb\x90\x9c \xeb\xaa\xa8\xeb\x93\x88\xec\x9d\x84 \xec\xb0\xbe\xec\x9d\x84 \xec\x88\x98 \xec\x97\x86\xec\x8a\xb5\xeb\x8b\x88\xeb\x8b\xa4.)) in Unknown on line 0
PHP Warning:  PHP Startup: Unable to load dynamic library 'php_mysql.dll' (tried: C:\\MES\\MES\\php-7.4.33-Win32-vc15-x64\\ext\\php_mysql.dll (\xec\xa7\x80\xec\xa0\x95\xeb\x90\x9c \xeb\xaa\xa8\xeb\x93\x88\xec\x9d\x84 \xec\xb0\xbe\xec\x9d\x84 \xec\x88\x98 \xec\x97\x86\xec\x8a\xb5\xeb\x8b\x88\xeb\x8b\xa4.), C:\\MES\\MES\\php-7.4.33-Win32-vc15-x64\\ext\\php_php_mysql.dll.dll (\xec\xa7\x80\xec\xa0\x95\xeb\x90\x9c \xeb\xaa\xa8\xeb\x93\x88\xec\x9d\x84 \xec\xb0\xbe\xec\x9d\x84 \xec\x88\x98 \xec\x97\x86\xec\x8a\xb5\xeb\x8b\x88\xeb\x8b\xa4.)) in Unknown on line 0
[Wed Aug 09 18:26:39.062348 2023] [mpm_winnt:notice] [pid 3756:tid 152] AH00455: Apache/2.4.56 (Win64) PHP/7.4.33 configured -- resuming normal operations
[Wed Aug 09 18:26:39.062348 2023] [mpm_winnt:notice] [pid 3756:tid 152] AH00456: Apache Lounge VS16 Server built: Mar  7 2023 13:21:03
[Wed Aug 09 18:26:39.062348 2023] [core:notice] [pid 3756:tid 152] AH00094: Command line: 'C:\\MES\\MES\\httpd-2.4.56-win64-VS16\\Apache24\\bin\\httpd.exe -d C:/MES/MES/httpd-2.4.56-win64-VS16/Apache24'
[Wed Aug 09 18:26:39.062348 2023] [mpm_winnt:notice] [pid 3756:tid 152] AH00418: Parent: Created child process 2884
PHP Warning:  PHP Startup: Unable to load dynamic library 'php_curl.dll' (tried: C:\\MES\\MES\\php-7.4.33-Win32-vc15-x64\\ext\\php_curl.dll (\xec\xa7\x80\xec\xa0\x95\xeb\x90\x9c \xeb\xaa\xa8\xeb\x93\x88\xec\x9d\x84 \xec\xb0\xbe\xec\x9d\x84 \xec\x88\x98 \xec\x97\x86\xec\x8a\xb5\xeb\x8b\x88\xeb\x8b\xa4.), C:\\MES\\MES\\php-7.4.33-Win32-vc15-x64\\ext\\php_php_curl.dll.dll (\xec\xa7\x80\xec\xa0\x95\xeb\x90\x9c \xeb\xaa\xa8\xeb\x93\x88\xec\x9d\x84 \xec\xb0\xbe\xec\x9d\x84 \xec\x88\x98 \xec\x97\x86\xec\x8a\xb5\xeb\x8b\x88\xeb\x8b\xa4.)) in Unknown on line 0
PHP Warning:  PHP Startup: Unable to load dynamic library 'php_ssh2.dll' (tried: C:\\MES\\MES\\php-7.4.33-Win32-vc15-x64\\ext\\php_ssh2.dll (\xec\xa7\x80\xec\xa0\x95\xeb\x90\x9c \xeb\xaa\xa8\xeb\x93\x88\xec\x9d\x84 \xec\xb0\xbe\xec\x9d\x84 \xec\x88\x98 \xec\x97\x86\xec\x8a\xb5\xeb\x8b\x88\xeb\x8b\xa4.), C:\\MES\\MES\\php-7.4.33-Win32-vc15-x64\\ext\\php_php_ssh2.dll.dll (\xec\xa7\x80\xec\xa0\x95\xeb\x90\x9c \xeb\xaa\xa8\xeb\x93\x88\xec\x9d\x84 \xec\xb0\xbe\xec\x9d\x84 \xec\x88\x98 \xec\x97\x86\xec\x8a\xb5\xeb\x8b\x88\xeb\x8b\xa4.)) in Unknown on line 0
PHP Warning:  PHP Startup: Unable to load dynamic library 'php_mysql.dll' (tried: C:\\MES\\MES\\php-7.4.33-Win32-vc15-x64\\ext\\php_mysql.dll (\xec\xa7\x80\xec\xa0\x95\xeb\x90\x9c \xeb\xaa\xa8\xeb\x93\x88\xec\x9d\x84 \xec\xb0\xbe\xec\x9d\x84 \xec\x88\x98 \xec\x97\x86\xec\x8a\xb5\xeb\x8b\x88\xeb\x8b\xa4.), C:\\MES\\MES\\php-7.4.33-Win32-vc15-x64\\ext\\php_php_mysql.dll.dll (\xec\xa7\x80\xec\xa0\x95\xeb\x90\x9c \xeb\xaa\xa8\xeb\x93\x88\xec\x9d\x84 \xec\xb0\xbe\xec\x9d\x84 \xec\x88\x98 \xec\x97\x86\xec\x8a\xb5\xeb\x8b\x88\xeb\x8b\xa4.)) in Unknown on line 0
[Wed Aug 09 18:26:39.281012 2023] [mpm_winnt:notice] [pid 2884:tid 412] AH00354: Child: Starting 64 worker threads.
[Wed Aug 09 21:52:44.915788 2023] [mpm_winnt:notice] [pid 3756:tid 152] AH00422: Parent: Received shutdown signal -- Shutting down the server.
[Wed Aug 09 21:52:46.947288 2023] [mpm_winnt:notice] [pid 2884:tid 412] AH00364: Child: All worker threads have exited.
[Wed Aug 09 21:52:46.962914 2023] [mpm_winnt:notice] [pid 3756:tid 152] AH00430: Parent: Child process 2884 exited successfully.
PHP Warning:  PHP Startup: Unable to load dynamic library 'php_curl.dll' (tried: C:\\MES\\MES\\php-7.4.33-Win32-vc15-x64\\ext\\php_curl.dll (\xec\xa7\x80\xec\xa0\x95\xeb\x90\x9c \xeb\xaa\xa8\xeb\x93\x88\xec\x9d\x84 \xec\xb0\xbe\xec\x9d\x84 \xec\x88\x98 \xec\x97\x86\xec\x8a\xb5\xeb\x8b\x88\xeb\x8b\xa4.), C:\\MES\\MES\\php-7.4.33-Win32-vc15-x64\\ext\\php_php_curl.dll.dll (\xec\xa7\x80\xec\xa0\x95\xeb\x90\x9c \xeb\xaa\xa8\xeb\x93\x88\xec\x9d\x84 \xec\xb0\xbe\xec\x9d\x84 \xec\x88\x98 \xec\x97\x86\xec\x8a\xb5\xeb\x8b\x88\xeb\x8b\xa4.)) in Unknown on line 0
PHP Warning:  PHP Startup: Unable to load dynamic library 'php_ssh2.dll' (tried: C:\\MES\\MES\\php-7.4.33-Win32-vc15-x64\\ext\\php_ssh2.dll (\xec\xa7\x80\xec\xa0\x95\xeb\x90\x9c \xeb\xaa\xa8\xeb\x93\x88\xec\x9d\x84 \xec\xb0\xbe\xec\x9d\x84 \xec\x88\x98 \xec\x97\x86\xec\x8a\xb5\xeb\x8b\x88\xeb\x8b\xa4.), C:\\MES\\MES\\php-7.4.33-Win32-vc15-x64\\ext\\php_php_ssh2.dll.dll (\xec\xa7\x80\xec\xa0\x95\xeb\x90\x9c \xeb\xaa\xa8\xeb\x93\x88\xec\x9d\x84 \xec\xb0\xbe\xec\x9d\x84 \xec\x88\x98 \xec\x97\x86\xec\x8a\xb5\xeb\x8b\x88\xeb\x8b\xa4.)) in Unknown on line 0
PHP Warning:  PHP Startup: Unable to load dynamic library 'php_mysql.dll' (tried: C:\\MES\\MES\\php-7.4.33-Win32-vc15-x64\\ext\\php_mysql.dll (\xec\xa7\x80\xec\xa0\x95\xeb\x90\x9c \xeb\xaa\xa8\xeb\x93\x88\xec\x9d\x84 \xec\xb0\xbe\xec\x9d\x84 \xec\x88\x98 \xec\x97\x86\xec\x8a\xb5\xeb\x8b\x88\xeb\x8b\xa4.), C:\\MES\\MES\\php-7.4.33-Win32-vc15-x64\\ext\\php_php_mysql.dll.dll (\xec\xa7\x80\xec\xa0\x95\xeb\x90\x9c \xeb\xaa\xa8\xeb\x93\x88\xec\x9d\x84 \xec\xb0\xbe\xec\x9d\x84 \xec\x88\x98 \xec\x97\x86\xec\x8a\xb5\xeb\x8b\x88\xeb\x8b\xa4.)) in Unknown on line 0
[Thu Aug 10 09:11:03.248625 2023] [mpm_winnt:notice] [pid 3708:tid 404] AH00455: Apache/2.4.56 (Win64) PHP/7.4.33 configured -- resuming normal operations
[Thu Aug 10 09:11:03.248625 2023] [mpm_winnt:notice] [pid 3708:tid 404] AH00456: Apache Lounge VS16 Server built: Mar  7 2023 13:21:03
[Thu Aug 10 09:11:03.248625 2023] [core:notice] [pid 3708:tid 404] AH00094: Command line: 'C:\\MES\\MES\\httpd-2.4.56-win64-VS16\\Apache24\\bin\\httpd.exe -d C:/MES/MES/httpd-2.4.56-win64-VS16/Apache24'
[Thu Aug 10 09:11:03.248625 2023] [mpm_winnt:notice] [pid 3708:tid 404] AH00418: Parent: Created child process 4276
PHP Warning:  PHP Startup: Unable to load dynamic library 'php_curl.dll' (tried: C:\\MES\\MES\\php-7.4.33-Win32-vc15-x64\\ext\\php_curl.dll (\xec\xa7\x80\xec\xa0\x95\xeb\x90\x9c \xeb\xaa\xa8\xeb\x93\x88\xec\x9d\x84 \xec\xb0\xbe\xec\x9d\x84 \xec\x88\x98 \xec\x97\x86\xec\x8a\xb5\xeb\x8b\x88\xeb\x8b\xa4.), C:\\MES\\MES\\php-7.4.33-Win32-vc15-x64\\ext\\php_php_curl.dll.dll (\xec\xa7\x80\xec\xa0\x95\xeb\x90\x9c \xeb\xaa\xa8\xeb\x93\x88\xec\x9d\x84 \xec\xb0\xbe\xec\x9d\x84 \xec\x88\x98 \xec\x97\x86\xec\x8a\xb5\xeb\x8b\x88\xeb\x8b\xa4.)) in Unknown on line 0
PHP Warning:  PHP Startup: Unable to load dynamic library 'php_ssh2.dll' (tried: C:\\MES\\MES\\php-7.4.33-Win32-vc15-x64\\ext\\php_ssh2.dll (\xec\xa7\x80\xec\xa0\x95\xeb\x90\x9c \xeb\xaa\xa8\xeb\x93\x88\xec\x9d\x84 \xec\xb0\xbe\xec\x9d\x84 \xec\x88\x98 \xec\x97\x86\xec\x8a\xb5\xeb\x8b\x88\xeb\x8b\xa4.), C:\\MES\\MES\\php-7.4.33-Win32-vc15-x64\\ext\\php_php_ssh2.dll.dll (\xec\xa7\x80\xec\xa0\x95\xeb\x90\x9c \xeb\xaa\xa8\xeb\x93\x88\xec\x9d\x84 \xec\xb0\xbe\xec\x9d\x84 \xec\x88\x98 \xec\x97\x86\xec\x8a\xb5\xeb\x8b\x88\xeb\x8b\xa4.)) in Unknown on line 0
PHP Warning:  PHP Startup: Unable to load dynamic library 'php_mysql.dll' (tried: C:\\MES\\MES\\php-7.4.33-Win32-vc15-x64\\ext\\php_mysql.dll (\xec\xa7\x80\xec\xa0\x95\xeb\x90\x9c \xeb\xaa\xa8\xeb\x93\x88\xec\x9d\x84 \xec\xb0\xbe\xec\x9d\x84 \xec\x88\x98 \xec\x97\x86\xec\x8a\xb5\xeb\x8b\x88\xeb\x8b\xa4.), C:\\MES\\MES\\php-7.4.33-Win32-vc15-x64\\ext\\php_php_mysql.dll.dll (\xec\xa7\x80\xec\xa0\x95\xeb\x90\x9c \xeb\xaa\xa8\xeb\x93\x88\xec\x9d\x84 \xec\xb0\xbe\xec\x9d\x84 \xec\x88\x98 \xec\x97\x86\xec\x8a\xb5\xeb\x8b\x88\xeb\x8b\xa4.)) in Unknown on line 0
[Thu Aug 10 09:11:03.467325 2023] [mpm_winnt:notice] [pid 4276:tid 400] AH00354: Child: Starting 64 worker threads.
[Thu Aug 10 18:10:44.406591 2023] [mpm_winnt:notice] [pid 3708:tid 404] AH00422: Parent: Received shutdown signal -- Shutting down the server.
[Thu Aug 10 18:10:46.422463 2023] [mpm_winnt:notice] [pid 4276:tid 400] AH00364: Child: All worker threads have exited.
[Thu Aug 10 18:10:46.438082 2023] [mpm_winnt:notice] [pid 3708:tid 404] AH00430: Parent: Child process 4276 exited successfully.
PHP Warning:  PHP Startup: Unable to load dynamic library 'php_curl.dll' (tried: C:\\MES\\MES\\php-7.4.33-Win32-vc15-x64\\ext\\php_curl.dll (\xec\xa7\x80\xec\xa0\x95\xeb\x90\x9c \xeb\xaa\xa8\xeb\x93\x88\xec\x9d\x84 \xec\xb0\xbe\xec\x9d\x84 \xec\x88\x98 \xec\x97\x86\xec\x8a\xb5\xeb\x8b\x88\xeb\x8b\xa4.), C:\\MES\\MES\\php-7.4.33-Win32-vc15-x64\\ext\\php_php_curl.dll.dll (\xec\xa7\x80\xec\xa0\x95\xeb\x90\x9c \xeb\xaa\xa8\xeb\x93\x88\xec\x9d\x84 \xec\xb0\xbe\xec\x9d\x84 \xec\x88\x98 \xec\x97\x86\xec\x8a\xb5\xeb\x8b\x88\xeb\x8b\xa4.)) in Unknown on line 0
PHP Warning:  PHP Startup: Unable to load dynamic library 'php_ssh2.dll' (tried: C:\\MES\\MES\\php-7.4.33-Win32-vc15-x64\\ext\\php_ssh2.dll (\xec\xa7\x80\xec\xa0\x95\xeb\x90\x9c \xeb\xaa\xa8\xeb\x93\x88\xec\x9d\x84 \xec\xb0\xbe\xec\x9d\x84 \xec\x88\x98 \xec\x97\x86\xec\x8a\xb5\xeb\x8b\x88\xeb\x8b\xa4.), C:\\MES\\MES\\php-7.4.33-Win32-vc15-x64\\ext\\php_php_ssh2.dll.dll (\xec\xa7\x80\xec\xa0\x95\xeb\x90\x9c \xeb\xaa\xa8\xeb\x93\x88\xec\x9d\x84 \xec\xb0\xbe\xec\x9d\x84 \xec\x88\x98 \xec\x97\x86\xec\x8a\xb5\xeb\x8b\x88\xeb\x8b\xa4.)) in Unknown on line 0
PHP Warning:  PHP Startup: Unable to load dynamic library 'php_mysql.dll' (tried: C:\\MES\\MES\\php-7.4.33-Win32-vc15-x64\\ext\\php_mysql.dll (\xec\xa7\x80\xec\xa0\x95\xeb\x90\x9c \xeb\xaa\xa8\xeb\x93\x88\xec\x9d\x84 \xec\xb0\xbe\xec\x9d\x84 \xec\x88\x98 \xec\x97\x86\xec\x8a\xb5\xeb\x8b\x88\xeb\x8b\xa4.), C:\\MES\\MES\\php-7.4.33-Win32-vc15-x64\\ext\\php_php_mysql.dll.dll (\xec\xa7\x80\xec\xa0\x95\xeb\x90\x9c \xeb\xaa\xa8\xeb\x93\x88\xec\x9d\x84 \xec\xb0\xbe\xec\x9d\x84 \xec\x88\x98 \xec\x97\x86\xec\x8a\xb5\xeb\x8b\x88\xeb\x8b\xa4.)) in Unknown on line 0
[Thu Aug 10 18:10:58.892972 2023] [mpm_winnt:notice] [pid 3332:tid 148] AH00455: Apache/2.4.56 (Win64) PHP/7.4.33 configured -- resuming normal operations
[Thu Aug 10 18:10:58.892972 2023] [mpm_winnt:notice] [pid 3332:tid 148] AH00456: Apache Lounge VS16 Server built: Mar  7 2023 13:21:03
[Thu Aug 10 18:10:58.892972 2023] [core:notice] [pid 3332:tid 148] AH00094: Command line: 'C:\\MES\\MES\\httpd-2.4.56-win64-VS16\\Apache24\\bin\\httpd.exe -d C:/MES/MES/httpd-2.4.56-win64-VS16/Apache24'
[Thu Aug 10 18:10:58.908593 2023] [mpm_winnt:notice] [pid 3332:tid 148] AH00418: Parent: Created child process 4916
PHP Warning:  PHP Startup: Unable to load dynamic library 'php_curl.dll' (tried: C:\\MES\\MES\\php-7.4.33-Win32-vc15-x64\\ext\\php_curl.dll (\xec\xa7\x80\xec\xa0\x95\xeb\x90\x9c \xeb\xaa\xa8\xeb\x93\x88\xec\x9d\x84 \xec\xb0\xbe\xec\x9d\x84 \xec\x88\x98 \xec\x97\x86\xec\x8a\xb5\xeb\x8b\x88\xeb\x8b\xa4.), C:\\MES\\MES\\php-7.4.33-Win32-vc15-x64\\ext\\php_php_curl.dll.dll (\xec\xa7\x80\xec\xa0\x95\xeb\x90\x9c \xeb\xaa\xa8\xeb\x93\x88\xec\x9d\x84 \xec\xb0\xbe\xec\x9d\x84 \xec\x88\x98 \xec\x97\x86\xec\x8a\xb5\xeb\x8b\x88\xeb\x8b\xa4.)) in Unknown on line 0
PHP Warning:  PHP Startup: Unable to load dynamic library 'php_ssh2.dll' (tried: C:\\MES\\MES\\php-7.4.33-Win32-vc15-x64\\ext\\php_ssh2.dll (\xec\xa7\x80\xec\xa0\x95\xeb\x90\x9c \xeb\xaa\xa8\xeb\x93\x88\xec\x9d\x84 \xec\xb0\xbe\xec\x9d\x84 \xec\x88\x98 \xec\x97\x86\xec\x8a\xb5\xeb\x8b\x88\xeb\x8b\xa4.), C:\\MES\\MES\\php-7.4.33-Win32-vc15-x64\\ext\\php_php_ssh2.dll.dll (\xec\xa7\x80\xec\xa0\x95\xeb\x90\x9c \xeb\xaa\xa8\xeb\x93\x88\xec\x9d\x84 \xec\xb0\xbe\xec\x9d\x84 \xec\x88\x98 \xec\x97\x86\xec\x8a\xb5\xeb\x8b\x88\xeb\x8b\xa4.)) in Unknown on line 0
PHP Warning:  PHP Startup: Unable to load dynamic library 'php_mysql.dll' (tried: C:\\MES\\MES\\php-7.4.33-Win32-vc15-x64\\ext\\php_mysql.dll (\xec\xa7\x80\xec\xa0\x95\xeb\x90\x9c \xeb\xaa\xa8\xeb\x93\x88\xec\x9d\x84 \xec\xb0\xbe\xec\x9d\x84 \xec\x88\x98 \xec\x97\x86\xec\x8a\xb5\xeb\x8b\x88\xeb\x8b\xa4.), C:\\MES\\MES\\php-7.4.33-Win32-vc15-x64\\ext\\php_php_mysql.dll.dll (\xec\xa7\x80\xec\xa0\x95\xeb\x90\x9c \xeb\xaa\xa8\xeb\x93\x88\xec\x9d\x84 \xec\xb0\xbe\xec\x9d\x84 \xec\x88\x98 \xec\x97\x86\xec\x8a\xb5\xeb\x8b\x88\xeb\x8b\xa4.)) in Unknown on line 0
[Thu Aug 10 18:10:59.299128 2023] [mpm_winnt:notice] [pid 4916:tid 396] AH00354: Child: Starting 64 worker threads.
[Thu Aug 10 18:11:07.203523 2023] [mpm_winnt:notice] [pid 3332:tid 148] AH00422: Parent: Received shutdown signal -- Shutting down the server.
[Thu Aug 10 18:11:09.235316 2023] [mpm_winnt:notice] [pid 4916:tid 396] AH00364: Child: All worker threads have exited.
[Thu Aug 10 18:11:09.250937 2023] [mpm_winnt:notice] [pid 3332:tid 148] AH00430: Parent: Child process 4916 exited successfully.
PHP Warning:  PHP Startup: Unable to load dynamic library 'php_curl.dll' (tried: C:\\MES\\MES\\php-7.4.33-Win32-vc15-x64\\ext\\php_curl.dll (\xec\xa7\x80\xec\xa0\x95\xeb\x90\x9c \xeb\xaa\xa8\xeb\x93\x88\xec\x9d\x84 \xec\xb0\xbe\xec\x9d\x84 \xec\x88\x98 \xec\x97\x86\xec\x8a\xb5\xeb\x8b\x88\xeb\x8b\xa4.), C:\\MES\\MES\\php-7.4.33-Win32-vc15-x64\\ext\\php_php_curl.dll.dll (\xec\xa7\x80\xec\xa0\x95\xeb\x90\x9c \xeb\xaa\xa8\xeb\x93\x88\xec\x9d\x84 \xec\xb0\xbe\xec\x9d\x84 \xec\x88\x98 \xec\x97\x86\xec\x8a\xb5\xeb\x8b\x88\xeb\x8b\xa4.)) in Unknown on line 0
PHP Warning:  PHP Startup: Unable to load dynamic library 'php_ssh2.dll' (tried: C:\\MES\\MES\\php-7.4.33-Win32-vc15-x64\\ext\\php_ssh2.dll (\xec\xa7\x80\xec\xa0\x95\xeb\x90\x9c \xeb\xaa\xa8\xeb\x93\x88\xec\x9d\x84 \xec\xb0\xbe\xec\x9d\x84 \xec\x88\x98 \xec\x97\x86\xec\x8a\xb5\xeb\x8b\x88\xeb\x8b\xa4.), C:\\MES\\MES\\php-7.4.33-Win32-vc15-x64\\ext\\php_php_ssh2.dll.dll (\xec\xa7\x80\xec\xa0\x95\xeb\x90\x9c \xeb\xaa\xa8\xeb\x93\x88\xec\x9d\x84 \xec\xb0\xbe\xec\x9d\x84 \xec\x88\x98 \xec\x97\x86\xec\x8a\xb5\xeb\x8b\x88\xeb\x8b\xa4.)) in Unknown on line 0
PHP Warning:  PHP Startup: Unable to load dynamic library 'php_mysql.dll' (tried: C:\\MES\\MES\\php-7.4.33-Win32-vc15-x64\\ext\\php_mysql.dll (\xec\xa7\x80\xec\xa0\x95\xeb\x90\x9c \xeb\xaa\xa8\xeb\x93\x88\xec\x9d\x84 \xec\xb0\xbe\xec\x9d\x84 \xec\x88\x98 \xec\x97\x86\xec\x8a\xb5\xeb\x8b\x88\xeb\x8b\xa4.), C:\\MES\\MES\\php-7.4.33-Win32-vc15-x64\\ext\\php_php_mysql.dll.dll (\xec\xa7\x80\xec\xa0\x95\xeb\x90\x9c \xeb\xaa\xa8\xeb\x93\x88\xec\x9d\x84 \xec\xb0\xbe\xec\x9d\x84 \xec\x88\x98 \xec\x97\x86\xec\x8a\xb5\xeb\x8b\x88\xeb\x8b\xa4.)) in Unknown on line 0
[Fri Aug 11 14:01:49.869806 2023] [mpm_winnt:notice] [pid 3784:tid 380] AH00455: Apache/2.4.56 (Win64) PHP/7.4.33 configured -- resuming normal operations
[Fri Aug 11 14:01:49.869806 2023] [mpm_winnt:notice] [pid 3784:tid 380] AH00456: Apache Lounge VS16 Server built: Mar  7 2023 13:21:03
[Fri Aug 11 14:01:49.869806 2023] [core:notice] [pid 3784:tid 380] AH00094: Command line: 'C:\\MES\\MES\\httpd-2.4.56-win64-VS16\\Apache24\\bin\\httpd.exe -d C:/MES/MES/httpd-2.4.56-win64-VS16/Apache24'
[Fri Aug 11 14:01:49.885429 2023] [mpm_winnt:notice] [pid 3784:tid 380] AH00418: Parent: Created child process 5380
