::1 - - [08/Aug/2023:18:05:39 +0900] "GET / HTTP/1.1" 200 78584
::1 - - [08/Aug/2023:18:05:39 +0900] "GET /favicon.ico HTTP/1.1" 404 196
::1 - - [16/Aug/2023:14:16:49 +0900] "GET /index.html HTTP/1.1" 200 4239
::1 - - [16/Aug/2023:14:16:49 +0900] "GET /css/common.css HTTP/1.1" 200 1777
::1 - - [16/Aug/2023:14:16:49 +0900] "GET /css/font.css HTTP/1.1" 200 99
::1 - - [16/Aug/2023:14:16:49 +0900] "GET /css/responsive.css HTTP/1.1" 200 3845
::1 - - [16/Aug/2023:14:16:49 +0900] "GET /css/main.css HTTP/1.1" 200 1711
::1 - - [16/Aug/2023:14:16:49 +0900] "GET /trans_js/?mod=header&ajax_link_page=/header.html HTTP/1.1" 404 196
::1 - - [16/Aug/2023:14:16:49 +0900] "GET /img/doglogo.png HTTP/1.1" 200 844442
::1 - - [16/Aug/2023:14:16:49 +0900] "GET /img/logo.png HTTP/1.1" 200 12097
::1 - - [16/Aug/2023:14:16:49 +0900] "GET /img/myungli_image.png HTTP/1.1" 200 754566
::1 - - [16/Aug/2023:14:16:49 +0900] "GET /favicon.ico HTTP/1.1" 404 196
::1 - - [16/Aug/2023:14:16:55 +0900] "GET /mem_form.html HTTP/1.1" 200 4762
::1 - - [16/Aug/2023:14:16:55 +0900] "GET /css/member.css HTTP/1.1" 200 753
::1 - - [16/Aug/2023:14:16:55 +0900] "GET /js/mem_form.js HTTP/1.1" 200 1416
::1 - - [16/Aug/2023:14:16:55 +0900] "GET /trans_js/?mod=header&ajax_link_page=/header.html HTTP/1.1" 404 196
::1 - - [16/Aug/2023:14:17:00 +0900] "GET /mem_chk_id.html?id=admin HTTP/1.1" 200 951
::1 - - [16/Aug/2023:14:17:17 +0900] "POST /member_insert.html HTTP/1.1" 200 505
::1 - - [16/Aug/2023:14:21:36 +0900] "GET /member_insert.html HTTP/1.1" 200 1064
::1 - - [16/Aug/2023:14:21:36 +0900] "GET /index.html HTTP/1.1" 200 4239
::1 - - [16/Aug/2023:14:21:36 +0900] "GET /trans_js/?mod=header&ajax_link_page=/header.html HTTP/1.1" 404 196
::1 - - [16/Aug/2023:14:21:36 +0900] "GET /favicon.ico HTTP/1.1" 404 196
::1 - - [16/Aug/2023:14:21:43 +0900] "GET /mem_form.html HTTP/1.1" 200 4762
::1 - - [16/Aug/2023:14:21:43 +0900] "GET /trans_js/?mod=header&ajax_link_page=/header.html HTTP/1.1" 404 196
::1 - - [16/Aug/2023:14:21:46 +0900] "GET /mem_chk_id.html?id=admin HTTP/1.1" 200 982
::1 - - [16/Aug/2023:14:21:57 +0900] "POST /member_insert.html HTTP/1.1" 200 316
::1 - - [16/Aug/2023:14:21:57 +0900] "GET /index.html HTTP/1.1" 200 4239
::1 - - [16/Aug/2023:14:21:57 +0900] "GET /trans_js/?mod=header&ajax_link_page=/header.html HTTP/1.1" 404 196
::1 - - [16/Aug/2023:14:22:02 +0900] "GET /lgi_form.html HTTP/1.1" 200 3494
::1 - - [16/Aug/2023:14:22:02 +0900] "GET /css/lgi.css HTTP/1.1" 200 329
::1 - - [16/Aug/2023:14:22:02 +0900] "GET /trans_js/?mod=header&ajax_link_page=/header.html HTTP/1.1" 404 196
::1 - - [16/Aug/2023:14:22:10 +0900] "GET /mem_form.html HTTP/1.1" 200 4762
::1 - - [16/Aug/2023:14:22:10 +0900] "GET /trans_js/?mod=header&ajax_link_page=/header.html HTTP/1.1" 404 196
::1 - - [16/Aug/2023:14:22:13 +0900] "GET /mem_chk_id.html?id=admin HTTP/1.1" 200 985
::1 - - [16/Aug/2023:14:46:27 +0900] "GET /lgi_form.html HTTP/1.1" 200 3494
::1 - - [16/Aug/2023:14:46:27 +0900] "GET /trans_js/?mod=header&ajax_link_page=/header.html HTTP/1.1" 404 196
::1 - - [16/Aug/2023:14:46:50 +0900] "GET /bd_list.html HTTP/1.1" 200 4063
::1 - - [16/Aug/2023:14:46:50 +0900] "GET /css/bd.css HTTP/1.1" 200 2341
::1 - - [16/Aug/2023:14:46:50 +0900] "GET /trans_js/?mod=header&ajax_link_page=/header.html HTTP/1.1" 404 196
::1 - - [16/Aug/2023:14:46:50 +0900] "GET /img/file.gif HTTP/1.1" 200 1423
::1 - - [16/Aug/2023:14:53:28 +0900] "GET /lgi_form.html HTTP/1.1" 200 3487
::1 - - [16/Aug/2023:14:53:28 +0900] "GET /trans_js/?mod=header&ajax_link_page=/header.html HTTP/1.1" 404 196
::1 - - [16/Aug/2023:14:54:02 +0900] "GET /lgi_form.html HTTP/1.1" 200 3487
::1 - - [16/Aug/2023:14:54:02 +0900] "GET /trans_js/?mod=header&ajax_link_page=/header.html HTTP/1.1" 404 196
::1 - - [16/Aug/2023:14:54:46 +0900] "GET /lgi_form.html HTTP/1.1" 200 3528
::1 - - [16/Aug/2023:14:54:46 +0900] "GET /js/lgi_form.js HTTP/1.1" 200 354
::1 - - [16/Aug/2023:14:54:46 +0900] "GET /trans_js/?mod=header&ajax_link_page=/header.html HTTP/1.1" 404 196
::1 - - [16/Aug/2023:14:54:51 +0900] "POST /login.html HTTP/1.1" 404 196
::1 - - [16/Aug/2023:15:18:08 +0900] "POST /login.html HTTP/1.1" 200 263
::1 - - [16/Aug/2023:15:18:08 +0900] "GET /index.html HTTP/1.1" 200 4239
::1 - - [16/Aug/2023:15:18:08 +0900] "GET /trans_js/?mod=header&ajax_link_page=/header.html HTTP/1.1" 404 196
::1 - - [16/Aug/2023:15:31:04 +0900] "GET /index.html HTTP/1.1" 200 4239
::1 - - [16/Aug/2023:15:31:04 +0900] "GET /trans_js/?mod=header&ajax_link_page=/header.html HTTP/1.1" 404 196
::1 - - [16/Aug/2023:15:37:56 +0900] "GET /index.html HTTP/1.1" 200 3971
::1 - - [16/Aug/2023:15:38:21 +0900] "GET /index.html HTTP/1.1" 200 4005
::1 - - [16/Aug/2023:15:39:58 +0900] "GET /index.html HTTP/1.1" 200 3939
::1 - - [16/Aug/2023:15:42:55 +0900] "GET /index.html HTTP/1.1" 200 3841
::1 - - [16/Aug/2023:15:43:22 +0900] "GET /index.html HTTP/1.1" 200 3863
::1 - - [16/Aug/2023:15:43:47 +0900] "GET /index.html HTTP/1.1" 200 3863
::1 - - [16/Aug/2023:15:45:53 +0900] "GET /index.html HTTP/1.1" 200 3863
::1 - - [16/Aug/2023:15:46:22 +0900] "GET /index.html HTTP/1.1" 200 3866
::1 - - [16/Aug/2023:15:46:35 +0900] "GET /index.html HTTP/1.1" 200 3870
::1 - - [16/Aug/2023:15:49:01 +0900] "GET /lgi_form.html HTTP/1.1" 200 2540
::1 - - [16/Aug/2023:15:49:01 +0900] "GET /js/lgi_form.js HTTP/1.1" 304 -
::1 - - [16/Aug/2023:15:49:12 +0900] "GET /lgi_form.html HTTP/1.1" 200 3159
::1 - - [16/Aug/2023:15:49:53 +0900] "GET /mem_form.html HTTP/1.1" 200 3774
::1 - - [16/Aug/2023:15:50:03 +0900] "GET /mem_form.html HTTP/1.1" 200 4393
::1 - - [16/Aug/2023:15:50:14 +0900] "GET / HTTP/1.1" 200 3870
::1 - - [16/Aug/2023:15:52:52 +0900] "GET / HTTP/1.1" 200 3870
::1 - - [16/Aug/2023:15:52:53 +0900] "GET / HTTP/1.1" 200 3870
::1 - - [16/Aug/2023:15:52:53 +0900] "GET / HTTP/1.1" 200 3870
::1 - - [16/Aug/2023:15:52:58 +0900] "GET /index.html HTTP/1.1" 200 3870
::1 - - [16/Aug/2023:15:52:58 +0900] "GET /index.html HTTP/1.1" 200 3870
::1 - - [16/Aug/2023:15:53:10 +0900] "GET /index.html HTTP/1.1" 200 4048
::1 - - [16/Aug/2023:15:53:21 +0900] "GET /index.html HTTP/1.1" 200 3870
::1 - - [16/Aug/2023:15:53:22 +0900] "GET /index.html HTTP/1.1" 200 3870
::1 - - [16/Aug/2023:15:53:22 +0900] "GET /index.html HTTP/1.1" 200 3870
::1 - - [16/Aug/2023:15:53:22 +0900] "GET /index.html HTTP/1.1" 200 3870
::1 - - [16/Aug/2023:15:53:22 +0900] "GET /index.html HTTP/1.1" 200 3870
::1 - - [16/Aug/2023:15:53:22 +0900] "GET /index.html HTTP/1.1" 200 3870
::1 - - [16/Aug/2023:15:53:22 +0900] "GET /index.html HTTP/1.1" 200 3870
::1 - - [16/Aug/2023:15:53:23 +0900] "GET /index.html HTTP/1.1" 200 3870
::1 - - [16/Aug/2023:15:53:23 +0900] "GET /index.html HTTP/1.1" 200 3870
::1 - - [16/Aug/2023:15:53:28 +0900] "GET /index.html HTTP/1.1" 200 3870
::1 - - [16/Aug/2023:15:53:53 +0900] "GET /index.html HTTP/1.1" 200 3870
::1 - - [16/Aug/2023:15:53:54 +0900] "GET /index.html HTTP/1.1" 200 3870
::1 - - [16/Aug/2023:15:53:54 +0900] "GET /index.html HTTP/1.1" 200 3870
::1 - - [16/Aug/2023:15:53:54 +0900] "GET /index.html HTTP/1.1" 200 3870
::1 - - [16/Aug/2023:15:53:54 +0900] "GET /index.html HTTP/1.1" 200 3870
::1 - - [16/Aug/2023:16:02:19 +0900] "GET /index.html HTTP/1.1" 200 3870
::1 - - [16/Aug/2023:16:02:20 +0900] "GET /logout.html HTTP/1.1" 200 44
::1 - - [16/Aug/2023:16:02:20 +0900] "GET /index.html HTTP/1.1" 200 3724
::1 - - [16/Aug/2023:16:02:22 +0900] "GET /lgi_form.html HTTP/1.1" 200 3013
::1 - - [16/Aug/2023:16:02:22 +0900] "GET /js/lgi_form.js HTTP/1.1" 304 -
::1 - - [16/Aug/2023:16:02:25 +0900] "POST /login.html HTTP/1.1" 200 263
::1 - - [16/Aug/2023:16:02:25 +0900] "GET /index.html HTTP/1.1" 200 3870
::1 - - [16/Aug/2023:16:18:14 +0900] "GET /index.html HTTP/1.1" 200 3870
::1 - - [16/Aug/2023:16:18:15 +0900] "GET /logout.html HTTP/1.1" 200 84
::1 - - [16/Aug/2023:16:18:16 +0900] "GET /index.html HTTP/1.1" 200 3724
::1 - - [16/Aug/2023:16:18:18 +0900] "GET /lgi_form.html HTTP/1.1" 200 3013
::1 - - [16/Aug/2023:16:18:18 +0900] "GET /js/lgi_form.js HTTP/1.1" 304 -
::1 - - [16/Aug/2023:16:18:22 +0900] "POST /login.html HTTP/1.1" 200 263
::1 - - [16/Aug/2023:16:18:22 +0900] "GET /index.html HTTP/1.1" 200 3870
::1 - - [16/Aug/2023:16:23:47 +0900] "GET /mem_modify_form.html HTTP/1.1" 200 3931
::1 - - [16/Aug/2023:16:35:21 +0900] "GET /mem_modify_form.html HTTP/1.1" 200 4798
::1 - - [16/Aug/2023:16:35:36 +0900] "GET /mem_modify_form.html HTTP/1.1" 200 4801
::1 - - [16/Aug/2023:16:35:52 +0900] "GET /mem_modify_form.html HTTP/1.1" 200 4808
::1 - - [16/Aug/2023:16:35:57 +0900] "GET /mem_modify_form.html HTTP/1.1" 200 4801
::1 - - [16/Aug/2023:16:36:15 +0900] "GET /mem_modify_form.html HTTP/1.1" 200 4796
::1 - - [16/Aug/2023:16:36:16 +0900] "GET /mem_modify_form.html HTTP/1.1" 200 4796
::1 - - [16/Aug/2023:16:36:16 +0900] "GET /mem_modify_form.html HTTP/1.1" 200 4796
::1 - - [16/Aug/2023:16:36:19 +0900] "GET /mem_modify_form.html HTTP/1.1" 200 4796
::1 - - [16/Aug/2023:16:36:53 +0900] "GET /mem_modify_form.html HTTP/1.1" 200 4611
::1 - - [16/Aug/2023:16:37:00 +0900] "GET /mem_modify_form.html HTTP/1.1" 200 4611
::1 - - [16/Aug/2023:16:42:13 +0900] "GET /mem_modify_form.html HTTP/1.1" 200 3914
::1 - - [16/Aug/2023:16:42:13 +0900] "GET /js/mem_modify_form.js HTTP/1.1" 200 1416
::1 - - [16/Aug/2023:16:42:14 +0900] "GET /mem_modify_form.html HTTP/1.1" 200 3914
::1 - - [16/Aug/2023:16:42:14 +0900] "GET /mem_modify_form.html HTTP/1.1" 200 3914
::1 - - [16/Aug/2023:16:42:14 +0900] "GET /mem_modify_form.html HTTP/1.1" 200 3914
::1 - - [16/Aug/2023:16:42:32 +0900] "GET /mem_modify_form.html HTTP/1.1" 200 3916
::1 - - [16/Aug/2023:16:42:32 +0900] "GET /js/mem_modify_form.js HTTP/1.1" 304 -
::1 - - [16/Aug/2023:16:42:33 +0900] "GET /mem_modify_form.html HTTP/1.1" 200 3916
::1 - - [16/Aug/2023:16:42:33 +0900] "GET /mem_modify_form.html HTTP/1.1" 200 3916
::1 - - [16/Aug/2023:16:42:46 +0900] "GET /mem_modify_form.html HTTP/1.1" 200 3914
::1 - - [16/Aug/2023:16:42:46 +0900] "GET /js/mem_modify_form.js HTTP/1.1" 304 -
::1 - - [16/Aug/2023:16:42:47 +0900] "GET /mem_modify_form.html HTTP/1.1" 200 3914
::1 - - [16/Aug/2023:16:42:47 +0900] "GET /mem_modify_form.html HTTP/1.1" 200 3914
::1 - - [16/Aug/2023:16:42:47 +0900] "GET /mem_modify_form.html HTTP/1.1" 200 3914
::1 - - [16/Aug/2023:16:42:58 +0900] "GET /mem_modify_form.html HTTP/1.1" 200 3914
::1 - - [16/Aug/2023:16:42:58 +0900] "GET /js/mem_modify_form.js HTTP/1.1" 304 -
::1 - - [16/Aug/2023:16:43:05 +0900] "GET /mem_modify_form.html HTTP/1.1" 200 4105
::1 - - [16/Aug/2023:16:43:08 +0900] "GET /mem_modify_form.html HTTP/1.1" 200 4105
::1 - - [16/Aug/2023:16:43:10 +0900] "GET /mem_modify_form.html HTTP/1.1" 200 3914
::1 - - [16/Aug/2023:16:43:10 +0900] "GET /js/mem_modify_form.js HTTP/1.1" 304 -
::1 - - [16/Aug/2023:16:44:37 +0900] "GET /mem_modify_form.html HTTP/1.1" 200 3914
::1 - - [16/Aug/2023:16:44:37 +0900] "GET /js/mem_modify_form.js HTTP/1.1" 304 -
::1 - - [16/Aug/2023:16:44:54 +0900] "GET /mem_modify_form.html HTTP/1.1" 200 3913
::1 - - [16/Aug/2023:16:44:55 +0900] "GET /mem_modify_form.html HTTP/1.1" 200 3913
::1 - - [16/Aug/2023:16:45:10 +0900] "GET /mem_modify_form.html HTTP/1.1" 200 3920
::1 - - [16/Aug/2023:16:45:10 +0900] "GET /mem_modify_form.html HTTP/1.1" 200 3920
::1 - - [16/Aug/2023:16:45:11 +0900] "GET /mem_modify_form.html HTTP/1.1" 200 3920
::1 - - [16/Aug/2023:16:45:11 +0900] "GET /mem_modify_form.html HTTP/1.1" 200 3920
::1 - - [16/Aug/2023:16:45:11 +0900] "GET /mem_modify_form.html HTTP/1.1" 200 3920
::1 - - [16/Aug/2023:16:45:41 +0900] "GET /mem_modify_form.html HTTP/1.1" 200 4104
::1 - - [16/Aug/2023:16:45:41 +0900] "GET /js/mem_modify_form.js HTTP/1.1" 304 -
::1 - - [16/Aug/2023:16:45:50 +0900] "GET /mem_modify_form.html HTTP/1.1" 200 3913
::1 - - [16/Aug/2023:16:46:30 +0900] "GET /mem_modify_form.html HTTP/1.1" 200 3925
::1 - - [16/Aug/2023:16:46:30 +0900] "GET /js/mem_modify_form.js HTTP/1.1" 304 -
::1 - - [16/Aug/2023:16:46:31 +0900] "GET /mem_modify_form.html HTTP/1.1" 200 3925
::1 - - [16/Aug/2023:16:46:31 +0900] "GET /mem_modify_form.html HTTP/1.1" 200 3925
::1 - - [16/Aug/2023:16:46:58 +0900] "GET /mem_modify_form.html HTTP/1.1" 200 3925
::1 - - [16/Aug/2023:16:46:59 +0900] "GET /logout.html HTTP/1.1" 200 84
::1 - - [16/Aug/2023:16:46:59 +0900] "GET /index.html HTTP/1.1" 200 3724
::1 - - [16/Aug/2023:16:47:01 +0900] "GET /lgi_form.html HTTP/1.1" 200 3013
::1 - - [16/Aug/2023:16:47:01 +0900] "GET /js/lgi_form.js HTTP/1.1" 304 -
::1 - - [16/Aug/2023:16:47:05 +0900] "POST /login.html HTTP/1.1" 200 263
::1 - - [16/Aug/2023:16:47:05 +0900] "GET /index.html HTTP/1.1" 200 3870
::1 - - [16/Aug/2023:16:47:08 +0900] "GET /mem_modify_form.html HTTP/1.1" 200 3925
::1 - - [16/Aug/2023:16:47:08 +0900] "GET /js/mem_modify_form.js HTTP/1.1" 304 -
::1 - - [16/Aug/2023:16:47:43 +0900] "GET /mem_modify_form.html HTTP/1.1" 200 3926
::1 - - [16/Aug/2023:16:47:43 +0900] "GET /mem_modify_form.html HTTP/1.1" 200 3926
::1 - - [16/Aug/2023:16:47:43 +0900] "GET /mem_modify_form.html HTTP/1.1" 200 3926
::1 - - [16/Aug/2023:16:47:43 +0900] "GET /mem_modify_form.html HTTP/1.1" 200 3926
::1 - - [16/Aug/2023:16:47:43 +0900] "GET /mem_modify_form.html HTTP/1.1" 200 3926
::1 - - [16/Aug/2023:16:47:44 +0900] "GET /mem_modify_form.html HTTP/1.1" 200 3926
::1 - - [16/Aug/2023:16:47:44 +0900] "GET /mem_modify_form.html HTTP/1.1" 200 3926
::1 - - [16/Aug/2023:16:47:44 +0900] "GET /mem_modify_form.html HTTP/1.1" 200 3926
::1 - - [16/Aug/2023:16:47:44 +0900] "GET /js/mem_modify_form.js HTTP/1.1" 304 -
::1 - - [16/Aug/2023:16:47:44 +0900] "GET /mem_modify_form.html HTTP/1.1" 200 3926
::1 - - [16/Aug/2023:16:47:44 +0900] "GET /mem_modify_form.html HTTP/1.1" 200 3926
::1 - - [16/Aug/2023:16:47:52 +0900] "GET /mem_modify_form.html HTTP/1.1" 200 3801
::1 - - [16/Aug/2023:16:47:53 +0900] "GET /mem_modify_form.html HTTP/1.1" 200 3801
::1 - - [16/Aug/2023:16:50:30 +0900] "GET /mem_modify_form.html HTTP/1.1" 200 3791
::1 - - [16/Aug/2023:16:50:30 +0900] "GET /js/mem_modify_form.js HTTP/1.1" 304 -
::1 - - [16/Aug/2023:16:50:48 +0900] "GET /mem_modify_form.html HTTP/1.1" 200 3792
::1 - - [16/Aug/2023:16:53:35 +0900] "GET /mem_modify_form.html HTTP/1.1" 200 3792
::1 - - [16/Aug/2023:16:53:35 +0900] "GET /js/mem_modify_form.js HTTP/1.1" 304 -
::1 - - [16/Aug/2023:16:54:34 +0900] "GET /mem_modify_form.html HTTP/1.1" 200 3817
::1 - - [16/Aug/2023:16:57:58 +0900] "GET /mem_modify_form.html HTTP/1.1" 200 3819
::1 - - [16/Aug/2023:16:57:58 +0900] "GET /js/mem_modify_form.js HTTP/1.1" 304 -
::1 - - [16/Aug/2023:17:08:10 +0900] "GET /mem_modify_form.html HTTP/1.1" 200 3818
::1 - - [16/Aug/2023:17:08:10 +0900] "GET /js/mem_modify_form.js HTTP/1.1" 304 -
::1 - - [16/Aug/2023:17:22:50 +0900] "GET /mem_modify_form.html HTTP/1.1" 200 3822
::1 - - [16/Aug/2023:17:22:50 +0900] "GET /js/mem_modify_form.js HTTP/1.1" 200 1283
::1 - - [16/Aug/2023:17:23:00 +0900] "POST /member_modify.html HTTP/1.1" 200 382
::1 - - [16/Aug/2023:17:23:01 +0900] "GET /index.html HTTP/1.1" 200 3870
::1 - - [16/Aug/2023:17:23:15 +0900] "GET /index.html HTTP/1.1" 200 3870
::1 - - [16/Aug/2023:17:23:16 +0900] "GET /index.html HTTP/1.1" 200 3870
::1 - - [16/Aug/2023:17:35:24 +0900] "GET /logout.html HTTP/1.1" 200 84
::1 - - [16/Aug/2023:17:35:25 +0900] "GET /index.html HTTP/1.1" 200 3724
::1 - - [16/Aug/2023:17:35:27 +0900] "GET /lgi_form.html HTTP/1.1" 200 3013
::1 - - [16/Aug/2023:17:35:27 +0900] "GET /js/lgi_form.js HTTP/1.1" 304 -
::1 - - [16/Aug/2023:17:35:30 +0900] "POST /login.html HTTP/1.1" 200 263
::1 - - [16/Aug/2023:17:35:30 +0900] "GET /index.html HTTP/1.1" 200 3865
::1 - - [16/Aug/2023:17:35:35 +0900] "GET /bd_list.html HTTP/1.1" 200 3073
::1 - - [16/Aug/2023:17:35:55 +0900] "GET /bd_list.html HTTP/1.1" 200 3689
::1 - - [16/Aug/2023:17:36:41 +0900] "GET /bd_form.html HTTP/1.1" 200 2399
::1 - - [16/Aug/2023:17:36:52 +0900] "GET /bd_form.html HTTP/1.1" 200 3015
::1 - - [16/Aug/2023:17:37:39 +0900] "GET /bd_form.html HTTP/1.1" 200 3010
::1 - - [16/Aug/2023:17:40:12 +0900] "GET /bd_list.html HTTP/1.1" 200 3689
::1 - - [16/Aug/2023:17:40:14 +0900] "GET /bd_form.html HTTP/1.1" 200 3101
::1 - - [16/Aug/2023:17:47:15 +0900] "GET /bd_form.html HTTP/1.1" 200 3128
::1 - - [16/Aug/2023:17:47:15 +0900] "GET /js/bd_form.js HTTP/1.1" 200 368
::1 - - [16/Aug/2023:17:47:27 +0900] "GET /bd_list.html HTTP/1.1" 200 3689
::1 - - [16/Aug/2023:17:47:52 +0900] "GET /bd_list.html HTTP/1.1" 200 3689
::1 - - [16/Aug/2023:17:47:53 +0900] "GET /bd_form.html HTTP/1.1" 200 3141
::1 - - [16/Aug/2023:17:47:53 +0900] "GET /js/bd_form.js HTTP/1.1" 304 -
::1 - - [16/Aug/2023:17:47:55 +0900] "POST /bd_insert.html HTTP/1.1" 200 824
::1 - - [16/Aug/2023:17:47:56 +0900] "GET /bd_list.html HTTP/1.1" 200 3689
::1 - - [16/Aug/2023:17:47:59 +0900] "GET /bd_list.html HTTP/1.1" 200 3689
::1 - - [16/Aug/2023:17:48:48 +0900] "GET /bd_form.html HTTP/1.1" 200 3141
::1 - - [16/Aug/2023:17:48:48 +0900] "GET /js/bd_form.js HTTP/1.1" 304 -
::1 - - [16/Aug/2023:17:48:52 +0900] "POST /bd_insert.html HTTP/1.1" 200 680
::1 - - [16/Aug/2023:17:48:53 +0900] "GET /bd_list.html HTTP/1.1" 200 3689
::1 - - [16/Aug/2023:17:49:07 +0900] "GET /bd_form.html HTTP/1.1" 200 3141
::1 - - [16/Aug/2023:17:49:09 +0900] "POST /bd_insert.html HTTP/1.1" 200 384
::1 - - [16/Aug/2023:17:49:10 +0900] "GET /bd_list.html HTTP/1.1" 200 3689
::1 - - [16/Aug/2023:17:51:15 +0900] "GET /bd_form.html HTTP/1.1" 200 3141
::1 - - [16/Aug/2023:17:51:15 +0900] "GET /js/bd_form.js HTTP/1.1" 304 -
::1 - - [16/Aug/2023:17:51:24 +0900] "POST /bd_insert.html HTTP/1.1" 200 384
::1 - - [16/Aug/2023:17:51:25 +0900] "GET /bd_list.html HTTP/1.1" 200 3689
::1 - - [17/Aug/2023:14:17:28 +0900] "GET /index.html HTTP/1.1" 200 3724
::1 - - [17/Aug/2023:14:17:28 +0900] "GET /css/common.css HTTP/1.1" 304 -
::1 - - [17/Aug/2023:14:17:28 +0900] "GET /css/font.css HTTP/1.1" 304 -
::1 - - [17/Aug/2023:14:17:28 +0900] "GET /css/responsive.css HTTP/1.1" 304 -
::1 - - [17/Aug/2023:14:17:28 +0900] "GET /css/main.css HTTP/1.1" 304 -
::1 - - [17/Aug/2023:14:17:28 +0900] "GET /img/doglogo.png HTTP/1.1" 304 -
::1 - - [17/Aug/2023:14:17:28 +0900] "GET /img/logo.png HTTP/1.1" 304 -
::1 - - [17/Aug/2023:14:17:28 +0900] "GET /img/myungli_image.png HTTP/1.1" 304 -
::1 - - [17/Aug/2023:14:17:28 +0900] "GET /favicon.ico HTTP/1.1" 404 196
::1 - - [17/Aug/2023:14:17:29 +0900] "GET /lgi_form.html HTTP/1.1" 200 3013
::1 - - [17/Aug/2023:14:17:29 +0900] "GET /css/lgi.css HTTP/1.1" 304 -
::1 - - [17/Aug/2023:14:17:29 +0900] "GET /js/lgi_form.js HTTP/1.1" 304 -
::1 - - [17/Aug/2023:14:17:37 +0900] "POST /login.html HTTP/1.1" 200 263
::1 - - [17/Aug/2023:14:17:38 +0900] "GET /index.html HTTP/1.1" 200 3865
::1 - - [17/Aug/2023:14:17:44 +0900] "GET /bd_list.html HTTP/1.1" 200 3689
::1 - - [17/Aug/2023:14:17:44 +0900] "GET /css/bd.css HTTP/1.1" 304 -
::1 - - [17/Aug/2023:14:17:44 +0900] "GET /img/file.gif HTTP/1.1" 304 -
::1 - - [17/Aug/2023:14:18:02 +0900] "GET /bd_form.html HTTP/1.1" 200 3141
::1 - - [17/Aug/2023:14:18:02 +0900] "GET /js/bd_form.js HTTP/1.1" 304 -
::1 - - [17/Aug/2023:14:18:05 +0900] "POST /bd_insert.html HTTP/1.1" 200 384
::1 - - [17/Aug/2023:14:18:06 +0900] "GET /bd_list.html HTTP/1.1" 200 3689
::1 - - [17/Aug/2023:14:48:55 +0900] "GET /bd_form.html HTTP/1.1" 200 3171
::1 - - [17/Aug/2023:14:49:00 +0900] "POST /bd_insert.html HTTP/1.1" 200 392
::1 - - [17/Aug/2023:14:49:01 +0900] "GET /bd_list.html HTTP/1.1" 200 3689
::1 - - [17/Aug/2023:14:49:20 +0900] "GET /bd_form.html HTTP/1.1" 200 3171
::1 - - [17/Aug/2023:14:49:25 +0900] "POST /bd_insert.html HTTP/1.1" 200 392
::1 - - [17/Aug/2023:14:49:26 +0900] "GET /bd_list.html HTTP/1.1" 200 3689
::1 - - [17/Aug/2023:14:55:02 +0900] "GET /bd_form.html HTTP/1.1" 200 3171
::1 - - [17/Aug/2023:15:40:27 +0900] "GET /msg_form.html HTTP/1.1" 200 2581
::1 - - [17/Aug/2023:15:40:27 +0900] "GET /css/msg.css HTTP/1.1" 200 2716
::1 - - [17/Aug/2023:15:40:43 +0900] "GET /msg_form.html HTTP/1.1" 200 3195
::1 - - [17/Aug/2023:15:41:30 +0900] "GET /msg_form.html HTTP/1.1" 200 3193
::1 - - [17/Aug/2023:15:46:40 +0900] "GET /msg_form.html HTTP/1.1" 200 3350
::1 - - [17/Aug/2023:15:46:40 +0900] "GET /js/msg_form.js HTTP/1.1" 200 511
::1 - - [17/Aug/2023:15:46:59 +0900] "POST /msg_insert.html HTTP/1.1" 200 391
::1 - - [17/Aug/2023:15:47:00 +0900] "GET /index.html HTTP/1.1" 200 3865
::1 - - [17/Aug/2023:16:36:18 +0900] "GET /index.html HTTP/1.1" 200 3865
::1 - - [17/Aug/2023:16:36:20 +0900] "GET /bd_list.html HTTP/1.1" 200 5176
::1 - - [17/Aug/2023:16:37:17 +0900] "GET /bd_list.html HTTP/1.1" 200 5176
::1 - - [17/Aug/2023:16:37:48 +0900] "GET /bd_list.html HTTP/1.1" 200 5176
::1 - - [17/Aug/2023:16:37:49 +0900] "GET /bd_list.html HTTP/1.1" 200 5176
::1 - - [17/Aug/2023:16:37:49 +0900] "GET /bd_list.html HTTP/1.1" 200 5176
::1 - - [17/Aug/2023:16:39:22 +0900] "GET /bd_list.html HTTP/1.1" 200 5456
::1 - - [17/Aug/2023:16:39:23 +0900] "GET /bd_view.html?num=5&page=1 HTTP/1.1" 200 2028
::1 - - [17/Aug/2023:16:39:38 +0900] "GET /bd_view.html?num=5&page=1 HTTP/1.1" 200 2644
::1 - - [17/Aug/2023:16:39:42 +0900] "GET /bd_list.html HTTP/1.1" 200 5456
::1 - - [17/Aug/2023:16:39:43 +0900] "GET /bd_list.html HTTP/1.1" 200 5456
::1 - - [17/Aug/2023:16:44:00 +0900] "GET /bd_list.html HTTP/1.1" 200 6210
::1 - - [17/Aug/2023:16:44:00 +0900] "GET /bd_list.html HTTP/1.1" 200 6210
::1 - - [17/Aug/2023:16:44:01 +0900] "GET /bd_list.html HTTP/1.1" 200 6210
::1 - - [17/Aug/2023:16:44:01 +0900] "GET /bd_list.html HTTP/1.1" 200 6210
::1 - - [17/Aug/2023:16:44:01 +0900] "GET /bd_list.html HTTP/1.1" 200 6210
::1 - - [17/Aug/2023:16:44:01 +0900] "GET /bd_list.html HTTP/1.1" 200 6210
::1 - - [17/Aug/2023:17:06:50 +0900] "GET /bd_list.html HTTP/1.1" 200 6210
::1 - - [17/Aug/2023:17:07:05 +0900] "GET /bd_list.html HTTP/1.1" 200 6210
::1 - - [17/Aug/2023:17:07:10 +0900] "GET /bd_list.html HTTP/1.1" 200 6070
::1 - - [17/Aug/2023:17:18:53 +0900] "GET /bd_list.html HTTP/1.1" 200 6129
::1 - - [17/Aug/2023:17:19:14 +0900] "GET /bd_list.html HTTP/1.1" 200 6144
::1 - - [17/Aug/2023:17:19:24 +0900] "GET /bd_form.html HTTP/1.1" 200 3171
::1 - - [17/Aug/2023:17:19:24 +0900] "GET /js/bd_form.js HTTP/1.1" 304 -
::1 - - [17/Aug/2023:17:19:27 +0900] "POST /bd_insert.html HTTP/1.1" 200 551
::1 - - [17/Aug/2023:17:19:28 +0900] "GET /bd_list.html HTTP/1.1" 200 6532
::1 - - [17/Aug/2023:17:19:29 +0900] "GET /bd_form.html HTTP/1.1" 200 3171
::1 - - [17/Aug/2023:17:19:32 +0900] "POST /bd_insert.html HTTP/1.1" 200 551
::1 - - [17/Aug/2023:17:19:33 +0900] "GET /bd_list.html HTTP/1.1" 200 6919
::1 - - [17/Aug/2023:17:19:35 +0900] "GET /bd_form.html HTTP/1.1" 200 3171
::1 - - [17/Aug/2023:17:19:38 +0900] "POST /bd_insert.html HTTP/1.1" 200 551
::1 - - [17/Aug/2023:17:19:39 +0900] "GET /bd_list.html HTTP/1.1" 200 7304
::1 - - [17/Aug/2023:17:19:40 +0900] "GET /bd_form.html HTTP/1.1" 200 3171
::1 - - [17/Aug/2023:17:19:42 +0900] "POST /bd_insert.html HTTP/1.1" 200 551
::1 - - [17/Aug/2023:17:19:43 +0900] "GET /bd_list.html HTTP/1.1" 200 7551
::1 - - [17/Aug/2023:17:20:27 +0900] "GET /bd_list.html HTTP/1.1" 200 7402
::1 - - [17/Aug/2023:17:20:31 +0900] "GET /bd_list.html?page=2 HTTP/1.1" 200 3860
::1 - - [17/Aug/2023:17:20:33 +0900] "GET /bd_list.html?page=1 HTTP/1.1" 200 7402
::1 - - [17/Aug/2023:17:20:39 +0900] "GET /bd_list.html?page=1 HTTP/1.1" 200 7408
::1 - - [17/Aug/2023:17:20:39 +0900] "GET /bd_list.html?page=1 HTTP/1.1" 200 7408
::1 - - [17/Aug/2023:17:20:40 +0900] "GET /bd_list.html?page=1 HTTP/1.1" 200 7408
::1 - - [17/Aug/2023:17:20:48 +0900] "GET /bd_list.html?page=1 HTTP/1.1" 200 7403
::1 - - [17/Aug/2023:17:20:49 +0900] "GET /bd_list.html?page=1 HTTP/1.1" 200 7403
::1 - - [17/Aug/2023:17:21:07 +0900] "GET /bd_list.html?page=1 HTTP/1.1" 200 7414
::1 - - [17/Aug/2023:17:21:16 +0900] "GET /bd_list.html?page=1 HTTP/1.1" 200 7420
::1 - - [17/Aug/2023:17:21:19 +0900] "GET /bd_list.html?page=2 HTTP/1.1" 200 3878
::1 - - [17/Aug/2023:17:21:21 +0900] "GET /bd_list.html?page=1 HTTP/1.1" 200 7420
::1 - - [17/Aug/2023:17:39:56 +0900] "GET /bd_list.html?page=1 HTTP/1.1" 200 7420
::1 - - [17/Aug/2023:17:39:58 +0900] "GET /bd_view.html?num=6&page=1 HTTP/1.1" 200 2657
::1 - - [17/Aug/2023:17:40:02 +0900] "GET /bd_list.html?page=1 HTTP/1.1" 200 7420
::1 - - [17/Aug/2023:17:40:03 +0900] "GET /bd_view.html?num=7&page=1 HTTP/1.1" 200 2656
::1 - - [17/Aug/2023:17:40:05 +0900] "GET /bd_list.html?page=1 HTTP/1.1" 200 7420
::1 - - [17/Aug/2023:17:40:44 +0900] "GET /bd_list.html?page=1 HTTP/1.1" 200 7420
::1 - - [17/Aug/2023:17:40:46 +0900] "GET /bd_view.html?num=7&page=1 HTTP/1.1" 200 2794
::1 - - [17/Aug/2023:17:41:07 +0900] "GET /bd_view.html?num=7&page=1 HTTP/1.1" 200 2787
::1 - - [17/Aug/2023:17:41:44 +0900] "GET /bd_view.html?num=7&page=1 HTTP/1.1" 200 2787
::1 - - [17/Aug/2023:17:41:48 +0900] "GET /bd_view.html?num=7&page=1 HTTP/1.1" 200 2787
::1 - - [17/Aug/2023:17:42:21 +0900] "GET /bd_view.html?num=7&page=1 HTTP/1.1" 200 2787
::1 - - [17/Aug/2023:17:42:22 +0900] "GET /bd_view.html?num=7&page=1 HTTP/1.1" 200 2787
::1 - - [17/Aug/2023:17:42:24 +0900] "GET /bd_view.html?num=7&page=1 HTTP/1.1" 200 2773
::1 - - [21/Aug/2023:14:14:23 +0900] "GET /index.html HTTP/1.1" 200 3724
::1 - - [21/Aug/2023:14:14:23 +0900] "GET /css/common.css HTTP/1.1" 304 -
::1 - - [21/Aug/2023:14:14:23 +0900] "GET /css/font.css HTTP/1.1" 304 -
::1 - - [21/Aug/2023:14:14:23 +0900] "GET /css/responsive.css HTTP/1.1" 304 -
::1 - - [21/Aug/2023:14:14:23 +0900] "GET /css/main.css HTTP/1.1" 304 -
::1 - - [21/Aug/2023:14:14:23 +0900] "GET /img/doglogo.png HTTP/1.1" 304 -
::1 - - [21/Aug/2023:14:14:23 +0900] "GET /img/logo.png HTTP/1.1" 304 -
::1 - - [21/Aug/2023:14:14:23 +0900] "GET /img/myungli_image.png HTTP/1.1" 304 -
::1 - - [21/Aug/2023:14:14:23 +0900] "GET /favicon.ico HTTP/1.1" 404 196
::1 - - [21/Aug/2023:14:15:41 +0900] "GET /lgi_form.html HTTP/1.1" 200 3013
::1 - - [21/Aug/2023:14:15:41 +0900] "GET /css/lgi.css HTTP/1.1" 304 -
::1 - - [21/Aug/2023:14:15:41 +0900] "GET /js/lgi_form.js HTTP/1.1" 304 -
::1 - - [21/Aug/2023:14:15:53 +0900] "POST /login.html HTTP/1.1" 200 336
::1 - - [21/Aug/2023:14:15:54 +0900] "GET /lgi_form.html HTTP/1.1" 200 3013
::1 - - [21/Aug/2023:14:17:50 +0900] "POST /login.html HTTP/1.1" 200 263
::1 - - [21/Aug/2023:14:17:50 +0900] "GET /index.html HTTP/1.1" 200 3867
::1 - - [21/Aug/2023:14:17:52 +0900] "GET /index.html HTTP/1.1" 200 3867
::1 - - [21/Aug/2023:14:17:53 +0900] "GET /bd_list.html HTTP/1.1" 200 7422
::1 - - [21/Aug/2023:14:17:53 +0900] "GET /img/file.gif HTTP/1.1" 304 -
::1 - - [21/Aug/2023:14:17:53 +0900] "GET /css/bd.css HTTP/1.1" 304 -
::1 - - [21/Aug/2023:14:17:55 +0900] "GET /bd_view.html?num=11&page=1 HTTP/1.1" 200 2899
::1 - - [21/Aug/2023:14:18:36 +0900] "GET /bd_list.html HTTP/1.1" 200 7422
::1 - - [21/Aug/2023:14:18:38 +0900] "GET /bd_view.html?num=11&page=1 HTTP/1.1" 200 2899
::1 - - [21/Aug/2023:14:18:57 +0900] "GET /bd_view.html?num=11&page=1 HTTP/1.1" 200 2899
::1 - - [21/Aug/2023:14:18:57 +0900] "GET /bd_view.html?num=11&page=1 HTTP/1.1" 200 2899
::1 - - [21/Aug/2023:14:18:58 +0900] "GET /bd_view.html?num=11&page=1 HTTP/1.1" 200 2899
::1 - - [21/Aug/2023:14:19:28 +0900] "GET /bd_list.html HTTP/1.1" 200 7422
::1 - - [21/Aug/2023:14:19:29 +0900] "GET /bd_view.html?num=7&page=1 HTTP/1.1" 200 2896
::1 - - [21/Aug/2023:14:19:49 +0900] "GET /bd_view.html?num=7&page=1 HTTP/1.1" 200 2863
::1 - - [21/Aug/2023:14:19:49 +0900] "GET /bd_view.html?num=7&page=1 HTTP/1.1" 200 2863
::1 - - [21/Aug/2023:14:19:55 +0900] "GET /bd_list.html HTTP/1.1" 200 7423
::1 - - [21/Aug/2023:14:19:55 +0900] "GET /bd_view.html?num=11&page=1 HTTP/1.1" 200 2899
::1 - - [21/Aug/2023:14:19:56 +0900] "GET /bd_list.html HTTP/1.1" 200 7423
::1 - - [21/Aug/2023:14:19:58 +0900] "GET /bd_view.html?num=7&page=1 HTTP/1.1" 200 2863
::1 - - [21/Aug/2023:14:19:59 +0900] "GET /bd_list.html HTTP/1.1" 200 7423
::1 - - [21/Aug/2023:14:20:00 +0900] "GET /bd_view.html?num=5&page=1 HTTP/1.1" 200 2895
::1 - - [21/Aug/2023:14:20:01 +0900] "GET /bd_list.html HTTP/1.1" 200 7423
::1 - - [21/Aug/2023:14:20:02 +0900] "GET /bd_view.html?num=11&page=1 HTTP/1.1" 200 2899
::1 - - [21/Aug/2023:14:20:04 +0900] "GET /bd_list.html HTTP/1.1" 200 7423
::1 - - [21/Aug/2023:14:33:32 +0900] "GET /bd_list.html HTTP/1.1" 200 7423
::1 - - [21/Aug/2023:14:33:33 +0900] "GET /bd_view.html?num=10&page=1 HTTP/1.1" 200 2897
::1 - - [21/Aug/2023:14:33:36 +0900] "GET /bd_list.html HTTP/1.1" 200 7423
::1 - - [21/Aug/2023:14:35:16 +0900] "GET /bd_list.html HTTP/1.1" 200 7423
::1 - - [21/Aug/2023:14:35:17 +0900] "GET /bd_view.html?num=11&page=1 HTTP/1.1" 200 2899
::1 - - [21/Aug/2023:14:35:21 +0900] "GET /bd_list.html HTTP/1.1" 200 7423
::1 - - [21/Aug/2023:14:35:27 +0900] "GET /bd_view.html?num=7&page=1 HTTP/1.1" 200 2863
::1 - - [21/Aug/2023:14:35:33 +0900] "GET /bd_list.html HTTP/1.1" 200 7423
::1 - - [21/Aug/2023:14:37:29 +0900] "GET /bd_list.html HTTP/1.1" 200 7423
::1 - - [21/Aug/2023:14:37:30 +0900] "GET /bd_view.html?num=7&page=1 HTTP/1.1" 200 2863
::1 - - [21/Aug/2023:14:37:48 +0900] "GET /bd_view.html?num=7&page=1 HTTP/1.1" 200 2986
::1 - - [21/Aug/2023:14:37:49 +0900] "GET /bd_modify_form.html?page=1&num=7 HTTP/1.1" 200 3349
::1 - - [21/Aug/2023:14:37:49 +0900] "GET /js/bd_modify_form.js HTTP/1.1" 200 625
::1 - - [21/Aug/2023:14:39:36 +0900] "GET /bd_list.html HTTP/1.1" 200 7423
::1 - - [21/Aug/2023:14:39:37 +0900] "GET /bd_view.html?num=11&page=1 HTTP/1.1" 200 3026
::1 - - [21/Aug/2023:14:39:38 +0900] "GET /bd_list.html HTTP/1.1" 200 7424
::1 - - [21/Aug/2023:14:39:40 +0900] "GET /bd_view.html?num=3&page=1 HTTP/1.1" 200 3024
::1 - - [21/Aug/2023:14:39:43 +0900] "GET /bd_list.html HTTP/1.1" 200 7424
::1 - - [21/Aug/2023:14:51:09 +0900] "GET /bd_view.html?num=7&page=1 HTTP/1.1" 200 2986
::1 - - [21/Aug/2023:14:51:11 +0900] "GET /bd_modify_form.html?page=1&num=7 HTTP/1.1" 200 3349
::1 - - [21/Aug/2023:14:51:11 +0900] "GET /js/bd_modify_form.js HTTP/1.1" 200 373
::1 - - [21/Aug/2023:14:51:13 +0900] "GET /bd_view.html?num=7&page=1 HTTP/1.1" 200 2986
::1 - - [21/Aug/2023:14:51:13 +0900] "GET /bd_list.html HTTP/1.1" 200 7424
::1 - - [21/Aug/2023:15:04:28 +0900] "GET /bd_view.html?num=6&page=1 HTTP/1.1" 200 2987
::1 - - [21/Aug/2023:15:04:29 +0900] "GET /bd_download.html?num=6 HTTP/1.1" 404 196
::1 - - [21/Aug/2023:15:13:42 +0900] "GET /bd_view.html?num=6&page=1 HTTP/1.1" 200 2987
::1 - - [21/Aug/2023:15:13:42 +0900] "GET /bd_view.html?num=6&page=1 HTTP/1.1" 200 2987
::1 - - [21/Aug/2023:15:13:43 +0900] "GET /bd_download.html?num=6 HTTP/1.1" 500 1973
::1 - - [21/Aug/2023:15:13:50 +0900] "GET /bd_view.html?num=6&page=1 HTTP/1.1" 200 2987
::1 - - [21/Aug/2023:15:13:51 +0900] "GET /bd_view.html?num=6&page=1 HTTP/1.1" 200 2987
::1 - - [21/Aug/2023:15:13:52 +0900] "GET /bd_view.html?num=6&page=1 HTTP/1.1" 200 2987
::1 - - [21/Aug/2023:15:13:54 +0900] "GET /index.html HTTP/1.1" 200 3867
::1 - - [21/Aug/2023:15:13:57 +0900] "GET /bd_list.html HTTP/1.1" 200 7424
::1 - - [21/Aug/2023:15:13:59 +0900] "GET /bd_view.html?num=7&page=1 HTTP/1.1" 200 2986
::1 - - [21/Aug/2023:15:14:01 +0900] "GET /bd_download.html?num=7 HTTP/1.1" 500 1973
::1 - - [21/Aug/2023:15:17:14 +0900] "GET /bd_view.html?num=7&page=1 HTTP/1.1" 200 2986
::1 - - [21/Aug/2023:15:17:14 +0900] "GET /bd_view.html?num=7&page=1 HTTP/1.1" 200 2986
::1 - - [21/Aug/2023:15:17:15 +0900] "GET /bd_view.html?num=7&page=1 HTTP/1.1" 200 2986
::1 - - [21/Aug/2023:15:17:15 +0900] "GET /bd_download.html?num=7 HTTP/1.1" 500 1973
::1 - - [21/Aug/2023:15:17:18 +0900] "GET /bd_view.html?num=7&page=1 HTTP/1.1" 200 2986
::1 - - [21/Aug/2023:15:20:37 +0900] "GET /bd_view.html?num=7&page=1 HTTP/1.1" 200 2986
::1 - - [21/Aug/2023:15:20:37 +0900] "GET /bd_view.html?num=7&page=1 HTTP/1.1" 200 2986
::1 - - [21/Aug/2023:15:20:39 +0900] "GET /bd_download.html?num=7 HTTP/1.1" 200 25988
::1 - - [21/Aug/2023:15:37:52 +0900] "GET /bd_list.html HTTP/1.1" 200 7424
::1 - - [21/Aug/2023:15:37:54 +0900] "GET /bd_view.html?num=11&page=1 HTTP/1.1" 200 2876
::1 - - [21/Aug/2023:15:37:55 +0900] "GET /bd_list.html HTTP/1.1" 200 7424
::1 - - [21/Aug/2023:15:37:56 +0900] "GET /bd_view.html?num=10&page=1 HTTP/1.1" 200 2874
::1 - - [21/Aug/2023:15:37:57 +0900] "GET /bd_list.html HTTP/1.1" 200 7424
::1 - - [21/Aug/2023:15:37:59 +0900] "GET /bd_view.html?num=7&page=1 HTTP/1.1" 200 2986
::1 - - [21/Aug/2023:15:38:00 +0900] "GET /bd_list.html HTTP/1.1" 200 7424
::1 - - [21/Aug/2023:15:38:02 +0900] "GET /bd_view.html?num=11&page=1 HTTP/1.1" 200 2876
::1 - - [21/Aug/2023:15:38:03 +0900] "GET /bd_delete.html?page=1&num=11 HTTP/1.1" 200 -
