[Wed Aug 16 14:17:00.723913 2023] [php7:warn] [pid 5284:tid 1168] [client ::1:56624] PHP Warning:  mysqli_connect(): (HY000/1045): Access denied for user 'semilocalhost'@'localhost' (using password: YES) in C:\\MES\\MES\\home_htdocs\\semi.localhost\\inc_con\\db_connect.html on line 2, referer: http://semi.localhost/mem_form.html
[Wed Aug 16 14:17:17.576813 2023] [php7:warn] [pid 5284:tid 1156] [client ::1:56625] PHP Warning:  mysqli_connect(): (HY000/1045): Access denied for user 'semilocalhost'@'localhost' (using password: YES) in C:\\MES\\MES\\home_htdocs\\semi.localhost\\inc_con\\db_connect.html on line 2, referer: http://semi.localhost/mem_form.html
[Wed Aug 16 14:21:36.863237 2023] [php7:notice] [pid 5284:tid 1168] [client ::1:56768] PHP Notice:  Undefined index: u_id in C:\\MES\\MES\\home_htdocs\\semi.localhost\\public_html\\member_insert.html on line 11
[Wed Aug 16 14:21:36.863237 2023] [php7:notice] [pid 5284:tid 1168] [client ::1:56768] PHP Notice:  Undefined index: u_pass in C:\\MES\\MES\\home_htdocs\\semi.localhost\\public_html\\member_insert.html on line 12
[Wed Aug 16 14:21:36.863237 2023] [php7:notice] [pid 5284:tid 1168] [client ::1:56768] PHP Notice:  Undefined index: u_name in C:\\MES\\MES\\home_htdocs\\semi.localhost\\public_html\\member_insert.html on line 13
[Wed Aug 16 14:21:36.863237 2023] [php7:notice] [pid 5284:tid 1168] [client ::1:56768] PHP Notice:  Undefined index: email1 in C:\\MES\\MES\\home_htdocs\\semi.localhost\\public_html\\member_insert.html on line 14
[Wed Aug 16 14:21:36.863237 2023] [php7:notice] [pid 5284:tid 1168] [client ::1:56768] PHP Notice:  Undefined index: email2 in C:\\MES\\MES\\home_htdocs\\semi.localhost\\public_html\\member_insert.html on line 15
[Wed Aug 16 14:54:51.656365 2023] [php7:error] [pid 5284:tid 1156] [client ::1:57966] script 'C:/MES/MES/home_htdocs/semi.localhost/public_html/login.html' not found or unable to stat, referer: http://semi.localhost/lgi_form.html
[Wed Aug 16 15:49:01.081685 2023] [php7:warn] [pid 5284:tid 1152] [client ::1:60528] PHP Warning:  include(header.html): failed to open stream: No such file or directory in C:\\MES\\MES\\home_htdocs\\semi.localhost\\public_html\\lgi_form.html on line 14
[Wed Aug 16 15:49:01.081685 2023] [php7:warn] [pid 5284:tid 1152] [client ::1:60528] PHP Warning:  include(): Failed opening 'header.html' for inclusion (include_path='.;C:\\php\\pear') in C:\\MES\\MES\\home_htdocs\\semi.localhost\\public_html\\lgi_form.html on line 14
[Wed Aug 16 15:49:53.493040 2023] [php7:warn] [pid 5284:tid 1152] [client ::1:60536] PHP Warning:  include(header.html): failed to open stream: No such file or directory in C:\\MES\\MES\\home_htdocs\\semi.localhost\\public_html\\mem_form.html on line 12
[Wed Aug 16 15:49:53.493040 2023] [php7:warn] [pid 5284:tid 1152] [client ::1:60536] PHP Warning:  include(): Failed opening 'header.html' for inclusion (include_path='.;C:\\php\\pear') in C:\\MES\\MES\\home_htdocs\\semi.localhost\\public_html\\mem_form.html on line 12
[Wed Aug 16 15:53:10.694249 2023] [php7:warn] [pid 5284:tid 1152] [client ::1:60641] PHP Warning:  session_destroy(): Trying to destroy uninitialized session in C:\\MES\\MES\\home_htdocs\\semi.localhost\\public_html\\index.html on line 12
[Wed Aug 16 16:35:21.988115 2023] [php7:notice] [pid 5284:tid 1156] [client ::1:61689] PHP Notice:  Undefined index: $userid in C:\\MES\\MES\\home_htdocs\\semi.localhost\\public_html\\mem_modify_form.html on line 14, referer: http://semi.localhost/index.html
[Wed Aug 16 16:35:21.988961 2023] [php7:notice] [pid 5284:tid 1156] [client ::1:61689] PHP Notice:  session_start(): A session had already been started - ignoring in C:\\MES\\MES\\home_htdocs\\semi.localhost\\inc_con\\header.html on line 2, referer: http://semi.localhost/index.html
[Wed Aug 16 16:35:21.988961 2023] [php7:notice] [pid 5284:tid 1156] [client ::1:61689] PHP Notice:  Undefined index: u_id in C:\\MES\\MES\\home_htdocs\\semi.localhost\\public_html\\mem_modify_form.html on line 93, referer: http://semi.localhost/index.html
[Wed Aug 16 16:35:21.988961 2023] [php7:notice] [pid 5284:tid 1156] [client ::1:61689] PHP Notice:  Undefined index: u_pass in C:\\MES\\MES\\home_htdocs\\semi.localhost\\public_html\\mem_modify_form.html on line 94, referer: http://semi.localhost/index.html
[Wed Aug 16 16:35:21.988961 2023] [php7:notice] [pid 5284:tid 1156] [client ::1:61689] PHP Notice:  Undefined index: u_name in C:\\MES\\MES\\home_htdocs\\semi.localhost\\public_html\\mem_modify_form.html on line 95, referer: http://semi.localhost/index.html
[Wed Aug 16 16:35:21.988961 2023] [php7:notice] [pid 5284:tid 1156] [client ::1:61689] PHP Notice:  Undefined index: email1 in C:\\MES\\MES\\home_htdocs\\semi.localhost\\public_html\\mem_modify_form.html on line 96, referer: http://semi.localhost/index.html
[Wed Aug 16 16:35:21.988961 2023] [php7:notice] [pid 5284:tid 1156] [client ::1:61689] PHP Notice:  Undefined index: email2 in C:\\MES\\MES\\home_htdocs\\semi.localhost\\public_html\\mem_modify_form.html on line 97, referer: http://semi.localhost/index.html
[Wed Aug 16 16:35:36.206291 2023] [php7:notice] [pid 5284:tid 1152] [client ::1:61690] PHP Notice:  Undefined index: $userid in C:\\MES\\MES\\home_htdocs\\semi.localhost\\public_html\\mem_modify_form.html on line 14, referer: http://semi.localhost/index.html
[Wed Aug 16 16:35:36.207141 2023] [php7:notice] [pid 5284:tid 1152] [client ::1:61690] PHP Notice:  session_start(): A session had already been started - ignoring in C:\\MES\\MES\\home_htdocs\\semi.localhost\\inc_con\\header.html on line 2, referer: http://semi.localhost/index.html
[Wed Aug 16 16:35:36.207141 2023] [php7:notice] [pid 5284:tid 1152] [client ::1:61690] PHP Notice:  Undefined index: u_id in C:\\MES\\MES\\home_htdocs\\semi.localhost\\public_html\\mem_modify_form.html on line 93, referer: http://semi.localhost/index.html
[Wed Aug 16 16:35:36.207141 2023] [php7:notice] [pid 5284:tid 1152] [client ::1:61690] PHP Notice:  Undefined index: u_pass in C:\\MES\\MES\\home_htdocs\\semi.localhost\\public_html\\mem_modify_form.html on line 94, referer: http://semi.localhost/index.html
[Wed Aug 16 16:35:36.207141 2023] [php7:notice] [pid 5284:tid 1152] [client ::1:61690] PHP Notice:  Undefined index: u_name in C:\\MES\\MES\\home_htdocs\\semi.localhost\\public_html\\mem_modify_form.html on line 95, referer: http://semi.localhost/index.html
[Wed Aug 16 16:35:36.207141 2023] [php7:notice] [pid 5284:tid 1152] [client ::1:61690] PHP Notice:  Undefined index: email1 in C:\\MES\\MES\\home_htdocs\\semi.localhost\\public_html\\mem_modify_form.html on line 96, referer: http://semi.localhost/index.html
[Wed Aug 16 16:35:36.207141 2023] [php7:notice] [pid 5284:tid 1152] [client ::1:61690] PHP Notice:  Undefined index: email2 in C:\\MES\\MES\\home_htdocs\\semi.localhost\\public_html\\mem_modify_form.html on line 97, referer: http://semi.localhost/index.html
[Wed Aug 16 16:35:52.241126 2023] [php7:notice] [pid 5284:tid 1156] [client ::1:61701] PHP Notice:  Undefined variable: _SESSION in C:\\MES\\MES\\home_htdocs\\semi.localhost\\public_html\\mem_modify_form.html on line 14, referer: http://semi.localhost/index.html
[Wed Aug 16 16:35:52.242165 2023] [php7:notice] [pid 5284:tid 1156] [client ::1:61701] PHP Notice:  Trying to access array offset on value of type null in C:\\MES\\MES\\home_htdocs\\semi.localhost\\public_html\\mem_modify_form.html on line 14, referer: http://semi.localhost/index.html
[Wed Aug 16 16:35:52.242423 2023] [php7:notice] [pid 5284:tid 1156] [client ::1:61701] PHP Notice:  Undefined index: u_id in C:\\MES\\MES\\home_htdocs\\semi.localhost\\public_html\\mem_modify_form.html on line 93, referer: http://semi.localhost/index.html
[Wed Aug 16 16:35:52.242423 2023] [php7:notice] [pid 5284:tid 1156] [client ::1:61701] PHP Notice:  Undefined index: u_pass in C:\\MES\\MES\\home_htdocs\\semi.localhost\\public_html\\mem_modify_form.html on line 94, referer: http://semi.localhost/index.html
[Wed Aug 16 16:35:52.242423 2023] [php7:notice] [pid 5284:tid 1156] [client ::1:61701] PHP Notice:  Undefined index: u_name in C:\\MES\\MES\\home_htdocs\\semi.localhost\\public_html\\mem_modify_form.html on line 95, referer: http://semi.localhost/index.html
[Wed Aug 16 16:35:52.242423 2023] [php7:notice] [pid 5284:tid 1156] [client ::1:61701] PHP Notice:  Undefined index: email1 in C:\\MES\\MES\\home_htdocs\\semi.localhost\\public_html\\mem_modify_form.html on line 96, referer: http://semi.localhost/index.html
[Wed Aug 16 16:35:52.242423 2023] [php7:notice] [pid 5284:tid 1156] [client ::1:61701] PHP Notice:  Undefined index: email2 in C:\\MES\\MES\\home_htdocs\\semi.localhost\\public_html\\mem_modify_form.html on line 97, referer: http://semi.localhost/index.html
[Wed Aug 16 16:35:57.961063 2023] [php7:notice] [pid 5284:tid 1152] [client ::1:61708] PHP Notice:  Undefined index: $userid in C:\\MES\\MES\\home_htdocs\\semi.localhost\\public_html\\mem_modify_form.html on line 14, referer: http://semi.localhost/index.html
[Wed Aug 16 16:35:57.962062 2023] [php7:notice] [pid 5284:tid 1152] [client ::1:61708] PHP Notice:  session_start(): A session had already been started - ignoring in C:\\MES\\MES\\home_htdocs\\semi.localhost\\inc_con\\header.html on line 2, referer: http://semi.localhost/index.html
[Wed Aug 16 16:35:57.962062 2023] [php7:notice] [pid 5284:tid 1152] [client ::1:61708] PHP Notice:  Undefined index: u_id in C:\\MES\\MES\\home_htdocs\\semi.localhost\\public_html\\mem_modify_form.html on line 93, referer: http://semi.localhost/index.html
[Wed Aug 16 16:35:57.962062 2023] [php7:notice] [pid 5284:tid 1152] [client ::1:61708] PHP Notice:  Undefined index: u_pass in C:\\MES\\MES\\home_htdocs\\semi.localhost\\public_html\\mem_modify_form.html on line 94, referer: http://semi.localhost/index.html
[Wed Aug 16 16:35:57.962062 2023] [php7:notice] [pid 5284:tid 1152] [client ::1:61708] PHP Notice:  Undefined index: u_name in C:\\MES\\MES\\home_htdocs\\semi.localhost\\public_html\\mem_modify_form.html on line 95, referer: http://semi.localhost/index.html
[Wed Aug 16 16:35:57.962062 2023] [php7:notice] [pid 5284:tid 1152] [client ::1:61708] PHP Notice:  Undefined index: email1 in C:\\MES\\MES\\home_htdocs\\semi.localhost\\public_html\\mem_modify_form.html on line 96, referer: http://semi.localhost/index.html
[Wed Aug 16 16:35:57.962062 2023] [php7:notice] [pid 5284:tid 1152] [client ::1:61708] PHP Notice:  Undefined index: email2 in C:\\MES\\MES\\home_htdocs\\semi.localhost\\public_html\\mem_modify_form.html on line 97, referer: http://semi.localhost/index.html
[Wed Aug 16 16:36:15.494424 2023] [php7:notice] [pid 5284:tid 1156] [client ::1:61714] PHP Notice:  Undefined index: $userid in C:\\MES\\MES\\home_htdocs\\semi.localhost\\public_html\\mem_modify_form.html on line 14, referer: http://semi.localhost/index.html
[Wed Aug 16 16:36:15.494530 2023] [php7:notice] [pid 5284:tid 1156] [client ::1:61714] PHP Notice:  session_start(): A session had already been started - ignoring in C:\\MES\\MES\\home_htdocs\\semi.localhost\\inc_con\\header.html on line 2, referer: http://semi.localhost/index.html
[Wed Aug 16 16:36:15.494530 2023] [php7:notice] [pid 5284:tid 1156] [client ::1:61714] PHP Notice:  Undefined index: u_id in C:\\MES\\MES\\home_htdocs\\semi.localhost\\public_html\\mem_modify_form.html on line 93, referer: http://semi.localhost/index.html
[Wed Aug 16 16:36:15.494530 2023] [php7:notice] [pid 5284:tid 1156] [client ::1:61714] PHP Notice:  Undefined index: u_pass in C:\\MES\\MES\\home_htdocs\\semi.localhost\\public_html\\mem_modify_form.html on line 94, referer: http://semi.localhost/index.html
[Wed Aug 16 16:36:15.494530 2023] [php7:notice] [pid 5284:tid 1156] [client ::1:61714] PHP Notice:  Undefined index: u_name in C:\\MES\\MES\\home_htdocs\\semi.localhost\\public_html\\mem_modify_form.html on line 95, referer: http://semi.localhost/index.html
[Wed Aug 16 16:36:15.494530 2023] [php7:notice] [pid 5284:tid 1156] [client ::1:61714] PHP Notice:  Undefined index: email1 in C:\\MES\\MES\\home_htdocs\\semi.localhost\\public_html\\mem_modify_form.html on line 96, referer: http://semi.localhost/index.html
[Wed Aug 16 16:36:15.494530 2023] [php7:notice] [pid 5284:tid 1156] [client ::1:61714] PHP Notice:  Undefined index: email2 in C:\\MES\\MES\\home_htdocs\\semi.localhost\\public_html\\mem_modify_form.html on line 97, referer: http://semi.localhost/index.html
[Wed Aug 16 16:36:16.025200 2023] [php7:notice] [pid 5284:tid 1156] [client ::1:61714] PHP Notice:  Undefined index: $userid in C:\\MES\\MES\\home_htdocs\\semi.localhost\\public_html\\mem_modify_form.html on line 14, referer: http://semi.localhost/index.html
[Wed Aug 16 16:36:16.026099 2023] [php7:notice] [pid 5284:tid 1156] [client ::1:61714] PHP Notice:  session_start(): A session had already been started - ignoring in C:\\MES\\MES\\home_htdocs\\semi.localhost\\inc_con\\header.html on line 2, referer: http://semi.localhost/index.html
[Wed Aug 16 16:36:16.026099 2023] [php7:notice] [pid 5284:tid 1156] [client ::1:61714] PHP Notice:  Undefined index: u_id in C:\\MES\\MES\\home_htdocs\\semi.localhost\\public_html\\mem_modify_form.html on line 93, referer: http://semi.localhost/index.html
[Wed Aug 16 16:36:16.026099 2023] [php7:notice] [pid 5284:tid 1156] [client ::1:61714] PHP Notice:  Undefined index: u_pass in C:\\MES\\MES\\home_htdocs\\semi.localhost\\public_html\\mem_modify_form.html on line 94, referer: http://semi.localhost/index.html
[Wed Aug 16 16:36:16.026099 2023] [php7:notice] [pid 5284:tid 1156] [client ::1:61714] PHP Notice:  Undefined index: u_name in C:\\MES\\MES\\home_htdocs\\semi.localhost\\public_html\\mem_modify_form.html on line 95, referer: http://semi.localhost/index.html
[Wed Aug 16 16:36:16.026099 2023] [php7:notice] [pid 5284:tid 1156] [client ::1:61714] PHP Notice:  Undefined index: email1 in C:\\MES\\MES\\home_htdocs\\semi.localhost\\public_html\\mem_modify_form.html on line 96, referer: http://semi.localhost/index.html
[Wed Aug 16 16:36:16.026099 2023] [php7:notice] [pid 5284:tid 1156] [client ::1:61714] PHP Notice:  Undefined index: email2 in C:\\MES\\MES\\home_htdocs\\semi.localhost\\public_html\\mem_modify_form.html on line 97, referer: http://semi.localhost/index.html
[Wed Aug 16 16:36:16.818980 2023] [php7:notice] [pid 5284:tid 1156] [client ::1:61714] PHP Notice:  Undefined index: $userid in C:\\MES\\MES\\home_htdocs\\semi.localhost\\public_html\\mem_modify_form.html on line 14, referer: http://semi.localhost/index.html
[Wed Aug 16 16:36:16.818980 2023] [php7:notice] [pid 5284:tid 1156] [client ::1:61714] PHP Notice:  session_start(): A session had already been started - ignoring in C:\\MES\\MES\\home_htdocs\\semi.localhost\\inc_con\\header.html on line 2, referer: http://semi.localhost/index.html
[Wed Aug 16 16:36:16.819984 2023] [php7:notice] [pid 5284:tid 1156] [client ::1:61714] PHP Notice:  Undefined index: u_id in C:\\MES\\MES\\home_htdocs\\semi.localhost\\public_html\\mem_modify_form.html on line 93, referer: http://semi.localhost/index.html
[Wed Aug 16 16:36:16.819984 2023] [php7:notice] [pid 5284:tid 1156] [client ::1:61714] PHP Notice:  Undefined index: u_pass in C:\\MES\\MES\\home_htdocs\\semi.localhost\\public_html\\mem_modify_form.html on line 94, referer: http://semi.localhost/index.html
[Wed Aug 16 16:36:16.819984 2023] [php7:notice] [pid 5284:tid 1156] [client ::1:61714] PHP Notice:  Undefined index: u_name in C:\\MES\\MES\\home_htdocs\\semi.localhost\\public_html\\mem_modify_form.html on line 95, referer: http://semi.localhost/index.html
[Wed Aug 16 16:36:16.819984 2023] [php7:notice] [pid 5284:tid 1156] [client ::1:61714] PHP Notice:  Undefined index: email1 in C:\\MES\\MES\\home_htdocs\\semi.localhost\\public_html\\mem_modify_form.html on line 96, referer: http://semi.localhost/index.html
[Wed Aug 16 16:36:16.819984 2023] [php7:notice] [pid 5284:tid 1156] [client ::1:61714] PHP Notice:  Undefined index: email2 in C:\\MES\\MES\\home_htdocs\\semi.localhost\\public_html\\mem_modify_form.html on line 97, referer: http://semi.localhost/index.html
[Wed Aug 16 16:36:19.218627 2023] [php7:notice] [pid 5284:tid 1156] [client ::1:61714] PHP Notice:  Undefined index: $userid in C:\\MES\\MES\\home_htdocs\\semi.localhost\\public_html\\mem_modify_form.html on line 14, referer: http://semi.localhost/index.html
[Wed Aug 16 16:36:19.219626 2023] [php7:notice] [pid 5284:tid 1156] [client ::1:61714] PHP Notice:  session_start(): A session had already been started - ignoring in C:\\MES\\MES\\home_htdocs\\semi.localhost\\inc_con\\header.html on line 2, referer: http://semi.localhost/index.html
[Wed Aug 16 16:36:19.219626 2023] [php7:notice] [pid 5284:tid 1156] [client ::1:61714] PHP Notice:  Undefined index: u_id in C:\\MES\\MES\\home_htdocs\\semi.localhost\\public_html\\mem_modify_form.html on line 93, referer: http://semi.localhost/index.html
[Wed Aug 16 16:36:19.219626 2023] [php7:notice] [pid 5284:tid 1156] [client ::1:61714] PHP Notice:  Undefined index: u_pass in C:\\MES\\MES\\home_htdocs\\semi.localhost\\public_html\\mem_modify_form.html on line 94, referer: http://semi.localhost/index.html
[Wed Aug 16 16:36:19.219626 2023] [php7:notice] [pid 5284:tid 1156] [client ::1:61714] PHP Notice:  Undefined index: u_name in C:\\MES\\MES\\home_htdocs\\semi.localhost\\public_html\\mem_modify_form.html on line 95, referer: http://semi.localhost/index.html
[Wed Aug 16 16:36:19.219626 2023] [php7:notice] [pid 5284:tid 1156] [client ::1:61714] PHP Notice:  Undefined index: email1 in C:\\MES\\MES\\home_htdocs\\semi.localhost\\public_html\\mem_modify_form.html on line 96, referer: http://semi.localhost/index.html
[Wed Aug 16 16:36:19.219626 2023] [php7:notice] [pid 5284:tid 1156] [client ::1:61714] PHP Notice:  Undefined index: email2 in C:\\MES\\MES\\home_htdocs\\semi.localhost\\public_html\\mem_modify_form.html on line 97, referer: http://semi.localhost/index.html
[Wed Aug 16 16:36:53.303322 2023] [php7:notice] [pid 5284:tid 1152] [client ::1:61725] PHP Notice:  Undefined index: $userid in C:\\MES\\MES\\home_htdocs\\semi.localhost\\public_html\\mem_modify_form.html on line 18, referer: http://semi.localhost/index.html
[Wed Aug 16 16:36:53.304351 2023] [php7:notice] [pid 5284:tid 1152] [client ::1:61725] PHP Notice:  Undefined index: u_id in C:\\MES\\MES\\home_htdocs\\semi.localhost\\public_html\\mem_modify_form.html on line 92, referer: http://semi.localhost/index.html
[Wed Aug 16 16:36:53.304351 2023] [php7:notice] [pid 5284:tid 1152] [client ::1:61725] PHP Notice:  Undefined index: u_pass in C:\\MES\\MES\\home_htdocs\\semi.localhost\\public_html\\mem_modify_form.html on line 93, referer: http://semi.localhost/index.html
[Wed Aug 16 16:36:53.304351 2023] [php7:notice] [pid 5284:tid 1152] [client ::1:61725] PHP Notice:  Undefined index: u_name in C:\\MES\\MES\\home_htdocs\\semi.localhost\\public_html\\mem_modify_form.html on line 94, referer: http://semi.localhost/index.html
[Wed Aug 16 16:36:53.304351 2023] [php7:notice] [pid 5284:tid 1152] [client ::1:61725] PHP Notice:  Undefined index: email1 in C:\\MES\\MES\\home_htdocs\\semi.localhost\\public_html\\mem_modify_form.html on line 95, referer: http://semi.localhost/index.html
[Wed Aug 16 16:36:53.304351 2023] [php7:notice] [pid 5284:tid 1152] [client ::1:61725] PHP Notice:  Undefined index: email2 in C:\\MES\\MES\\home_htdocs\\semi.localhost\\public_html\\mem_modify_form.html on line 96, referer: http://semi.localhost/index.html
[Wed Aug 16 16:37:00.266786 2023] [php7:notice] [pid 5284:tid 1156] [client ::1:61750] PHP Notice:  Undefined index: $userid in C:\\MES\\MES\\home_htdocs\\semi.localhost\\public_html\\mem_modify_form.html on line 18, referer: http://semi.localhost/index.html
[Wed Aug 16 16:37:00.267786 2023] [php7:notice] [pid 5284:tid 1156] [client ::1:61750] PHP Notice:  Undefined index: u_id in C:\\MES\\MES\\home_htdocs\\semi.localhost\\public_html\\mem_modify_form.html on line 90, referer: http://semi.localhost/index.html
[Wed Aug 16 16:37:00.267786 2023] [php7:notice] [pid 5284:tid 1156] [client ::1:61750] PHP Notice:  Undefined index: u_pass in C:\\MES\\MES\\home_htdocs\\semi.localhost\\public_html\\mem_modify_form.html on line 91, referer: http://semi.localhost/index.html
[Wed Aug 16 16:37:00.267786 2023] [php7:notice] [pid 5284:tid 1156] [client ::1:61750] PHP Notice:  Undefined index: u_name in C:\\MES\\MES\\home_htdocs\\semi.localhost\\public_html\\mem_modify_form.html on line 92, referer: http://semi.localhost/index.html
[Wed Aug 16 16:37:00.267786 2023] [php7:notice] [pid 5284:tid 1156] [client ::1:61750] PHP Notice:  Undefined index: email1 in C:\\MES\\MES\\home_htdocs\\semi.localhost\\public_html\\mem_modify_form.html on line 93, referer: http://semi.localhost/index.html
[Wed Aug 16 16:37:00.267786 2023] [php7:notice] [pid 5284:tid 1156] [client ::1:61750] PHP Notice:  Undefined index: email2 in C:\\MES\\MES\\home_htdocs\\semi.localhost\\public_html\\mem_modify_form.html on line 94, referer: http://semi.localhost/index.html
[Wed Aug 16 16:42:13.062231 2023] [php7:notice] [pid 5284:tid 1152] [client ::1:61929] PHP Notice:  Undefined index: $userid in C:\\MES\\MES\\home_htdocs\\semi.localhost\\public_html\\mem_modify_form.html on line 17, referer: http://semi.localhost/index.html
[Wed Aug 16 16:42:14.287466 2023] [php7:notice] [pid 5284:tid 1152] [client ::1:61929] PHP Notice:  Undefined index: $userid in C:\\MES\\MES\\home_htdocs\\semi.localhost\\public_html\\mem_modify_form.html on line 17, referer: http://semi.localhost/index.html
[Wed Aug 16 16:42:14.677002 2023] [php7:notice] [pid 5284:tid 1152] [client ::1:61929] PHP Notice:  Undefined index: $userid in C:\\MES\\MES\\home_htdocs\\semi.localhost\\public_html\\mem_modify_form.html on line 17, referer: http://semi.localhost/index.html
[Wed Aug 16 16:42:14.862170 2023] [php7:notice] [pid 5284:tid 1152] [client ::1:61929] PHP Notice:  Undefined index: $userid in C:\\MES\\MES\\home_htdocs\\semi.localhost\\public_html\\mem_modify_form.html on line 17, referer: http://semi.localhost/index.html
[Wed Aug 16 16:42:32.575486 2023] [php7:notice] [pid 5284:tid 1156] [client ::1:61930] PHP Notice:  Undefined index: $userid in C:\\MES\\MES\\home_htdocs\\semi.localhost\\public_html\\mem_modify_form.html on line 17, referer: http://semi.localhost/index.html
[Wed Aug 16 16:42:33.329021 2023] [php7:notice] [pid 5284:tid 1156] [client ::1:61930] PHP Notice:  Undefined index: $userid in C:\\MES\\MES\\home_htdocs\\semi.localhost\\public_html\\mem_modify_form.html on line 17, referer: http://semi.localhost/index.html
[Wed Aug 16 16:42:33.498430 2023] [php7:notice] [pid 5284:tid 1156] [client ::1:61930] PHP Notice:  Undefined index: $userid in C:\\MES\\MES\\home_htdocs\\semi.localhost\\public_html\\mem_modify_form.html on line 17, referer: http://semi.localhost/index.html
[Wed Aug 16 16:42:46.378659 2023] [php7:notice] [pid 5284:tid 1152] [client ::1:61949] PHP Notice:  Undefined index: $userid in C:\\MES\\MES\\home_htdocs\\semi.localhost\\public_html\\mem_modify_form.html on line 17, referer: http://semi.localhost/index.html
[Wed Aug 16 16:42:47.270335 2023] [php7:notice] [pid 5284:tid 1152] [client ::1:61949] PHP Notice:  Undefined index: $userid in C:\\MES\\MES\\home_htdocs\\semi.localhost\\public_html\\mem_modify_form.html on line 17, referer: http://semi.localhost/index.html
[Wed Aug 16 16:42:47.441077 2023] [php7:notice] [pid 5284:tid 1152] [client ::1:61949] PHP Notice:  Undefined index: $userid in C:\\MES\\MES\\home_htdocs\\semi.localhost\\public_html\\mem_modify_form.html on line 17, referer: http://semi.localhost/index.html
[Wed Aug 16 16:42:47.581300 2023] [php7:notice] [pid 5284:tid 1152] [client ::1:61949] PHP Notice:  Undefined index: $userid in C:\\MES\\MES\\home_htdocs\\semi.localhost\\public_html\\mem_modify_form.html on line 17, referer: http://semi.localhost/index.html
[Wed Aug 16 16:42:58.307548 2023] [php7:notice] [pid 5284:tid 1156] [client ::1:61958] PHP Notice:  Undefined index: $userid in C:\\MES\\MES\\home_htdocs\\semi.localhost\\public_html\\mem_modify_form.html on line 17, referer: http://semi.localhost/index.html
[Wed Aug 16 16:43:05.360291 2023] [php7:notice] [pid 5284:tid 1152] [client ::1:61967] PHP Notice:  session_start(): A session had already been started - ignoring in C:\\MES\\MES\\home_htdocs\\semi.localhost\\public_html\\mem_modify_form.html on line 15, referer: http://semi.localhost/index.html
[Wed Aug 16 16:43:05.361248 2023] [php7:notice] [pid 5284:tid 1152] [client ::1:61967] PHP Notice:  Undefined index: $userid in C:\\MES\\MES\\home_htdocs\\semi.localhost\\public_html\\mem_modify_form.html on line 17, referer: http://semi.localhost/index.html
[Wed Aug 16 16:43:08.068513 2023] [php7:notice] [pid 5284:tid 1152] [client ::1:61967] PHP Notice:  session_start(): A session had already been started - ignoring in C:\\MES\\MES\\home_htdocs\\semi.localhost\\public_html\\mem_modify_form.html on line 15, referer: http://semi.localhost/index.html
[Wed Aug 16 16:43:08.069511 2023] [php7:notice] [pid 5284:tid 1152] [client ::1:61967] PHP Notice:  Undefined index: $userid in C:\\MES\\MES\\home_htdocs\\semi.localhost\\public_html\\mem_modify_form.html on line 17, referer: http://semi.localhost/index.html
[Wed Aug 16 16:43:10.689588 2023] [php7:notice] [pid 5284:tid 1152] [client ::1:61967] PHP Notice:  Undefined index: $userid in C:\\MES\\MES\\home_htdocs\\semi.localhost\\public_html\\mem_modify_form.html on line 16, referer: http://semi.localhost/index.html
[Wed Aug 16 16:44:37.906992 2023] [php7:notice] [pid 5284:tid 1156] [client ::1:62016] PHP Notice:  Undefined index: $userid in C:\\MES\\MES\\home_htdocs\\semi.localhost\\public_html\\mem_modify_form.html on line 16, referer: http://semi.localhost/index.html
[Wed Aug 16 16:44:54.559209 2023] [php7:notice] [pid 5284:tid 1152] [client ::1:62017] PHP Notice:  Undefined index: $userid in C:\\MES\\MES\\home_htdocs\\semi.localhost\\public_html\\mem_modify_form.html on line 16, referer: http://semi.localhost/index.html
[Wed Aug 16 16:44:55.353524 2023] [php7:notice] [pid 5284:tid 1152] [client ::1:62017] PHP Notice:  Undefined index: $userid in C:\\MES\\MES\\home_htdocs\\semi.localhost\\public_html\\mem_modify_form.html on line 16, referer: http://semi.localhost/index.html
[Wed Aug 16 16:45:10.403256 2023] [php7:notice] [pid 5284:tid 1156] [client ::1:62023] PHP Notice:  Undefined index: $userid in C:\\MES\\MES\\home_htdocs\\semi.localhost\\public_html\\mem_modify_form.html on line 16, referer: http://semi.localhost/index.html
[Wed Aug 16 16:45:10.894804 2023] [php7:notice] [pid 5284:tid 1156] [client ::1:62023] PHP Notice:  Undefined index: $userid in C:\\MES\\MES\\home_htdocs\\semi.localhost\\public_html\\mem_modify_form.html on line 16, referer: http://semi.localhost/index.html
[Wed Aug 16 16:45:11.035245 2023] [php7:notice] [pid 5284:tid 1156] [client ::1:62023] PHP Notice:  Undefined index: $userid in C:\\MES\\MES\\home_htdocs\\semi.localhost\\public_html\\mem_modify_form.html on line 16, referer: http://semi.localhost/index.html
[Wed Aug 16 16:45:11.206468 2023] [php7:notice] [pid 5284:tid 1156] [client ::1:62023] PHP Notice:  Undefined index: $userid in C:\\MES\\MES\\home_htdocs\\semi.localhost\\public_html\\mem_modify_form.html on line 16, referer: http://semi.localhost/index.html
[Wed Aug 16 16:45:11.347324 2023] [php7:notice] [pid 5284:tid 1156] [client ::1:62023] PHP Notice:  Undefined index: $userid in C:\\MES\\MES\\home_htdocs\\semi.localhost\\public_html\\mem_modify_form.html on line 16, referer: http://semi.localhost/index.html
[Wed Aug 16 16:45:41.166080 2023] [php7:notice] [pid 5284:tid 1152] [client ::1:62035] PHP Notice:  session_start(): A session had already been started - ignoring in C:\\MES\\MES\\home_htdocs\\semi.localhost\\public_html\\mem_modify_form.html on line 16, referer: http://semi.localhost/index.html
[Wed Aug 16 16:45:41.166080 2023] [php7:notice] [pid 5284:tid 1152] [client ::1:62035] PHP Notice:  Undefined index: $userid in C:\\MES\\MES\\home_htdocs\\semi.localhost\\public_html\\mem_modify_form.html on line 17, referer: http://semi.localhost/index.html
[Wed Aug 16 16:45:50.495038 2023] [php7:notice] [pid 5284:tid 1156] [client ::1:62054] PHP Notice:  Undefined index: $userid in C:\\MES\\MES\\home_htdocs\\semi.localhost\\public_html\\mem_modify_form.html on line 16, referer: http://semi.localhost/index.html
[Wed Aug 16 16:46:30.942451 2023] [php7:notice] [pid 5284:tid 1152] [client ::1:62059] PHP Notice:  Undefined index: $userid in C:\\MES\\MES\\home_htdocs\\semi.localhost\\public_html\\mem_modify_form.html on line 17, referer: http://semi.localhost/index.html
[Wed Aug 16 16:46:31.504409 2023] [php7:notice] [pid 5284:tid 1152] [client ::1:62059] PHP Notice:  Undefined index: $userid in C:\\MES\\MES\\home_htdocs\\semi.localhost\\public_html\\mem_modify_form.html on line 17, referer: http://semi.localhost/index.html
[Wed Aug 16 16:46:31.645453 2023] [php7:notice] [pid 5284:tid 1152] [client ::1:62059] PHP Notice:  Undefined index: $userid in C:\\MES\\MES\\home_htdocs\\semi.localhost\\public_html\\mem_modify_form.html on line 17, referer: http://semi.localhost/index.html
[Wed Aug 16 16:46:58.201780 2023] [php7:notice] [pid 5284:tid 1156] [client ::1:62079] PHP Notice:  Undefined index: $userid in C:\\MES\\MES\\home_htdocs\\semi.localhost\\public_html\\mem_modify_form.html on line 17, referer: http://semi.localhost/index.html
[Wed Aug 16 16:47:08.228523 2023] [php7:notice] [pid 5284:tid 1156] [client ::1:62079] PHP Notice:  Undefined index: $userid in C:\\MES\\MES\\home_htdocs\\semi.localhost\\public_html\\mem_modify_form.html on line 17, referer: http://semi.localhost/index.html
[Wed Aug 16 16:47:43.077279 2023] [php7:notice] [pid 5284:tid 1152] [client ::1:62092] PHP Notice:  Undefined index: $userid in C:\\MES\\MES\\home_htdocs\\semi.localhost\\public_html\\mem_modify_form.html on line 18, referer: http://semi.localhost/index.html
[Wed Aug 16 16:47:43.544608 2023] [php7:notice] [pid 5284:tid 1152] [client ::1:62092] PHP Notice:  Undefined index: $userid in C:\\MES\\MES\\home_htdocs\\semi.localhost\\public_html\\mem_modify_form.html on line 18, referer: http://semi.localhost/index.html
[Wed Aug 16 16:47:43.685286 2023] [php7:notice] [pid 5284:tid 1152] [client ::1:62092] PHP Notice:  Undefined index: $userid in C:\\MES\\MES\\home_htdocs\\semi.localhost\\public_html\\mem_modify_form.html on line 18, referer: http://semi.localhost/index.html
[Wed Aug 16 16:47:43.856860 2023] [php7:notice] [pid 5284:tid 1152] [client ::1:62092] PHP Notice:  Undefined index: $userid in C:\\MES\\MES\\home_htdocs\\semi.localhost\\public_html\\mem_modify_form.html on line 18, referer: http://semi.localhost/index.html
[Wed Aug 16 16:47:44.012601 2023] [php7:notice] [pid 5284:tid 1152] [client ::1:62092] PHP Notice:  Undefined index: $userid in C:\\MES\\MES\\home_htdocs\\semi.localhost\\public_html\\mem_modify_form.html on line 18, referer: http://semi.localhost/index.html
[Wed Aug 16 16:47:44.167354 2023] [php7:notice] [pid 5284:tid 1152] [client ::1:62092] PHP Notice:  Undefined index: $userid in C:\\MES\\MES\\home_htdocs\\semi.localhost\\public_html\\mem_modify_form.html on line 18, referer: http://semi.localhost/index.html
[Wed Aug 16 16:47:44.303124 2023] [php7:notice] [pid 5284:tid 1152] [client ::1:62092] PHP Notice:  Undefined index: $userid in C:\\MES\\MES\\home_htdocs\\semi.localhost\\public_html\\mem_modify_form.html on line 18, referer: http://semi.localhost/index.html
[Wed Aug 16 16:47:44.478304 2023] [php7:notice] [pid 5284:tid 1152] [client ::1:62092] PHP Notice:  Undefined index: $userid in C:\\MES\\MES\\home_htdocs\\semi.localhost\\public_html\\mem_modify_form.html on line 18, referer: http://semi.localhost/index.html
[Wed Aug 16 16:47:44.603482 2023] [php7:notice] [pid 5284:tid 1152] [client ::1:62092] PHP Notice:  Undefined index: $userid in C:\\MES\\MES\\home_htdocs\\semi.localhost\\public_html\\mem_modify_form.html on line 18, referer: http://semi.localhost/index.html
[Wed Aug 16 16:47:44.743508 2023] [php7:notice] [pid 5284:tid 1152] [client ::1:62092] PHP Notice:  Undefined index: $userid in C:\\MES\\MES\\home_htdocs\\semi.localhost\\public_html\\mem_modify_form.html on line 18, referer: http://semi.localhost/index.html
[Wed Aug 16 17:35:35.748196 2023] [php7:warn] [pid 5284:tid 1156] [client ::1:63690] PHP Warning:  include(header.html): failed to open stream: No such file or directory in C:\\MES\\MES\\home_htdocs\\semi.localhost\\public_html\\bd_list.html on line 11, referer: http://semi.localhost/index.html
[Wed Aug 16 17:35:35.748196 2023] [php7:warn] [pid 5284:tid 1156] [client ::1:63690] PHP Warning:  include(): Failed opening 'header.html' for inclusion (include_path='.;C:\\php\\pear') in C:\\MES\\MES\\home_htdocs\\semi.localhost\\public_html\\bd_list.html on line 11, referer: http://semi.localhost/index.html
[Wed Aug 16 17:36:41.412391 2023] [php7:warn] [pid 5284:tid 1156] [client ::1:63714] PHP Warning:  include(header.html): failed to open stream: No such file or directory in C:\\MES\\MES\\home_htdocs\\semi.localhost\\public_html\\bd_form.html on line 11, referer: http://semi.localhost/bd_list.html
[Wed Aug 16 17:36:41.412391 2023] [php7:warn] [pid 5284:tid 1156] [client ::1:63714] PHP Warning:  include(): Failed opening 'header.html' for inclusion (include_path='.;C:\\php\\pear') in C:\\MES\\MES\\home_htdocs\\semi.localhost\\public_html\\bd_form.html on line 11, referer: http://semi.localhost/bd_list.html
[Wed Aug 16 17:47:55.876839 2023] [php7:notice] [pid 5284:tid 1156] [client ::1:64033] PHP Notice:  Undefined index: username in C:\\MES\\MES\\home_htdocs\\semi.localhost\\public_html\\bd_insert.html on line 15, referer: http://semi.localhost/bd_form.html
[Wed Aug 16 17:47:55.876839 2023] [php7:notice] [pid 5284:tid 1156] [client ::1:64033] PHP Notice:  Undefined index: u_pass in C:\\MES\\MES\\home_htdocs\\semi.localhost\\public_html\\bd_insert.html on line 16, referer: http://semi.localhost/bd_form.html
[Wed Aug 16 17:47:55.876839 2023] [php7:notice] [pid 5284:tid 1156] [client ::1:64033] PHP Notice:  Undefined index: u_name in C:\\MES\\MES\\home_htdocs\\semi.localhost\\public_html\\bd_insert.html on line 17, referer: http://semi.localhost/bd_form.html
[Wed Aug 16 17:48:52.741038 2023] [php7:notice] [pid 5284:tid 1152] [client ::1:64057] PHP Notice:  Undefined index: $subject in C:\\MES\\MES\\home_htdocs\\semi.localhost\\public_html\\bd_insert.html on line 16, referer: http://semi.localhost/bd_form.html
[Wed Aug 16 17:48:52.741038 2023] [php7:notice] [pid 5284:tid 1152] [client ::1:64057] PHP Notice:  Undefined index: $content in C:\\MES\\MES\\home_htdocs\\semi.localhost\\public_html\\bd_insert.html on line 17, referer: http://semi.localhost/bd_form.html
